---------------------------------------------------------------
[2019-06-11T09:51:49+08:00] 127.0.0.1 GET www.enterweb.com/
[运行时间：0.632036s] [吞吐率：1.58req/s] [内存消耗：4,106.60kb] [文件加载：76]
[ info ] [ LANG ] D:\wamp64\www\enterweb\thinkphp\lang\zh-cn.php
[ info ] [ ROUTE ] array (
)
[ info ] [ HEADER ] array (
  'host' => 'www.enterweb.com',
  'connection' => 'keep-alive',
  'upgrade-insecure-requests' => '1',
  'user-agent' => 'Mozilla/5.0 (Windows NT 6.1; Win64; x64) AppleWebKit/537.36 (KHTML, like Gecko) Chrome/75.0.3770.80 Safari/537.36',
  'accept' => 'text/html,application/xhtml+xml,application/xml;q=0.9,image/webp,image/apng,*/*;q=0.8,application/signed-exchange;v=b3',
  'accept-encoding' => 'gzip, deflate',
  'accept-language' => 'zh-CN,zh;q=0.9,en;q=0.8',
  'cookie' => 'pgv_pvi=3287991296; Hm_lvt_b393d153aeb26b46e9431fabaf0f6190=1556955667,1556958658,1557021028,1557134625',
)
[ info ] [ PARAM ] array (
)
[ info ] [ DB ] INIT mysql
[ info ] [ VIEW ] D:\wamp64\www\enterweb\application\index\view\index\index.html [ array (
  0 => 'carousel',
) ]
[ sql ] [ DB ] CONNECT:[ UseTime:0.052003s ] mysql:host=127.0.0.1;dbname=enterweb;charset=utf8
[ sql ] [ SQL ] SHOW COLUMNS FROM `carousel` [ RunTime:0.051003s ]
[ sql ] [ SQL ] SELECT * FROM `carousel` ORDER BY `id` ASC [ RunTime:0.009000s ]
---------------------------------------------------------------
[2019-06-11T09:52:03+08:00] 127.0.0.1 GET www.enterweb.com/index/index/contact.html
[运行时间：0.046002s] [吞吐率：21.74req/s] [内存消耗：2,271.12kb] [文件加载：62]
[ info ] [ LANG ] D:\wamp64\www\enterweb\thinkphp\lang\zh-cn.php
[ info ] [ ROUTE ] array (
)
[ info ] [ HEADER ] array (
  'host' => 'www.enterweb.com',
  'connection' => 'keep-alive',
  'upgrade-insecure-requests' => '1',
  'user-agent' => 'Mozilla/5.0 (Windows NT 6.1; Win64; x64) AppleWebKit/537.36 (KHTML, like Gecko) Chrome/75.0.3770.80 Safari/537.36',
  'accept' => 'text/html,application/xhtml+xml,application/xml;q=0.9,image/webp,image/apng,*/*;q=0.8,application/signed-exchange;v=b3',
  'referer' => 'http://www.enterweb.com/',
  'accept-encoding' => 'gzip, deflate',
  'accept-language' => 'zh-CN,zh;q=0.9,en;q=0.8',
  'cookie' => 'pgv_pvi=3287991296; Hm_lvt_b393d153aeb26b46e9431fabaf0f6190=1556955667,1556958658,1557021028,1557134625',
)
[ info ] [ PARAM ] array (
)
[ info ] [ VIEW ] D:\wamp64\www\enterweb\application\index\view\index\contact.html [ array (
) ]
---------------------------------------------------------------
[2019-06-11T09:52:13+08:00] 127.0.0.1 GET www.enterweb.com/admins.php
[运行时间：0.061004s] [吞吐率：16.39req/s] [内存消耗：1,593.98kb] [文件加载：50]
[ info ] [ LANG ] D:\wamp64\www\enterweb\thinkphp\lang\zh-cn.php
---------------------------------------------------------------
[2019-06-11T09:52:17+08:00] 127.0.0.1 GET www.enterweb.com/admin.php
[运行时间：0.070004s] [吞吐率：14.28req/s] [内存消耗：2,285.91kb] [文件加载：65]
[ info ] [ LANG ] D:\wamp64\www\enterweb\thinkphp\lang\zh-cn.php
[ info ] [ BIND ] 'admin'
[ info ] [ ROUTE ] array (
)
[ info ] [ HEADER ] array (
  'host' => 'www.enterweb.com',
  'connection' => 'keep-alive',
  'upgrade-insecure-requests' => '1',
  'user-agent' => 'Mozilla/5.0 (Windows NT 6.1; Win64; x64) AppleWebKit/537.36 (KHTML, like Gecko) Chrome/75.0.3770.80 Safari/537.36',
  'accept' => 'text/html,application/xhtml+xml,application/xml;q=0.9,image/webp,image/apng,*/*;q=0.8,application/signed-exchange;v=b3',
  'accept-encoding' => 'gzip, deflate',
  'accept-language' => 'zh-CN,zh;q=0.9,en;q=0.8',
  'cookie' => 'pgv_pvi=3287991296; Hm_lvt_b393d153aeb26b46e9431fabaf0f6190=1556955667,1556958658,1557021028,1557134625',
)
[ info ] [ PARAM ] array (
)
[ info ] [ VIEW ] D:\wamp64\www\enterweb\thinkphp\tpl/dispatch_jump.tpl [ array (
  0 => 'code',
  1 => 'msg',
  2 => 'data',
  3 => 'url',
  4 => 'wait',
) ]
---------------------------------------------------------------
[2019-06-11T09:52:20+08:00] 127.0.0.1 GET www.enterweb.com/admin.php/login/login.html
[运行时间：0.038002s] [吞吐率：26.31req/s] [内存消耗：2,269.03kb] [文件加载：62]
[ info ] [ LANG ] D:\wamp64\www\enterweb\thinkphp\lang\zh-cn.php
[ info ] [ BIND ] 'admin'
[ info ] [ ROUTE ] array (
)
[ info ] [ HEADER ] array (
  'host' => 'www.enterweb.com',
  'connection' => 'keep-alive',
  'upgrade-insecure-requests' => '1',
  'user-agent' => 'Mozilla/5.0 (Windows NT 6.1; Win64; x64) AppleWebKit/537.36 (KHTML, like Gecko) Chrome/75.0.3770.80 Safari/537.36',
  'accept' => 'text/html,application/xhtml+xml,application/xml;q=0.9,image/webp,image/apng,*/*;q=0.8,application/signed-exchange;v=b3',
  'referer' => 'http://www.enterweb.com/admin.php',
  'accept-encoding' => 'gzip, deflate',
  'accept-language' => 'zh-CN,zh;q=0.9,en;q=0.8',
  'cookie' => 'pgv_pvi=3287991296; Hm_lvt_b393d153aeb26b46e9431fabaf0f6190=1556955667,1556958658,1557021028,1557134625; PHPSESSID=rn82i8gkrvk55ci2rubo9gg01p',
)
[ info ] [ PARAM ] array (
)
[ info ] [ VIEW ] D:\wamp64\www\enterweb\application\admin\view\login\login.html [ array (
) ]
---------------------------------------------------------------
[2019-06-11T09:52:24+08:00] 127.0.0.1 POST www.enterweb.com/admin.php/login/dologin.html
[运行时间：0.121007s] [吞吐率：8.26req/s] [内存消耗：3,941.29kb] [文件加载：74]
[ info ] [ LANG ] D:\wamp64\www\enterweb\thinkphp\lang\zh-cn.php
[ info ] [ BIND ] 'admin'
[ info ] [ ROUTE ] array (
)
[ info ] [ HEADER ] array (
  'host' => 'www.enterweb.com',
  'connection' => 'keep-alive',
  'content-length' => '30',
  'accept' => 'application/json, text/javascript, */*; q=0.01',
  'origin' => 'http://www.enterweb.com',
  'x-requested-with' => 'XMLHttpRequest',
  'user-agent' => 'Mozilla/5.0 (Windows NT 6.1; Win64; x64) AppleWebKit/537.36 (KHTML, like Gecko) Chrome/75.0.3770.80 Safari/537.36',
  'content-type' => 'application/x-www-form-urlencoded; charset=UTF-8',
  'referer' => 'http://www.enterweb.com/admin.php/login/login.html',
  'accept-encoding' => 'gzip, deflate',
  'accept-language' => 'zh-CN,zh;q=0.9,en;q=0.8',
  'cookie' => 'pgv_pvi=3287991296; Hm_lvt_b393d153aeb26b46e9431fabaf0f6190=1556955667,1556958658,1557021028,1557134625; PHPSESSID=rn82i8gkrvk55ci2rubo9gg01p',
)
[ info ] [ PARAM ] array (
  'username' => 'admin',
  'password' => '123456',
)
[ info ] [ DB ] INIT mysql
[ sql ] [ DB ] CONNECT:[ UseTime:0.010000s ] mysql:host=127.0.0.1;dbname=enterweb;charset=utf8
[ sql ] [ SQL ] SHOW COLUMNS FROM `user` [ RunTime:0.035002s ]
[ sql ] [ SQL ] SELECT * FROM `user` WHERE  `username` = 'admin' LIMIT 1 [ RunTime:0.011001s ]
---------------------------------------------------------------
[2019-06-11T09:52:26+08:00] 127.0.0.1 GET www.enterweb.com/admin.php/index/index.html
[运行时间：0.050003s] [吞吐率：20.00req/s] [内存消耗：2,273.11kb] [文件加载：64]
[ info ] [ LANG ] D:\wamp64\www\enterweb\thinkphp\lang\zh-cn.php
[ info ] [ BIND ] 'admin'
[ info ] [ ROUTE ] array (
)
[ info ] [ HEADER ] array (
  'host' => 'www.enterweb.com',
  'connection' => 'keep-alive',
  'upgrade-insecure-requests' => '1',
  'user-agent' => 'Mozilla/5.0 (Windows NT 6.1; Win64; x64) AppleWebKit/537.36 (KHTML, like Gecko) Chrome/75.0.3770.80 Safari/537.36',
  'accept' => 'text/html,application/xhtml+xml,application/xml;q=0.9,image/webp,image/apng,*/*;q=0.8,application/signed-exchange;v=b3',
  'referer' => 'http://www.enterweb.com/admin.php/login/login.html',
  'accept-encoding' => 'gzip, deflate',
  'accept-language' => 'zh-CN,zh;q=0.9,en;q=0.8',
  'cookie' => 'pgv_pvi=3287991296; Hm_lvt_b393d153aeb26b46e9431fabaf0f6190=1556955667,1556958658,1557021028,1557134625; PHPSESSID=rn82i8gkrvk55ci2rubo9gg01p',
)
[ info ] [ PARAM ] array (
)
[ info ] [ VIEW ] D:\wamp64\www\enterweb\application\admin\view\index\index.html [ array (
  0 => 'username',
) ]
---------------------------------------------------------------
[2019-06-11T09:52:26+08:00] 127.0.0.1 GET www.enterweb.com/admin.php/index/welcome.html
[运行时间：0.043002s] [吞吐率：23.25req/s] [内存消耗：2,191.21kb] [文件加载：62]
[ info ] [ LANG ] D:\wamp64\www\enterweb\thinkphp\lang\zh-cn.php
[ info ] [ BIND ] 'admin'
[ info ] [ ROUTE ] array (
)
[ info ] [ HEADER ] array (
  'host' => 'www.enterweb.com',
  'connection' => 'keep-alive',
  'upgrade-insecure-requests' => '1',
  'user-agent' => 'Mozilla/5.0 (Windows NT 6.1; Win64; x64) AppleWebKit/537.36 (KHTML, like Gecko) Chrome/75.0.3770.80 Safari/537.36',
  'accept' => 'text/html,application/xhtml+xml,application/xml;q=0.9,image/webp,image/apng,*/*;q=0.8,application/signed-exchange;v=b3',
  'referer' => 'http://www.enterweb.com/admin.php/index/index.html',
  'accept-encoding' => 'gzip, deflate',
  'accept-language' => 'zh-CN,zh;q=0.9,en;q=0.8',
  'cookie' => 'pgv_pvi=3287991296; Hm_lvt_b393d153aeb26b46e9431fabaf0f6190=1556955667,1556958658,1557021028,1557134625; PHPSESSID=rn82i8gkrvk55ci2rubo9gg01p',
)
[ info ] [ PARAM ] array (
)
[ info ] [ VIEW ] D:\wamp64\www\enterweb\application\admin\view\index\welcome.html [ array (
) ]
---------------------------------------------------------------
[2019-06-11T09:55:04+08:00] 127.0.0.1 GET www.enterweb.com/admin.php/system/contact.html
[运行时间：0.114006s] [吞吐率：8.77req/s] [内存消耗：4,191.39kb] [文件加载：80]
[ info ] [ LANG ] D:\wamp64\www\enterweb\thinkphp\lang\zh-cn.php
[ info ] [ BIND ] 'admin'
[ info ] [ ROUTE ] array (
)
[ info ] [ HEADER ] array (
  'host' => 'www.enterweb.com',
  'connection' => 'keep-alive',
  'upgrade-insecure-requests' => '1',
  'user-agent' => 'Mozilla/5.0 (Windows NT 6.1; Win64; x64) AppleWebKit/537.36 (KHTML, like Gecko) Chrome/75.0.3770.80 Safari/537.36',
  'accept' => 'text/html,application/xhtml+xml,application/xml;q=0.9,image/webp,image/apng,*/*;q=0.8,application/signed-exchange;v=b3',
  'referer' => 'http://www.enterweb.com/admin.php/index/index.html',
  'accept-encoding' => 'gzip, deflate',
  'accept-language' => 'zh-CN,zh;q=0.9,en;q=0.8',
  'cookie' => 'pgv_pvi=3287991296; Hm_lvt_b393d153aeb26b46e9431fabaf0f6190=1556955667,1556958658,1557021028,1557134625; PHPSESSID=rn82i8gkrvk55ci2rubo9gg01p',
)
[ info ] [ PARAM ] array (
)
[ info ] [ DB ] INIT mysql
[ info ] [ VIEW ] D:\wamp64\www\enterweb\application\admin\view\system\contact.html [ array (
  0 => 'cardata',
  1 => 'carpage',
) ]
[ sql ] [ DB ] CONNECT:[ UseTime:0.001000s ] mysql:host=127.0.0.1;dbname=enterweb;charset=utf8
[ sql ] [ SQL ] SHOW COLUMNS FROM `contact` [ RunTime:0.024002s ]
[ sql ] [ SQL ] SELECT COUNT(*) AS tp_count FROM `contact` [ RunTime:0.001000s ]
[ sql ] [ SQL ] SELECT * FROM `contact` ORDER BY `id` ASC LIMIT 0,8 [ RunTime:0.001000s ]
---------------------------------------------------------------
[2019-06-11T10:12:59+08:00] 127.0.0.1 GET www.enterweb.com/
[运行时间：0.047003s] [吞吐率：21.28req/s] [内存消耗：4,107.34kb] [文件加载：76]
[ info ] [ LANG ] D:\wamp64\www\enterweb\thinkphp\lang\zh-cn.php
[ info ] [ ROUTE ] array (
)
[ info ] [ HEADER ] array (
  'host' => 'www.enterweb.com',
  'connection' => 'keep-alive',
  'upgrade-insecure-requests' => '1',
  'user-agent' => 'Mozilla/5.0 (Windows NT 6.1; Win64; x64) AppleWebKit/537.36 (KHTML, like Gecko) Chrome/75.0.3770.80 Safari/537.36',
  'accept' => 'text/html,application/xhtml+xml,application/xml;q=0.9,image/webp,image/apng,*/*;q=0.8,application/signed-exchange;v=b3',
  'referer' => 'http://www.enterweb.com/admin.php/index/index.html',
  'accept-encoding' => 'gzip, deflate',
  'accept-language' => 'zh-CN,zh;q=0.9,en;q=0.8',
  'cookie' => 'pgv_pvi=3287991296; Hm_lvt_b393d153aeb26b46e9431fabaf0f6190=1556955667,1556958658,1557021028,1557134625; PHPSESSID=rn82i8gkrvk55ci2rubo9gg01p',
)
[ info ] [ PARAM ] array (
)
[ info ] [ DB ] INIT mysql
[ info ] [ VIEW ] D:\wamp64\www\enterweb\application\index\view\index\index.html [ array (
  0 => 'carousel',
) ]
[ sql ] [ DB ] CONNECT:[ UseTime:0.002000s ] mysql:host=127.0.0.1;dbname=enterweb;charset=utf8
[ sql ] [ SQL ] SHOW COLUMNS FROM `carousel` [ RunTime:0.001000s ]
[ sql ] [ SQL ] SELECT * FROM `carousel` ORDER BY `id` ASC [ RunTime:0.001000s ]
---------------------------------------------------------------
[2019-06-11T10:13:00+08:00] 127.0.0.1 GET www.enterweb.com/index/index/contact.html
[运行时间：0.026002s] [吞吐率：38.46req/s] [内存消耗：2,271.18kb] [文件加载：62]
[ info ] [ LANG ] D:\wamp64\www\enterweb\thinkphp\lang\zh-cn.php
[ info ] [ ROUTE ] array (
)
[ info ] [ HEADER ] array (
  'host' => 'www.enterweb.com',
  'connection' => 'keep-alive',
  'upgrade-insecure-requests' => '1',
  'user-agent' => 'Mozilla/5.0 (Windows NT 6.1; Win64; x64) AppleWebKit/537.36 (KHTML, like Gecko) Chrome/75.0.3770.80 Safari/537.36',
  'accept' => 'text/html,application/xhtml+xml,application/xml;q=0.9,image/webp,image/apng,*/*;q=0.8,application/signed-exchange;v=b3',
  'referer' => 'http://www.enterweb.com/',
  'accept-encoding' => 'gzip, deflate',
  'accept-language' => 'zh-CN,zh;q=0.9,en;q=0.8',
  'cookie' => 'pgv_pvi=3287991296; Hm_lvt_b393d153aeb26b46e9431fabaf0f6190=1556955667,1556958658,1557021028,1557134625; PHPSESSID=rn82i8gkrvk55ci2rubo9gg01p',
)
[ info ] [ PARAM ] array (
)
[ info ] [ VIEW ] D:\wamp64\www\enterweb\application\index\view\index\contact.html [ array (
) ]
---------------------------------------------------------------
[2019-06-11T10:13:22+08:00] 127.0.0.1 POST www.enterweb.com/index/index/addcontact.html
[运行时间：0.045003s] [吞吐率：22.22req/s] [内存消耗：3,905.38kb] [文件加载：73]
[ info ] [ LANG ] D:\wamp64\www\enterweb\thinkphp\lang\zh-cn.php
[ info ] [ ROUTE ] array (
)
[ info ] [ HEADER ] array (
  'host' => 'www.enterweb.com',
  'connection' => 'keep-alive',
  'content-length' => '61',
  'accept' => 'application/json, text/javascript, */*; q=0.01',
  'origin' => 'http://www.enterweb.com',
  'x-requested-with' => 'XMLHttpRequest',
  'user-agent' => 'Mozilla/5.0 (Windows NT 6.1; Win64; x64) AppleWebKit/537.36 (KHTML, like Gecko) Chrome/75.0.3770.80 Safari/537.36',
  'content-type' => 'application/x-www-form-urlencoded; charset=UTF-8',
  'referer' => 'http://www.enterweb.com/index/index/contact.html',
  'accept-encoding' => 'gzip, deflate',
  'accept-language' => 'zh-CN,zh;q=0.9,en;q=0.8',
  'cookie' => 'pgv_pvi=3287991296; Hm_lvt_b393d153aeb26b46e9431fabaf0f6190=1556955667,1556958658,1557021028,1557134625; PHPSESSID=rn82i8gkrvk55ci2rubo9gg01p',
)
[ info ] [ PARAM ] array (
  'name' => 'github',
  'email' => 'github@github.com',
  'need' => 'github',
  'desc' => 'github',
)
[ info ] [ DB ] INIT mysql
[ sql ] [ DB ] CONNECT:[ UseTime:0.001000s ] mysql:host=127.0.0.1;dbname=enterweb;charset=utf8
[ sql ] [ SQL ] SHOW COLUMNS FROM `contact` [ RunTime:0.001000s ]
[ sql ] [ SQL ] SELECT * FROM `contact` WHERE  `email` = 'github@github.com' LIMIT 1 [ RunTime:0.000000s ]
[ sql ] [ SQL ] INSERT INTO `contact` (`name` , `email` , `need` , `desc` , `time` , `ip`) VALUES ('github' , 'github@github.com' , 'github' , 'github' , 1560219202 , 'customer') [ RunTime:0.001000s ]
---------------------------------------------------------------
[2019-06-11T10:13:29+08:00] 127.0.0.1 GET www.enterweb.com/index/index/contact.html
[运行时间：0.028002s] [吞吐率：35.71req/s] [内存消耗：2,271.41kb] [文件加载：62]
[ info ] [ LANG ] D:\wamp64\www\enterweb\thinkphp\lang\zh-cn.php
[ info ] [ ROUTE ] array (
)
[ info ] [ HEADER ] array (
  'host' => 'www.enterweb.com',
  'connection' => 'keep-alive',
  'cache-control' => 'max-age=0',
  'upgrade-insecure-requests' => '1',
  'user-agent' => 'Mozilla/5.0 (Windows NT 6.1; Win64; x64) AppleWebKit/537.36 (KHTML, like Gecko) Chrome/75.0.3770.80 Safari/537.36',
  'accept' => 'text/html,application/xhtml+xml,application/xml;q=0.9,image/webp,image/apng,*/*;q=0.8,application/signed-exchange;v=b3',
  'referer' => 'http://www.enterweb.com/index/index/contact.html',
  'accept-encoding' => 'gzip, deflate',
  'accept-language' => 'zh-CN,zh;q=0.9,en;q=0.8',
  'cookie' => 'pgv_pvi=3287991296; Hm_lvt_b393d153aeb26b46e9431fabaf0f6190=1556955667,1556958658,1557021028,1557134625; PHPSESSID=rn82i8gkrvk55ci2rubo9gg01p',
)
[ info ] [ PARAM ] array (
)
[ info ] [ VIEW ] D:\wamp64\www\enterweb\application\index\view\index\contact.html [ array (
) ]
---------------------------------------------------------------
[2019-06-11T10:13:36+08:00] 127.0.0.1 GET www.enterweb.com/index/index/index.html
[运行时间：0.041003s] [吞吐率：24.39req/s] [内存消耗：4,107.55kb] [文件加载：76]
[ info ] [ LANG ] D:\wamp64\www\enterweb\thinkphp\lang\zh-cn.php
[ info ] [ ROUTE ] array (
)
[ info ] [ HEADER ] array (
  'host' => 'www.enterweb.com',
  'connection' => 'keep-alive',
  'upgrade-insecure-requests' => '1',
  'user-agent' => 'Mozilla/5.0 (Windows NT 6.1; Win64; x64) AppleWebKit/537.36 (KHTML, like Gecko) Chrome/75.0.3770.80 Safari/537.36',
  'accept' => 'text/html,application/xhtml+xml,application/xml;q=0.9,image/webp,image/apng,*/*;q=0.8,application/signed-exchange;v=b3',
  'referer' => 'http://www.enterweb.com/index/index/contact.html',
  'accept-encoding' => 'gzip, deflate',
  'accept-language' => 'zh-CN,zh;q=0.9,en;q=0.8',
  'cookie' => 'pgv_pvi=3287991296; Hm_lvt_b393d153aeb26b46e9431fabaf0f6190=1556955667,1556958658,1557021028,1557134625; PHPSESSID=rn82i8gkrvk55ci2rubo9gg01p',
)
[ info ] [ PARAM ] array (
)
[ info ] [ DB ] INIT mysql
[ info ] [ VIEW ] D:\wamp64\www\enterweb\application\index\view\index\index.html [ array (
  0 => 'carousel',
) ]
[ sql ] [ DB ] CONNECT:[ UseTime:0.002000s ] mysql:host=127.0.0.1;dbname=enterweb;charset=utf8
[ sql ] [ SQL ] SHOW COLUMNS FROM `carousel` [ RunTime:0.002001s ]
[ sql ] [ SQL ] SELECT * FROM `carousel` ORDER BY `id` ASC [ RunTime:0.000000s ]
---------------------------------------------------------------
[2019-06-11T10:13:45+08:00] 127.0.0.1 GET www.enterweb.com/admin.php/index/index.html
[运行时间：0.026001s] [吞吐率：38.46req/s] [内存消耗：2,273.69kb] [文件加载：64]
[ info ] [ LANG ] D:\wamp64\www\enterweb\thinkphp\lang\zh-cn.php
[ info ] [ BIND ] 'admin'
[ info ] [ ROUTE ] array (
)
[ info ] [ HEADER ] array (
  'host' => 'www.enterweb.com',
  'connection' => 'keep-alive',
  'cache-control' => 'max-age=0',
  'upgrade-insecure-requests' => '1',
  'user-agent' => 'Mozilla/5.0 (Windows NT 6.1; Win64; x64) AppleWebKit/537.36 (KHTML, like Gecko) Chrome/75.0.3770.80 Safari/537.36',
  'accept' => 'text/html,application/xhtml+xml,application/xml;q=0.9,image/webp,image/apng,*/*;q=0.8,application/signed-exchange;v=b3',
  'referer' => 'http://www.enterweb.com/admin.php/login/login.html',
  'accept-encoding' => 'gzip, deflate',
  'accept-language' => 'zh-CN,zh;q=0.9,en;q=0.8',
  'cookie' => 'pgv_pvi=3287991296; Hm_lvt_b393d153aeb26b46e9431fabaf0f6190=1556955667,1556958658,1557021028,1557134625; PHPSESSID=rn82i8gkrvk55ci2rubo9gg01p',
)
[ info ] [ PARAM ] array (
)
[ info ] [ VIEW ] D:\wamp64\www\enterweb\application\admin\view\index\index.html [ array (
  0 => 'username',
) ]
---------------------------------------------------------------
[2019-06-11T10:13:45+08:00] 127.0.0.1 GET www.enterweb.com/admin.php/index/welcome.html
[运行时间：0.033002s] [吞吐率：30.30req/s] [内存消耗：2,191.21kb] [文件加载：62]
[ info ] [ LANG ] D:\wamp64\www\enterweb\thinkphp\lang\zh-cn.php
[ info ] [ BIND ] 'admin'
[ info ] [ ROUTE ] array (
)
[ info ] [ HEADER ] array (
  'host' => 'www.enterweb.com',
  'connection' => 'keep-alive',
  'upgrade-insecure-requests' => '1',
  'user-agent' => 'Mozilla/5.0 (Windows NT 6.1; Win64; x64) AppleWebKit/537.36 (KHTML, like Gecko) Chrome/75.0.3770.80 Safari/537.36',
  'accept' => 'text/html,application/xhtml+xml,application/xml;q=0.9,image/webp,image/apng,*/*;q=0.8,application/signed-exchange;v=b3',
  'referer' => 'http://www.enterweb.com/admin.php/index/index.html',
  'accept-encoding' => 'gzip, deflate',
  'accept-language' => 'zh-CN,zh;q=0.9,en;q=0.8',
  'cookie' => 'pgv_pvi=3287991296; Hm_lvt_b393d153aeb26b46e9431fabaf0f6190=1556955667,1556958658,1557021028,1557134625; PHPSESSID=rn82i8gkrvk55ci2rubo9gg01p',
)
[ info ] [ PARAM ] array (
)
[ info ] [ VIEW ] D:\wamp64\www\enterweb\application\admin\view\index\welcome.html [ array (
) ]
---------------------------------------------------------------
[2019-06-11T10:13:47+08:00] 127.0.0.1 GET www.enterweb.com/admin.php/system/contact.html
[运行时间：0.043002s] [吞吐率：23.25req/s] [内存消耗：4,193.98kb] [文件加载：80]
[ info ] [ LANG ] D:\wamp64\www\enterweb\thinkphp\lang\zh-cn.php
[ info ] [ BIND ] 'admin'
[ info ] [ ROUTE ] array (
)
[ info ] [ HEADER ] array (
  'host' => 'www.enterweb.com',
  'connection' => 'keep-alive',
  'upgrade-insecure-requests' => '1',
  'user-agent' => 'Mozilla/5.0 (Windows NT 6.1; Win64; x64) AppleWebKit/537.36 (KHTML, like Gecko) Chrome/75.0.3770.80 Safari/537.36',
  'accept' => 'text/html,application/xhtml+xml,application/xml;q=0.9,image/webp,image/apng,*/*;q=0.8,application/signed-exchange;v=b3',
  'referer' => 'http://www.enterweb.com/admin.php/index/index.html',
  'accept-encoding' => 'gzip, deflate',
  'accept-language' => 'zh-CN,zh;q=0.9,en;q=0.8',
  'cookie' => 'pgv_pvi=3287991296; Hm_lvt_b393d153aeb26b46e9431fabaf0f6190=1556955667,1556958658,1557021028,1557134625; PHPSESSID=rn82i8gkrvk55ci2rubo9gg01p',
)
[ info ] [ PARAM ] array (
)
[ info ] [ DB ] INIT mysql
[ info ] [ VIEW ] D:\wamp64\www\enterweb\application\admin\view\system\contact.html [ array (
  0 => 'cardata',
  1 => 'carpage',
) ]
[ sql ] [ DB ] CONNECT:[ UseTime:0.002000s ] mysql:host=127.0.0.1;dbname=enterweb;charset=utf8
[ sql ] [ SQL ] SHOW COLUMNS FROM `contact` [ RunTime:0.001000s ]
[ sql ] [ SQL ] SELECT COUNT(*) AS tp_count FROM `contact` [ RunTime:0.000000s ]
[ sql ] [ SQL ] SELECT * FROM `contact` ORDER BY `id` ASC LIMIT 0,8 [ RunTime:0.001000s ]
---------------------------------------------------------------
[2019-06-11T10:20:28+08:00] 127.0.0.1 GET www.enterweb.com/index/index/)
[运行时间：0.032002s] [吞吐率：31.25req/s] [内存消耗：2,243.93kb] [文件加载：63]
[ info ] [ LANG ] D:\wamp64\www\enterweb\thinkphp\lang\zh-cn.php
[ info ] [ ROUTE ] array (
)
[ info ] [ HEADER ] array (
  'host' => 'www.enterweb.com',
  'connection' => 'keep-alive',
  'upgrade-insecure-requests' => '1',
  'user-agent' => 'Mozilla/5.0 (Windows NT 6.1; Win64; x64) AppleWebKit/537.36 (KHTML, like Gecko) Chrome/75.0.3770.80 Safari/537.36',
  'accept' => 'text/html,application/xhtml+xml,application/xml;q=0.9,image/webp,image/apng,*/*;q=0.8,application/signed-exchange;v=b3',
  'referer' => 'http://www.enterweb.com/index/index/index.html',
  'accept-encoding' => 'gzip, deflate',
  'accept-language' => 'zh-CN,zh;q=0.9,en;q=0.8',
  'cookie' => 'pgv_pvi=3287991296; Hm_lvt_b393d153aeb26b46e9431fabaf0f6190=1556955667,1556958658,1557021028,1557134625; PHPSESSID=rn82i8gkrvk55ci2rubo9gg01p',
)
[ info ] [ PARAM ] array (
)
---------------------------------------------------------------
[2019-06-11T10:20:37+08:00] 127.0.0.1 GET www.enterweb.com/index/index/)
[运行时间：0.030002s] [吞吐率：33.33req/s] [内存消耗：2,243.93kb] [文件加载：63]
[ info ] [ LANG ] D:\wamp64\www\enterweb\thinkphp\lang\zh-cn.php
[ info ] [ ROUTE ] array (
)
[ info ] [ HEADER ] array (
  'host' => 'www.enterweb.com',
  'connection' => 'keep-alive',
  'upgrade-insecure-requests' => '1',
  'user-agent' => 'Mozilla/5.0 (Windows NT 6.1; Win64; x64) AppleWebKit/537.36 (KHTML, like Gecko) Chrome/75.0.3770.80 Safari/537.36',
  'accept' => 'text/html,application/xhtml+xml,application/xml;q=0.9,image/webp,image/apng,*/*;q=0.8,application/signed-exchange;v=b3',
  'referer' => 'http://www.enterweb.com/index/index/index.html',
  'accept-encoding' => 'gzip, deflate',
  'accept-language' => 'zh-CN,zh;q=0.9,en;q=0.8',
  'cookie' => 'pgv_pvi=3287991296; Hm_lvt_b393d153aeb26b46e9431fabaf0f6190=1556955667,1556958658,1557021028,1557134625; PHPSESSID=rn82i8gkrvk55ci2rubo9gg01p',
)
[ info ] [ PARAM ] array (
)
---------------------------------------------------------------
[2019-06-11T11:39:43+08:00] 127.0.0.1 GET www.enterweb.com/admin.php/index/index.html
[运行时间：0.033001s] [吞吐率：30.30req/s] [内存消耗：2,273.69kb] [文件加载：64]
[ info ] [ LANG ] D:\wamp64\www\enterweb\thinkphp\lang\zh-cn.php
[ info ] [ BIND ] 'admin'
[ info ] [ ROUTE ] array (
)
[ info ] [ HEADER ] array (
  'host' => 'www.enterweb.com',
  'connection' => 'keep-alive',
  'cache-control' => 'max-age=0',
  'upgrade-insecure-requests' => '1',
  'user-agent' => 'Mozilla/5.0 (Windows NT 6.1; Win64; x64) AppleWebKit/537.36 (KHTML, like Gecko) Chrome/75.0.3770.80 Safari/537.36',
  'accept' => 'text/html,application/xhtml+xml,application/xml;q=0.9,image/webp,image/apng,*/*;q=0.8,application/signed-exchange;v=b3',
  'referer' => 'http://www.enterweb.com/admin.php/login/login.html',
  'accept-encoding' => 'gzip, deflate',
  'accept-language' => 'zh-CN,zh;q=0.9,en;q=0.8',
  'cookie' => 'pgv_pvi=3287991296; Hm_lvt_b393d153aeb26b46e9431fabaf0f6190=1556955667,1556958658,1557021028,1557134625; PHPSESSID=rn82i8gkrvk55ci2rubo9gg01p',
)
[ info ] [ PARAM ] array (
)
[ info ] [ VIEW ] D:\wamp64\www\enterweb\application\admin\view\index\index.html [ array (
  0 => 'username',
) ]
---------------------------------------------------------------
[2019-06-11T11:39:43+08:00] 127.0.0.1 GET www.enterweb.com/admin.php/index/welcome.html
[运行时间：0.032002s] [吞吐率：31.25req/s] [内存消耗：2,191.21kb] [文件加载：62]
[ info ] [ LANG ] D:\wamp64\www\enterweb\thinkphp\lang\zh-cn.php
[ info ] [ BIND ] 'admin'
[ info ] [ ROUTE ] array (
)
[ info ] [ HEADER ] array (
  'host' => 'www.enterweb.com',
  'connection' => 'keep-alive',
  'upgrade-insecure-requests' => '1',
  'user-agent' => 'Mozilla/5.0 (Windows NT 6.1; Win64; x64) AppleWebKit/537.36 (KHTML, like Gecko) Chrome/75.0.3770.80 Safari/537.36',
  'accept' => 'text/html,application/xhtml+xml,application/xml;q=0.9,image/webp,image/apng,*/*;q=0.8,application/signed-exchange;v=b3',
  'referer' => 'http://www.enterweb.com/admin.php/index/index.html',
  'accept-encoding' => 'gzip, deflate',
  'accept-language' => 'zh-CN,zh;q=0.9,en;q=0.8',
  'cookie' => 'pgv_pvi=3287991296; Hm_lvt_b393d153aeb26b46e9431fabaf0f6190=1556955667,1556958658,1557021028,1557134625; PHPSESSID=rn82i8gkrvk55ci2rubo9gg01p',
)
[ info ] [ PARAM ] array (
)
[ info ] [ VIEW ] D:\wamp64\www\enterweb\application\admin\view\index\welcome.html [ array (
) ]
---------------------------------------------------------------
[2019-06-11T11:39:45+08:00] 127.0.0.1 GET www.enterweb.com/admin.php/system/contact.html
[运行时间：0.043003s] [吞吐率：23.25req/s] [内存消耗：4,193.98kb] [文件加载：80]
[ info ] [ LANG ] D:\wamp64\www\enterweb\thinkphp\lang\zh-cn.php
[ info ] [ BIND ] 'admin'
[ info ] [ ROUTE ] array (
)
[ info ] [ HEADER ] array (
  'host' => 'www.enterweb.com',
  'connection' => 'keep-alive',
  'upgrade-insecure-requests' => '1',
  'user-agent' => 'Mozilla/5.0 (Windows NT 6.1; Win64; x64) AppleWebKit/537.36 (KHTML, like Gecko) Chrome/75.0.3770.80 Safari/537.36',
  'accept' => 'text/html,application/xhtml+xml,application/xml;q=0.9,image/webp,image/apng,*/*;q=0.8,application/signed-exchange;v=b3',
  'referer' => 'http://www.enterweb.com/admin.php/index/index.html',
  'accept-encoding' => 'gzip, deflate',
  'accept-language' => 'zh-CN,zh;q=0.9,en;q=0.8',
  'cookie' => 'pgv_pvi=3287991296; Hm_lvt_b393d153aeb26b46e9431fabaf0f6190=1556955667,1556958658,1557021028,1557134625; PHPSESSID=rn82i8gkrvk55ci2rubo9gg01p',
)
[ info ] [ PARAM ] array (
)
[ info ] [ DB ] INIT mysql
[ info ] [ VIEW ] D:\wamp64\www\enterweb\application\admin\view\system\contact.html [ array (
  0 => 'cardata',
  1 => 'carpage',
) ]
[ sql ] [ DB ] CONNECT:[ UseTime:0.001000s ] mysql:host=127.0.0.1;dbname=enterweb;charset=utf8
[ sql ] [ SQL ] SHOW COLUMNS FROM `contact` [ RunTime:0.000000s ]
[ sql ] [ SQL ] SELECT COUNT(*) AS tp_count FROM `contact` [ RunTime:0.000000s ]
[ sql ] [ SQL ] SELECT * FROM `contact` ORDER BY `id` ASC LIMIT 0,8 [ RunTime:0.001000s ]
---------------------------------------------------------------
[2019-06-11T14:22:52+08:00] 127.0.0.1 GET www.enterweb.com/admin.php/news/index.html
[运行时间：0.160009s] [吞吐率：6.25req/s] [内存消耗：4,224.17kb] [文件加载：80]
[ info ] [ LANG ] D:\wamp64\www\enterweb\thinkphp\lang\zh-cn.php
[ info ] [ BIND ] 'admin'
[ info ] [ ROUTE ] array (
)
[ info ] [ HEADER ] array (
  'host' => 'www.enterweb.com',
  'connection' => 'keep-alive',
  'upgrade-insecure-requests' => '1',
  'user-agent' => 'Mozilla/5.0 (Windows NT 6.1; Win64; x64) AppleWebKit/537.36 (KHTML, like Gecko) Chrome/75.0.3770.80 Safari/537.36',
  'accept' => 'text/html,application/xhtml+xml,application/xml;q=0.9,image/webp,image/apng,*/*;q=0.8,application/signed-exchange;v=b3',
  'referer' => 'http://www.enterweb.com/admin.php/index/index.html',
  'accept-encoding' => 'gzip, deflate',
  'accept-language' => 'zh-CN,zh;q=0.9,en;q=0.8',
  'cookie' => 'pgv_pvi=3287991296; Hm_lvt_b393d153aeb26b46e9431fabaf0f6190=1556955667,1556958658,1557021028,1557134625; PHPSESSID=rn82i8gkrvk55ci2rubo9gg01p',
)
[ info ] [ PARAM ] array (
)
[ info ] [ DB ] INIT mysql
[ info ] [ VIEW ] D:\wamp64\www\enterweb\application\admin\view\news\index.html [ array (
  0 => 'pagedata',
  1 => 'page',
) ]
[ sql ] [ DB ] CONNECT:[ UseTime:0.001001s ] mysql:host=127.0.0.1;dbname=enterweb;charset=utf8
[ sql ] [ SQL ] SHOW COLUMNS FROM `news` [ RunTime:0.026001s ]
[ sql ] [ SQL ] SELECT COUNT(*) AS tp_count FROM `news` [ RunTime:0.000000s ]
[ sql ] [ SQL ] SELECT * FROM `news` ORDER BY `id` ASC LIMIT 0,10 [ RunTime:0.001000s ]
[ sql ] [ SQL ] SHOW COLUMNS FROM `news_pic` [ RunTime:0.020001s ]
[ sql ] [ SQL ] SELECT `picurl` FROM `news_pic` WHERE  `news_id` = 6 LIMIT 1 [ RunTime:0.000000s ]
[ sql ] [ SQL ] SELECT `picurl` FROM `news_pic` WHERE  `news_id` = 8 LIMIT 1 [ RunTime:0.000000s ]
[ sql ] [ SQL ] SELECT `picurl` FROM `news_pic` WHERE  `news_id` = 14 LIMIT 1 [ RunTime:0.000000s ]
[ sql ] [ SQL ] SELECT `picurl` FROM `news_pic` WHERE  `news_id` = 15 LIMIT 1 [ RunTime:0.000000s ]
[ sql ] [ SQL ] SELECT `picurl` FROM `news_pic` WHERE  `news_id` = 18 LIMIT 1 [ RunTime:0.000000s ]
[ sql ] [ SQL ] SELECT `picurl` FROM `news_pic` WHERE  `news_id` = 19 LIMIT 1 [ RunTime:0.001000s ]
[ sql ] [ SQL ] SELECT `picurl` FROM `news_pic` WHERE  `news_id` = 20 LIMIT 1 [ RunTime:0.000000s ]
[ sql ] [ SQL ] SELECT `picurl` FROM `news_pic` WHERE  `news_id` = 21 LIMIT 1 [ RunTime:0.000000s ]
[ sql ] [ SQL ] SELECT `picurl` FROM `news_pic` WHERE  `news_id` = 22 LIMIT 1 [ RunTime:0.001000s ]
[ sql ] [ SQL ] SELECT `picurl` FROM `news_pic` WHERE  `news_id` = 23 LIMIT 1 [ RunTime:0.001000s ]
---------------------------------------------------------------
[2019-06-11T14:22:54+08:00] 127.0.0.1 GET www.enterweb.com/admin.php/news_pic/index.html
[运行时间：0.101006s] [吞吐率：9.90req/s] [内存消耗：4,193.83kb] [文件加载：80]
[ info ] [ LANG ] D:\wamp64\www\enterweb\thinkphp\lang\zh-cn.php
[ info ] [ BIND ] 'admin'
[ info ] [ ROUTE ] array (
)
[ info ] [ HEADER ] array (
  'host' => 'www.enterweb.com',
  'connection' => 'keep-alive',
  'upgrade-insecure-requests' => '1',
  'user-agent' => 'Mozilla/5.0 (Windows NT 6.1; Win64; x64) AppleWebKit/537.36 (KHTML, like Gecko) Chrome/75.0.3770.80 Safari/537.36',
  'accept' => 'text/html,application/xhtml+xml,application/xml;q=0.9,image/webp,image/apng,*/*;q=0.8,application/signed-exchange;v=b3',
  'referer' => 'http://www.enterweb.com/admin.php/index/index.html',
  'accept-encoding' => 'gzip, deflate',
  'accept-language' => 'zh-CN,zh;q=0.9,en;q=0.8',
  'cookie' => 'pgv_pvi=3287991296; Hm_lvt_b393d153aeb26b46e9431fabaf0f6190=1556955667,1556958658,1557021028,1557134625; PHPSESSID=rn82i8gkrvk55ci2rubo9gg01p',
)
[ info ] [ PARAM ] array (
)
[ info ] [ DB ] INIT mysql
[ info ] [ VIEW ] D:\wamp64\www\enterweb\application\admin\view\news_pic\index.html [ array (
  0 => 'newspic',
  1 => 'newspage',
) ]
[ sql ] [ DB ] CONNECT:[ UseTime:0.001000s ] mysql:host=127.0.0.1;dbname=enterweb;charset=utf8
[ sql ] [ SQL ] SHOW COLUMNS FROM `news_pic` [ RunTime:0.001000s ]
[ sql ] [ SQL ] SELECT COUNT(*) AS tp_count FROM `news_pic` [ RunTime:0.001000s ]
[ sql ] [ SQL ] SELECT * FROM `news_pic` ORDER BY `id` LIMIT 0,5 [ RunTime:0.000000s ]
[ sql ] [ SQL ] SHOW COLUMNS FROM `news` [ RunTime:0.001000s ]
[ sql ] [ SQL ] SELECT `title` FROM `news` WHERE  `id` = 14 LIMIT 1 [ RunTime:0.001000s ]
[ sql ] [ SQL ] SELECT `title` FROM `news` WHERE  `id` = 19 LIMIT 1 [ RunTime:0.000000s ]
[ sql ] [ SQL ] SELECT `title` FROM `news` WHERE  `id` = 18 LIMIT 1 [ RunTime:0.000000s ]
[ sql ] [ SQL ] SELECT `title` FROM `news` WHERE  `id` = 20 LIMIT 1 [ RunTime:0.000000s ]
[ sql ] [ SQL ] SELECT `title` FROM `news` WHERE  `id` = 6 LIMIT 1 [ RunTime:0.000000s ]
---------------------------------------------------------------
[2019-06-11T17:07:18+08:00] 127.0.0.1 GET www.enterweb.com/
[运行时间：0.060003s] [吞吐率：16.67req/s] [内存消耗：4,111.07kb] [文件加载：76]
[ info ] [ LANG ] D:\wamp64\www\enterweb\thinkphp\lang\zh-cn.php
[ info ] [ ROUTE ] array (
)
[ info ] [ HEADER ] array (
  'host' => 'www.enterweb.com',
  'connection' => 'keep-alive',
  'upgrade-insecure-requests' => '1',
  'user-agent' => 'Mozilla/5.0 (Windows NT 6.1; Win64; x64) AppleWebKit/537.36 (KHTML, like Gecko) Chrome/75.0.3770.80 Safari/537.36',
  'accept' => 'text/html,application/xhtml+xml,application/xml;q=0.9,image/webp,image/apng,*/*;q=0.8,application/signed-exchange;v=b3',
  'accept-encoding' => 'gzip, deflate',
  'accept-language' => 'zh-CN,zh;q=0.9,en;q=0.8',
  'cookie' => 'pgv_pvi=3287991296; Hm_lvt_b393d153aeb26b46e9431fabaf0f6190=1556955667,1556958658,1557021028,1557134625; PHPSESSID=rn82i8gkrvk55ci2rubo9gg01p',
)
[ info ] [ PARAM ] array (
)
[ info ] [ DB ] INIT mysql
[ info ] [ VIEW ] D:\wamp64\www\enterweb\application\index\view\index\index.html [ array (
  0 => 'carousel',
) ]
[ sql ] [ DB ] CONNECT:[ UseTime:0.002000s ] mysql:host=127.0.0.1;dbname=enterweb;charset=utf8
[ sql ] [ SQL ] SHOW COLUMNS FROM `carousel` [ RunTime:0.001000s ]
[ sql ] [ SQL ] SELECT * FROM `carousel` ORDER BY `id` ASC [ RunTime:0.001000s ]
---------------------------------------------------------------
[2019-06-11T17:07:21+08:00] 127.0.0.1 GET www.enterweb.com/
[运行时间：0.055003s] [吞吐率：18.18req/s] [内存消耗：4,111.53kb] [文件加载：76]
[ info ] [ LANG ] D:\wamp64\www\enterweb\thinkphp\lang\zh-cn.php
[ info ] [ ROUTE ] array (
)
[ info ] [ HEADER ] array (
  'host' => 'www.enterweb.com',
  'connection' => 'keep-alive',
  'pragma' => 'no-cache',
  'cache-control' => 'no-cache',
  'upgrade-insecure-requests' => '1',
  'user-agent' => 'Mozilla/5.0 (Windows NT 6.1; Win64; x64) AppleWebKit/537.36 (KHTML, like Gecko) Chrome/75.0.3770.80 Safari/537.36',
  'accept' => 'text/html,application/xhtml+xml,application/xml;q=0.9,image/webp,image/apng,*/*;q=0.8,application/signed-exchange;v=b3',
  'accept-encoding' => 'gzip, deflate',
  'accept-language' => 'zh-CN,zh;q=0.9,en;q=0.8',
  'cookie' => 'pgv_pvi=3287991296; Hm_lvt_b393d153aeb26b46e9431fabaf0f6190=1556955667,1556958658,1557021028,1557134625; PHPSESSID=rn82i8gkrvk55ci2rubo9gg01p',
)
[ info ] [ PARAM ] array (
)
[ info ] [ DB ] INIT mysql
[ info ] [ VIEW ] D:\wamp64\www\enterweb\application\index\view\index\index.html [ array (
  0 => 'carousel',
) ]
[ sql ] [ DB ] CONNECT:[ UseTime:0.011001s ] mysql:host=127.0.0.1;dbname=enterweb;charset=utf8
[ sql ] [ SQL ] SHOW COLUMNS FROM `carousel` [ RunTime:0.001000s ]
[ sql ] [ SQL ] SELECT * FROM `carousel` ORDER BY `id` ASC [ RunTime:0.000000s ]
---------------------------------------------------------------
[2019-06-11T17:07:22+08:00] 127.0.0.1 GET www.enterweb.com/
[运行时间：0.050003s] [吞吐率：20.00req/s] [内存消耗：4,111.53kb] [文件加载：76]
[ info ] [ LANG ] D:\wamp64\www\enterweb\thinkphp\lang\zh-cn.php
[ info ] [ ROUTE ] array (
)
[ info ] [ HEADER ] array (
  'host' => 'www.enterweb.com',
  'connection' => 'keep-alive',
  'pragma' => 'no-cache',
  'cache-control' => 'no-cache',
  'upgrade-insecure-requests' => '1',
  'user-agent' => 'Mozilla/5.0 (Windows NT 6.1; Win64; x64) AppleWebKit/537.36 (KHTML, like Gecko) Chrome/75.0.3770.80 Safari/537.36',
  'accept' => 'text/html,application/xhtml+xml,application/xml;q=0.9,image/webp,image/apng,*/*;q=0.8,application/signed-exchange;v=b3',
  'accept-encoding' => 'gzip, deflate',
  'accept-language' => 'zh-CN,zh;q=0.9,en;q=0.8',
  'cookie' => 'pgv_pvi=3287991296; Hm_lvt_b393d153aeb26b46e9431fabaf0f6190=1556955667,1556958658,1557021028,1557134625; PHPSESSID=rn82i8gkrvk55ci2rubo9gg01p',
)
[ info ] [ PARAM ] array (
)
[ info ] [ DB ] INIT mysql
[ info ] [ VIEW ] D:\wamp64\www\enterweb\application\index\view\index\index.html [ array (
  0 => 'carousel',
) ]
[ sql ] [ DB ] CONNECT:[ UseTime:0.002000s ] mysql:host=127.0.0.1;dbname=enterweb;charset=utf8
[ sql ] [ SQL ] SHOW COLUMNS FROM `carousel` [ RunTime:0.001000s ]
[ sql ] [ SQL ] SELECT * FROM `carousel` ORDER BY `id` ASC [ RunTime:0.000000s ]
---------------------------------------------------------------
[2019-06-11T17:07:23+08:00] 127.0.0.1 GET www.enterweb.com/
[运行时间：0.087005s] [吞吐率：11.49req/s] [内存消耗：4,111.53kb] [文件加载：76]
[ info ] [ LANG ] D:\wamp64\www\enterweb\thinkphp\lang\zh-cn.php
[ info ] [ ROUTE ] array (
)
[ info ] [ HEADER ] array (
  'host' => 'www.enterweb.com',
  'connection' => 'keep-alive',
  'pragma' => 'no-cache',
  'cache-control' => 'no-cache',
  'upgrade-insecure-requests' => '1',
  'user-agent' => 'Mozilla/5.0 (Windows NT 6.1; Win64; x64) AppleWebKit/537.36 (KHTML, like Gecko) Chrome/75.0.3770.80 Safari/537.36',
  'accept' => 'text/html,application/xhtml+xml,application/xml;q=0.9,image/webp,image/apng,*/*;q=0.8,application/signed-exchange;v=b3',
  'accept-encoding' => 'gzip, deflate',
  'accept-language' => 'zh-CN,zh;q=0.9,en;q=0.8',
  'cookie' => 'pgv_pvi=3287991296; Hm_lvt_b393d153aeb26b46e9431fabaf0f6190=1556955667,1556958658,1557021028,1557134625; PHPSESSID=rn82i8gkrvk55ci2rubo9gg01p',
)
[ info ] [ PARAM ] array (
)
[ info ] [ DB ] INIT mysql
[ info ] [ VIEW ] D:\wamp64\www\enterweb\application\index\view\index\index.html [ array (
  0 => 'carousel',
) ]
[ sql ] [ DB ] CONNECT:[ UseTime:0.003000s ] mysql:host=127.0.0.1;dbname=enterweb;charset=utf8
[ sql ] [ SQL ] SHOW COLUMNS FROM `carousel` [ RunTime:0.002001s ]
[ sql ] [ SQL ] SELECT * FROM `carousel` ORDER BY `id` ASC [ RunTime:0.001000s ]
---------------------------------------------------------------
[2019-06-11T17:07:23+08:00] 127.0.0.1 GET www.enterweb.com/
[运行时间：0.065004s] [吞吐率：15.38req/s] [内存消耗：4,111.53kb] [文件加载：76]
[ info ] [ LANG ] D:\wamp64\www\enterweb\thinkphp\lang\zh-cn.php
[ info ] [ ROUTE ] array (
)
[ info ] [ HEADER ] array (
  'host' => 'www.enterweb.com',
  'connection' => 'keep-alive',
  'pragma' => 'no-cache',
  'cache-control' => 'no-cache',
  'upgrade-insecure-requests' => '1',
  'user-agent' => 'Mozilla/5.0 (Windows NT 6.1; Win64; x64) AppleWebKit/537.36 (KHTML, like Gecko) Chrome/75.0.3770.80 Safari/537.36',
  'accept' => 'text/html,application/xhtml+xml,application/xml;q=0.9,image/webp,image/apng,*/*;q=0.8,application/signed-exchange;v=b3',
  'accept-encoding' => 'gzip, deflate',
  'accept-language' => 'zh-CN,zh;q=0.9,en;q=0.8',
  'cookie' => 'pgv_pvi=3287991296; Hm_lvt_b393d153aeb26b46e9431fabaf0f6190=1556955667,1556958658,1557021028,1557134625; PHPSESSID=rn82i8gkrvk55ci2rubo9gg01p',
)
[ info ] [ PARAM ] array (
)
[ info ] [ DB ] INIT mysql
[ info ] [ VIEW ] D:\wamp64\www\enterweb\application\index\view\index\index.html [ array (
  0 => 'carousel',
) ]
[ sql ] [ DB ] CONNECT:[ UseTime:0.002000s ] mysql:host=127.0.0.1;dbname=enterweb;charset=utf8
[ sql ] [ SQL ] SHOW COLUMNS FROM `carousel` [ RunTime:0.001000s ]
[ sql ] [ SQL ] SELECT * FROM `carousel` ORDER BY `id` ASC [ RunTime:0.000000s ]
---------------------------------------------------------------
[2019-06-11T17:07:23+08:00] 127.0.0.1 GET www.enterweb.com/
[运行时间：0.051003s] [吞吐率：19.61req/s] [内存消耗：4,111.53kb] [文件加载：76]
[ info ] [ LANG ] D:\wamp64\www\enterweb\thinkphp\lang\zh-cn.php
[ info ] [ ROUTE ] array (
)
[ info ] [ HEADER ] array (
  'host' => 'www.enterweb.com',
  'connection' => 'keep-alive',
  'pragma' => 'no-cache',
  'cache-control' => 'no-cache',
  'upgrade-insecure-requests' => '1',
  'user-agent' => 'Mozilla/5.0 (Windows NT 6.1; Win64; x64) AppleWebKit/537.36 (KHTML, like Gecko) Chrome/75.0.3770.80 Safari/537.36',
  'accept' => 'text/html,application/xhtml+xml,application/xml;q=0.9,image/webp,image/apng,*/*;q=0.8,application/signed-exchange;v=b3',
  'accept-encoding' => 'gzip, deflate',
  'accept-language' => 'zh-CN,zh;q=0.9,en;q=0.8',
  'cookie' => 'pgv_pvi=3287991296; Hm_lvt_b393d153aeb26b46e9431fabaf0f6190=1556955667,1556958658,1557021028,1557134625; PHPSESSID=rn82i8gkrvk55ci2rubo9gg01p',
)
[ info ] [ PARAM ] array (
)
[ info ] [ DB ] INIT mysql
[ info ] [ VIEW ] D:\wamp64\www\enterweb\application\index\view\index\index.html [ array (
  0 => 'carousel',
) ]
[ sql ] [ DB ] CONNECT:[ UseTime:0.002000s ] mysql:host=127.0.0.1;dbname=enterweb;charset=utf8
[ sql ] [ SQL ] SHOW COLUMNS FROM `carousel` [ RunTime:0.001000s ]
[ sql ] [ SQL ] SELECT * FROM `carousel` ORDER BY `id` ASC [ RunTime:0.001000s ]
---------------------------------------------------------------
[2019-06-11T17:07:23+08:00] 127.0.0.1 GET www.enterweb.com/
[运行时间：0.067004s] [吞吐率：14.92req/s] [内存消耗：4,111.53kb] [文件加载：76]
[ info ] [ LANG ] D:\wamp64\www\enterweb\thinkphp\lang\zh-cn.php
[ info ] [ ROUTE ] array (
)
[ info ] [ HEADER ] array (
  'host' => 'www.enterweb.com',
  'connection' => 'keep-alive',
  'pragma' => 'no-cache',
  'cache-control' => 'no-cache',
  'upgrade-insecure-requests' => '1',
  'user-agent' => 'Mozilla/5.0 (Windows NT 6.1; Win64; x64) AppleWebKit/537.36 (KHTML, like Gecko) Chrome/75.0.3770.80 Safari/537.36',
  'accept' => 'text/html,application/xhtml+xml,application/xml;q=0.9,image/webp,image/apng,*/*;q=0.8,application/signed-exchange;v=b3',
  'accept-encoding' => 'gzip, deflate',
  'accept-language' => 'zh-CN,zh;q=0.9,en;q=0.8',
  'cookie' => 'pgv_pvi=3287991296; Hm_lvt_b393d153aeb26b46e9431fabaf0f6190=1556955667,1556958658,1557021028,1557134625; PHPSESSID=rn82i8gkrvk55ci2rubo9gg01p',
)
[ info ] [ PARAM ] array (
)
[ info ] [ DB ] INIT mysql
[ info ] [ VIEW ] D:\wamp64\www\enterweb\application\index\view\index\index.html [ array (
  0 => 'carousel',
) ]
[ sql ] [ DB ] CONNECT:[ UseTime:0.002000s ] mysql:host=127.0.0.1;dbname=enterweb;charset=utf8
[ sql ] [ SQL ] SHOW COLUMNS FROM `carousel` [ RunTime:0.001000s ]
[ sql ] [ SQL ] SELECT * FROM `carousel` ORDER BY `id` ASC [ RunTime:0.001000s ]
---------------------------------------------------------------
[2019-06-11T17:07:23+08:00] 127.0.0.1 GET www.enterweb.com/
[运行时间：0.070004s] [吞吐率：14.28req/s] [内存消耗：4,111.53kb] [文件加载：76]
[ info ] [ LANG ] D:\wamp64\www\enterweb\thinkphp\lang\zh-cn.php
[ info ] [ ROUTE ] array (
)
[ info ] [ HEADER ] array (
  'host' => 'www.enterweb.com',
  'connection' => 'keep-alive',
  'pragma' => 'no-cache',
  'cache-control' => 'no-cache',
  'upgrade-insecure-requests' => '1',
  'user-agent' => 'Mozilla/5.0 (Windows NT 6.1; Win64; x64) AppleWebKit/537.36 (KHTML, like Gecko) Chrome/75.0.3770.80 Safari/537.36',
  'accept' => 'text/html,application/xhtml+xml,application/xml;q=0.9,image/webp,image/apng,*/*;q=0.8,application/signed-exchange;v=b3',
  'accept-encoding' => 'gzip, deflate',
  'accept-language' => 'zh-CN,zh;q=0.9,en;q=0.8',
  'cookie' => 'pgv_pvi=3287991296; Hm_lvt_b393d153aeb26b46e9431fabaf0f6190=1556955667,1556958658,1557021028,1557134625; PHPSESSID=rn82i8gkrvk55ci2rubo9gg01p',
)
[ info ] [ PARAM ] array (
)
[ info ] [ DB ] INIT mysql
[ info ] [ VIEW ] D:\wamp64\www\enterweb\application\index\view\index\index.html [ array (
  0 => 'carousel',
) ]
[ sql ] [ DB ] CONNECT:[ UseTime:0.002000s ] mysql:host=127.0.0.1;dbname=enterweb;charset=utf8
[ sql ] [ SQL ] SHOW COLUMNS FROM `carousel` [ RunTime:0.002001s ]
[ sql ] [ SQL ] SELECT * FROM `carousel` ORDER BY `id` ASC [ RunTime:0.001000s ]
---------------------------------------------------------------
[2019-06-11T17:07:23+08:00] 127.0.0.1 GET www.enterweb.com/
[运行时间：0.075004s] [吞吐率：13.33req/s] [内存消耗：4,111.53kb] [文件加载：76]
[ info ] [ LANG ] D:\wamp64\www\enterweb\thinkphp\lang\zh-cn.php
[ info ] [ ROUTE ] array (
)
[ info ] [ HEADER ] array (
  'host' => 'www.enterweb.com',
  'connection' => 'keep-alive',
  'pragma' => 'no-cache',
  'cache-control' => 'no-cache',
  'upgrade-insecure-requests' => '1',
  'user-agent' => 'Mozilla/5.0 (Windows NT 6.1; Win64; x64) AppleWebKit/537.36 (KHTML, like Gecko) Chrome/75.0.3770.80 Safari/537.36',
  'accept' => 'text/html,application/xhtml+xml,application/xml;q=0.9,image/webp,image/apng,*/*;q=0.8,application/signed-exchange;v=b3',
  'accept-encoding' => 'gzip, deflate',
  'accept-language' => 'zh-CN,zh;q=0.9,en;q=0.8',
  'cookie' => 'pgv_pvi=3287991296; Hm_lvt_b393d153aeb26b46e9431fabaf0f6190=1556955667,1556958658,1557021028,1557134625; PHPSESSID=rn82i8gkrvk55ci2rubo9gg01p',
)
[ info ] [ PARAM ] array (
)
[ info ] [ DB ] INIT mysql
[ info ] [ VIEW ] D:\wamp64\www\enterweb\application\index\view\index\index.html [ array (
  0 => 'carousel',
) ]
[ sql ] [ DB ] CONNECT:[ UseTime:0.003000s ] mysql:host=127.0.0.1;dbname=enterweb;charset=utf8
[ sql ] [ SQL ] SHOW COLUMNS FROM `carousel` [ RunTime:0.002000s ]
[ sql ] [ SQL ] SELECT * FROM `carousel` ORDER BY `id` ASC [ RunTime:0.001000s ]
---------------------------------------------------------------
[2019-06-11T17:07:23+08:00] 127.0.0.1 GET www.enterweb.com/
[运行时间：0.074004s] [吞吐率：13.51req/s] [内存消耗：4,111.53kb] [文件加载：76]
[ info ] [ LANG ] D:\wamp64\www\enterweb\thinkphp\lang\zh-cn.php
[ info ] [ ROUTE ] array (
)
[ info ] [ HEADER ] array (
  'host' => 'www.enterweb.com',
  'connection' => 'keep-alive',
  'pragma' => 'no-cache',
  'cache-control' => 'no-cache',
  'upgrade-insecure-requests' => '1',
  'user-agent' => 'Mozilla/5.0 (Windows NT 6.1; Win64; x64) AppleWebKit/537.36 (KHTML, like Gecko) Chrome/75.0.3770.80 Safari/537.36',
  'accept' => 'text/html,application/xhtml+xml,application/xml;q=0.9,image/webp,image/apng,*/*;q=0.8,application/signed-exchange;v=b3',
  'accept-encoding' => 'gzip, deflate',
  'accept-language' => 'zh-CN,zh;q=0.9,en;q=0.8',
  'cookie' => 'pgv_pvi=3287991296; Hm_lvt_b393d153aeb26b46e9431fabaf0f6190=1556955667,1556958658,1557021028,1557134625; PHPSESSID=rn82i8gkrvk55ci2rubo9gg01p',
)
[ info ] [ PARAM ] array (
)
[ info ] [ DB ] INIT mysql
[ info ] [ VIEW ] D:\wamp64\www\enterweb\application\index\view\index\index.html [ array (
  0 => 'carousel',
) ]
[ sql ] [ DB ] CONNECT:[ UseTime:0.004000s ] mysql:host=127.0.0.1;dbname=enterweb;charset=utf8
[ sql ] [ SQL ] SHOW COLUMNS FROM `carousel` [ RunTime:0.002000s ]
[ sql ] [ SQL ] SELECT * FROM `carousel` ORDER BY `id` ASC [ RunTime:0.001001s ]
---------------------------------------------------------------
[2019-06-11T17:30:12+08:00] 127.0.0.1 GET www.enterweb.com/
[运行时间：0.063004s] [吞吐率：15.87req/s] [内存消耗：4,111.07kb] [文件加载：76]
[ info ] [ LANG ] D:\wamp64\www\enterweb\thinkphp\lang\zh-cn.php
[ info ] [ ROUTE ] array (
)
[ info ] [ HEADER ] array (
  'host' => 'www.enterweb.com',
  'connection' => 'keep-alive',
  'upgrade-insecure-requests' => '1',
  'user-agent' => 'Mozilla/5.0 (Windows NT 6.1; Win64; x64) AppleWebKit/537.36 (KHTML, like Gecko) Chrome/75.0.3770.80 Safari/537.36',
  'accept' => 'text/html,application/xhtml+xml,application/xml;q=0.9,image/webp,image/apng,*/*;q=0.8,application/signed-exchange;v=b3',
  'accept-encoding' => 'gzip, deflate',
  'accept-language' => 'zh-CN,zh;q=0.9,en;q=0.8',
  'cookie' => 'pgv_pvi=3287991296; Hm_lvt_b393d153aeb26b46e9431fabaf0f6190=1556955667,1556958658,1557021028,1557134625; PHPSESSID=rn82i8gkrvk55ci2rubo9gg01p',
)
[ info ] [ PARAM ] array (
)
[ info ] [ DB ] INIT mysql
[ info ] [ VIEW ] D:\wamp64\www\enterweb\application\index\view\index\index.html [ array (
  0 => 'carousel',
) ]
[ sql ] [ DB ] CONNECT:[ UseTime:0.003001s ] mysql:host=127.0.0.1;dbname=enterweb;charset=utf8
[ sql ] [ SQL ] SHOW COLUMNS FROM `carousel` [ RunTime:0.002000s ]
[ sql ] [ SQL ] SELECT * FROM `carousel` ORDER BY `id` ASC [ RunTime:0.001000s ]
