---------------------------------------------------------------
[2019-06-24T21:22:06+08:00] 127.0.0.1 GET www.enterweb.com/
[运行时间：0.200950s] [吞吐率：4.98req/s] [内存消耗：3,430.59kb] [文件加载：76]
[ info ] [ LANG ] C:\wamp\www\enterweb\thinkphp\lang\zh-cn.php
[ info ] [ ROUTE ] array (
)
[ info ] [ HEADER ] array (
  'host' => 'www.enterweb.com',
  'connection' => 'keep-alive',
  'upgrade-insecure-requests' => '1',
  'user-agent' => 'Mozilla/5.0 (Windows NT 10.0; Win64; x64) AppleWebKit/537.36 (KHTML, like Gecko) Chrome/70.0.3538.102 Safari/537.36',
  'accept' => 'text/html,application/xhtml+xml,application/xml;q=0.9,image/webp,image/apng,*/*;q=0.8',
  'accept-encoding' => 'gzip, deflate',
  'accept-language' => 'zh-CN,zh;q=0.9,en;q=0.8',
  'cookie' => 'pgv_pvi=5942132736',
)
[ info ] [ PARAM ] array (
)
[ info ] [ DB ] INIT mysql
[ info ] [ VIEW ] C:\wamp\www\enterweb\application\index\view\index\index.html [ array (
  0 => 'carousel',
) ]
[ sql ] [ DB ] CONNECT:[ UseTime:0.010457s ] mysql:host=127.0.0.1;dbname=enterweb;charset=utf8
[ sql ] [ SQL ] SHOW COLUMNS FROM `carousel` [ RunTime:0.015021s ]
[ sql ] [ SQL ] SELECT * FROM `carousel` ORDER BY `id` ASC [ RunTime:0.001349s ]
---------------------------------------------------------------
[2019-06-24T21:22:16+08:00] 127.0.0.1 GET www.enterweb.com/index/index/contact.html
[运行时间：0.269489s] [吞吐率：3.71req/s] [内存消耗：2,072.59kb] [文件加载：64]
[ info ] [ LANG ] C:\wamp\www\enterweb\thinkphp\lang\zh-cn.php
[ info ] [ ROUTE ] array (
)
[ info ] [ HEADER ] array (
  'host' => 'www.enterweb.com',
  'connection' => 'keep-alive',
  'upgrade-insecure-requests' => '1',
  'user-agent' => 'Mozilla/5.0 (Windows NT 10.0; Win64; x64) AppleWebKit/537.36 (KHTML, like Gecko) Chrome/70.0.3538.102 Safari/537.36',
  'accept' => 'text/html,application/xhtml+xml,application/xml;q=0.9,image/webp,image/apng,*/*;q=0.8',
  'referer' => 'http://www.enterweb.com/',
  'accept-encoding' => 'gzip, deflate',
  'accept-language' => 'zh-CN,zh;q=0.9,en;q=0.8',
  'cookie' => 'pgv_pvi=5942132736',
)
[ info ] [ PARAM ] array (
)
[ info ] [ VIEW ] C:\wamp\www\enterweb\application\index\view\index\contact.html [ array (
) ]
---------------------------------------------------------------
[2019-06-24T21:22:31+08:00] 127.0.0.1 GET www.enterweb.com/index/index/index.html
[运行时间：0.090542s] [吞吐率：11.04req/s] [内存消耗：3,431.19kb] [文件加载：76]
[ info ] [ LANG ] C:\wamp\www\enterweb\thinkphp\lang\zh-cn.php
[ info ] [ ROUTE ] array (
)
[ info ] [ HEADER ] array (
  'host' => 'www.enterweb.com',
  'connection' => 'keep-alive',
  'upgrade-insecure-requests' => '1',
  'user-agent' => 'Mozilla/5.0 (Windows NT 10.0; Win64; x64) AppleWebKit/537.36 (KHTML, like Gecko) Chrome/70.0.3538.102 Safari/537.36',
  'accept' => 'text/html,application/xhtml+xml,application/xml;q=0.9,image/webp,image/apng,*/*;q=0.8',
  'referer' => 'http://www.enterweb.com/index/index/contact.html',
  'accept-encoding' => 'gzip, deflate',
  'accept-language' => 'zh-CN,zh;q=0.9,en;q=0.8',
  'cookie' => 'pgv_pvi=5942132736',
)
[ info ] [ PARAM ] array (
)
[ info ] [ DB ] INIT mysql
[ info ] [ VIEW ] C:\wamp\www\enterweb\application\index\view\index\index.html [ array (
  0 => 'carousel',
) ]
[ sql ] [ DB ] CONNECT:[ UseTime:0.002001s ] mysql:host=127.0.0.1;dbname=enterweb;charset=utf8
[ sql ] [ SQL ] SHOW COLUMNS FROM `carousel` [ RunTime:0.001613s ]
[ sql ] [ SQL ] SELECT * FROM `carousel` ORDER BY `id` ASC [ RunTime:0.000656s ]
---------------------------------------------------------------
[2019-06-24T21:22:35+08:00] 127.0.0.1 GET www.enterweb.com/index/index/contact.html
[运行时间：0.059871s] [吞吐率：16.70req/s] [内存消耗：1,898.43kb] [文件加载：62]
[ info ] [ LANG ] C:\wamp\www\enterweb\thinkphp\lang\zh-cn.php
[ info ] [ ROUTE ] array (
)
[ info ] [ HEADER ] array (
  'host' => 'www.enterweb.com',
  'connection' => 'keep-alive',
  'upgrade-insecure-requests' => '1',
  'user-agent' => 'Mozilla/5.0 (Windows NT 10.0; Win64; x64) AppleWebKit/537.36 (KHTML, like Gecko) Chrome/70.0.3538.102 Safari/537.36',
  'accept' => 'text/html,application/xhtml+xml,application/xml;q=0.9,image/webp,image/apng,*/*;q=0.8',
  'referer' => 'http://www.enterweb.com/index/index/index.html',
  'accept-encoding' => 'gzip, deflate',
  'accept-language' => 'zh-CN,zh;q=0.9,en;q=0.8',
  'cookie' => 'pgv_pvi=5942132736',
)
[ info ] [ PARAM ] array (
)
[ info ] [ VIEW ] C:\wamp\www\enterweb\application\index\view\index\contact.html [ array (
) ]
---------------------------------------------------------------
[2019-06-24T21:30:16+08:00] 127.0.0.1 GET www.enterweb.com/admin.php
[运行时间：0.101165s] [吞吐率：9.88req/s] [内存消耗：2,061.05kb] [文件加载：67]
[ info ] [ LANG ] C:\wamp\www\enterweb\thinkphp\lang\zh-cn.php
[ info ] [ BIND ] 'admin'
[ info ] [ ROUTE ] array (
)
[ info ] [ HEADER ] array (
  'host' => 'www.enterweb.com',
  'connection' => 'keep-alive',
  'upgrade-insecure-requests' => '1',
  'user-agent' => 'Mozilla/5.0 (Windows NT 10.0; Win64; x64) AppleWebKit/537.36 (KHTML, like Gecko) Chrome/70.0.3538.102 Safari/537.36',
  'accept' => 'text/html,application/xhtml+xml,application/xml;q=0.9,image/webp,image/apng,*/*;q=0.8',
  'accept-encoding' => 'gzip, deflate',
  'accept-language' => 'zh-CN,zh;q=0.9,en;q=0.8',
  'cookie' => 'pgv_pvi=5942132736',
)
[ info ] [ PARAM ] array (
)
[ info ] [ VIEW ] C:\wamp\www\enterweb\thinkphp\tpl/dispatch_jump.tpl [ array (
  0 => 'code',
  1 => 'msg',
  2 => 'data',
  3 => 'url',
  4 => 'wait',
) ]
---------------------------------------------------------------
[2019-06-24T21:30:19+08:00] 127.0.0.1 GET www.enterweb.com/admin.php/login/login.html
[运行时间：0.064080s] [吞吐率：15.61req/s] [内存消耗：1,896.63kb] [文件加载：62]
[ info ] [ LANG ] C:\wamp\www\enterweb\thinkphp\lang\zh-cn.php
[ info ] [ BIND ] 'admin'
[ info ] [ ROUTE ] array (
)
[ info ] [ HEADER ] array (
  'host' => 'www.enterweb.com',
  'connection' => 'keep-alive',
  'upgrade-insecure-requests' => '1',
  'user-agent' => 'Mozilla/5.0 (Windows NT 10.0; Win64; x64) AppleWebKit/537.36 (KHTML, like Gecko) Chrome/70.0.3538.102 Safari/537.36',
  'accept' => 'text/html,application/xhtml+xml,application/xml;q=0.9,image/webp,image/apng,*/*;q=0.8',
  'referer' => 'http://www.enterweb.com/admin.php',
  'accept-encoding' => 'gzip, deflate',
  'accept-language' => 'zh-CN,zh;q=0.9,en;q=0.8',
  'cookie' => 'pgv_pvi=5942132736; PHPSESSID=osmkj2ureufktb2n4egfah6rg1',
)
[ info ] [ PARAM ] array (
)
[ info ] [ VIEW ] C:\wamp\www\enterweb\application\admin\view\login\login.html [ array (
) ]
---------------------------------------------------------------
[2019-06-24T21:30:26+08:00] 127.0.0.1 POST www.enterweb.com/admin.php/login/dologin.html
[运行时间：0.086823s] [吞吐率：11.52req/s] [内存消耗：3,280.36kb] [文件加载：74]
[ info ] [ LANG ] C:\wamp\www\enterweb\thinkphp\lang\zh-cn.php
[ info ] [ BIND ] 'admin'
[ info ] [ ROUTE ] array (
)
[ info ] [ HEADER ] array (
  'host' => 'www.enterweb.com',
  'connection' => 'keep-alive',
  'content-length' => '30',
  'accept' => 'application/json, text/javascript, */*; q=0.01',
  'origin' => 'http://www.enterweb.com',
  'x-requested-with' => 'XMLHttpRequest',
  'user-agent' => 'Mozilla/5.0 (Windows NT 10.0; Win64; x64) AppleWebKit/537.36 (KHTML, like Gecko) Chrome/70.0.3538.102 Safari/537.36',
  'content-type' => 'application/x-www-form-urlencoded; charset=UTF-8',
  'referer' => 'http://www.enterweb.com/admin.php/login/login.html',
  'accept-encoding' => 'gzip, deflate',
  'accept-language' => 'zh-CN,zh;q=0.9,en;q=0.8',
  'cookie' => 'pgv_pvi=5942132736; PHPSESSID=osmkj2ureufktb2n4egfah6rg1',
)
[ info ] [ PARAM ] array (
  'username' => 'admin',
  'password' => '123456',
)
[ info ] [ DB ] INIT mysql
[ sql ] [ DB ] CONNECT:[ UseTime:0.002251s ] mysql:host=127.0.0.1;dbname=enterweb;charset=utf8
[ sql ] [ SQL ] SHOW COLUMNS FROM `user` [ RunTime:0.004574s ]
[ sql ] [ SQL ] SELECT * FROM `user` WHERE  `username` = 'admin' LIMIT 1 [ RunTime:0.001662s ]
---------------------------------------------------------------
[2019-06-24T21:30:28+08:00] 127.0.0.1 GET www.enterweb.com/admin.php/index/index.html
[运行时间：0.076579s] [吞吐率：13.06req/s] [内存消耗：1,900.20kb] [文件加载：64]
[ info ] [ LANG ] C:\wamp\www\enterweb\thinkphp\lang\zh-cn.php
[ info ] [ BIND ] 'admin'
[ info ] [ ROUTE ] array (
)
[ info ] [ HEADER ] array (
  'host' => 'www.enterweb.com',
  'connection' => 'keep-alive',
  'upgrade-insecure-requests' => '1',
  'user-agent' => 'Mozilla/5.0 (Windows NT 10.0; Win64; x64) AppleWebKit/537.36 (KHTML, like Gecko) Chrome/70.0.3538.102 Safari/537.36',
  'accept' => 'text/html,application/xhtml+xml,application/xml;q=0.9,image/webp,image/apng,*/*;q=0.8',
  'referer' => 'http://www.enterweb.com/admin.php/login/login.html',
  'accept-encoding' => 'gzip, deflate',
  'accept-language' => 'zh-CN,zh;q=0.9,en;q=0.8',
  'cookie' => 'pgv_pvi=5942132736; PHPSESSID=osmkj2ureufktb2n4egfah6rg1',
)
[ info ] [ PARAM ] array (
)
[ info ] [ VIEW ] C:\wamp\www\enterweb\application\admin\view\index\index.html [ array (
  0 => 'username',
) ]
---------------------------------------------------------------
[2019-06-24T21:30:28+08:00] 127.0.0.1 GET www.enterweb.com/admin.php/index/welcome.html
[运行时间：0.106644s] [吞吐率：9.38req/s] [内存消耗：1,824.01kb] [文件加载：62]
[ info ] [ LANG ] C:\wamp\www\enterweb\thinkphp\lang\zh-cn.php
[ info ] [ BIND ] 'admin'
[ info ] [ ROUTE ] array (
)
[ info ] [ HEADER ] array (
  'host' => 'www.enterweb.com',
  'connection' => 'keep-alive',
  'upgrade-insecure-requests' => '1',
  'user-agent' => 'Mozilla/5.0 (Windows NT 10.0; Win64; x64) AppleWebKit/537.36 (KHTML, like Gecko) Chrome/70.0.3538.102 Safari/537.36',
  'accept' => 'text/html,application/xhtml+xml,application/xml;q=0.9,image/webp,image/apng,*/*;q=0.8',
  'referer' => 'http://www.enterweb.com/admin.php/index/index.html',
  'accept-encoding' => 'gzip, deflate',
  'accept-language' => 'zh-CN,zh;q=0.9,en;q=0.8',
  'cookie' => 'pgv_pvi=5942132736; PHPSESSID=osmkj2ureufktb2n4egfah6rg1',
)
[ info ] [ PARAM ] array (
)
[ info ] [ VIEW ] C:\wamp\www\enterweb\application\admin\view\index\welcome.html [ array (
) ]
---------------------------------------------------------------
[2019-06-24T21:30:32+08:00] 127.0.0.1 GET www.enterweb.com/admin.php/news/index.html
[运行时间：0.139444s] [吞吐率：7.17req/s] [内存消耗：3,532.69kb] [文件加载：80]
[ info ] [ LANG ] C:\wamp\www\enterweb\thinkphp\lang\zh-cn.php
[ info ] [ BIND ] 'admin'
[ info ] [ ROUTE ] array (
)
[ info ] [ HEADER ] array (
  'host' => 'www.enterweb.com',
  'connection' => 'keep-alive',
  'upgrade-insecure-requests' => '1',
  'user-agent' => 'Mozilla/5.0 (Windows NT 10.0; Win64; x64) AppleWebKit/537.36 (KHTML, like Gecko) Chrome/70.0.3538.102 Safari/537.36',
  'accept' => 'text/html,application/xhtml+xml,application/xml;q=0.9,image/webp,image/apng,*/*;q=0.8',
  'referer' => 'http://www.enterweb.com/admin.php/index/index.html',
  'accept-encoding' => 'gzip, deflate',
  'accept-language' => 'zh-CN,zh;q=0.9,en;q=0.8',
  'cookie' => 'pgv_pvi=5942132736; PHPSESSID=osmkj2ureufktb2n4egfah6rg1',
)
[ info ] [ PARAM ] array (
)
[ info ] [ DB ] INIT mysql
[ info ] [ VIEW ] C:\wamp\www\enterweb\application\admin\view\news\index.html [ array (
  0 => 'pagedata',
  1 => 'page',
) ]
[ sql ] [ DB ] CONNECT:[ UseTime:0.002080s ] mysql:host=127.0.0.1;dbname=enterweb;charset=utf8
[ sql ] [ SQL ] SHOW COLUMNS FROM `news` [ RunTime:0.004307s ]
[ sql ] [ SQL ] SELECT COUNT(*) AS tp_count FROM `news` [ RunTime:0.000682s ]
[ sql ] [ SQL ] SELECT * FROM `news` ORDER BY `id` ASC LIMIT 0,10 [ RunTime:0.002283s ]
[ sql ] [ SQL ] SHOW COLUMNS FROM `news_pic` [ RunTime:0.004100s ]
[ sql ] [ SQL ] SELECT `picurl` FROM `news_pic` WHERE  `news_id` = 6 LIMIT 1 [ RunTime:0.000820s ]
[ sql ] [ SQL ] SELECT `picurl` FROM `news_pic` WHERE  `news_id` = 8 LIMIT 1 [ RunTime:0.000633s ]
[ sql ] [ SQL ] SELECT `picurl` FROM `news_pic` WHERE  `news_id` = 14 LIMIT 1 [ RunTime:0.000653s ]
[ sql ] [ SQL ] SELECT `picurl` FROM `news_pic` WHERE  `news_id` = 15 LIMIT 1 [ RunTime:0.000594s ]
[ sql ] [ SQL ] SELECT `picurl` FROM `news_pic` WHERE  `news_id` = 18 LIMIT 1 [ RunTime:0.000594s ]
[ sql ] [ SQL ] SELECT `picurl` FROM `news_pic` WHERE  `news_id` = 19 LIMIT 1 [ RunTime:0.000854s ]
[ sql ] [ SQL ] SELECT `picurl` FROM `news_pic` WHERE  `news_id` = 20 LIMIT 1 [ RunTime:0.001129s ]
[ sql ] [ SQL ] SELECT `picurl` FROM `news_pic` WHERE  `news_id` = 21 LIMIT 1 [ RunTime:0.000660s ]
[ sql ] [ SQL ] SELECT `picurl` FROM `news_pic` WHERE  `news_id` = 22 LIMIT 1 [ RunTime:0.000574s ]
[ sql ] [ SQL ] SELECT `picurl` FROM `news_pic` WHERE  `news_id` = 23 LIMIT 1 [ RunTime:0.000580s ]
---------------------------------------------------------------
[2019-06-24T21:30:33+08:00] 127.0.0.1 GET www.enterweb.com/admin.php/news_pic/index.html
[运行时间：0.121045s] [吞吐率：8.26req/s] [内存消耗：3,505.49kb] [文件加载：80]
[ info ] [ LANG ] C:\wamp\www\enterweb\thinkphp\lang\zh-cn.php
[ info ] [ BIND ] 'admin'
[ info ] [ ROUTE ] array (
)
[ info ] [ HEADER ] array (
  'host' => 'www.enterweb.com',
  'connection' => 'keep-alive',
  'upgrade-insecure-requests' => '1',
  'user-agent' => 'Mozilla/5.0 (Windows NT 10.0; Win64; x64) AppleWebKit/537.36 (KHTML, like Gecko) Chrome/70.0.3538.102 Safari/537.36',
  'accept' => 'text/html,application/xhtml+xml,application/xml;q=0.9,image/webp,image/apng,*/*;q=0.8',
  'referer' => 'http://www.enterweb.com/admin.php/index/index.html',
  'accept-encoding' => 'gzip, deflate',
  'accept-language' => 'zh-CN,zh;q=0.9,en;q=0.8',
  'cookie' => 'pgv_pvi=5942132736; PHPSESSID=osmkj2ureufktb2n4egfah6rg1',
)
[ info ] [ PARAM ] array (
)
[ info ] [ DB ] INIT mysql
[ info ] [ VIEW ] C:\wamp\www\enterweb\application\admin\view\news_pic\index.html [ array (
  0 => 'newspic',
  1 => 'newspage',
) ]
[ sql ] [ DB ] CONNECT:[ UseTime:0.002028s ] mysql:host=127.0.0.1;dbname=enterweb;charset=utf8
[ sql ] [ SQL ] SHOW COLUMNS FROM `news_pic` [ RunTime:0.001693s ]
[ sql ] [ SQL ] SELECT COUNT(*) AS tp_count FROM `news_pic` [ RunTime:0.000576s ]
[ sql ] [ SQL ] SELECT * FROM `news_pic` ORDER BY `id` LIMIT 0,5 [ RunTime:0.000660s ]
[ sql ] [ SQL ] SHOW COLUMNS FROM `news` [ RunTime:0.001869s ]
[ sql ] [ SQL ] SELECT `title` FROM `news` WHERE  `id` = 14 LIMIT 1 [ RunTime:0.000659s ]
[ sql ] [ SQL ] SELECT `title` FROM `news` WHERE  `id` = 19 LIMIT 1 [ RunTime:0.000586s ]
[ sql ] [ SQL ] SELECT `title` FROM `news` WHERE  `id` = 18 LIMIT 1 [ RunTime:0.000606s ]
[ sql ] [ SQL ] SELECT `title` FROM `news` WHERE  `id` = 20 LIMIT 1 [ RunTime:0.000616s ]
[ sql ] [ SQL ] SELECT `title` FROM `news` WHERE  `id` = 6 LIMIT 1 [ RunTime:0.000559s ]
---------------------------------------------------------------
[2019-06-24T21:30:34+08:00] 127.0.0.1 GET www.enterweb.com/admin.php/system/contact.html
[运行时间：0.110477s] [吞吐率：9.05req/s] [内存消耗：3,503.08kb] [文件加载：80]
[ info ] [ LANG ] C:\wamp\www\enterweb\thinkphp\lang\zh-cn.php
[ info ] [ BIND ] 'admin'
[ info ] [ ROUTE ] array (
)
[ info ] [ HEADER ] array (
  'host' => 'www.enterweb.com',
  'connection' => 'keep-alive',
  'upgrade-insecure-requests' => '1',
  'user-agent' => 'Mozilla/5.0 (Windows NT 10.0; Win64; x64) AppleWebKit/537.36 (KHTML, like Gecko) Chrome/70.0.3538.102 Safari/537.36',
  'accept' => 'text/html,application/xhtml+xml,application/xml;q=0.9,image/webp,image/apng,*/*;q=0.8',
  'referer' => 'http://www.enterweb.com/admin.php/index/index.html',
  'accept-encoding' => 'gzip, deflate',
  'accept-language' => 'zh-CN,zh;q=0.9,en;q=0.8',
  'cookie' => 'pgv_pvi=5942132736; PHPSESSID=osmkj2ureufktb2n4egfah6rg1',
)
[ info ] [ PARAM ] array (
)
[ info ] [ DB ] INIT mysql
[ info ] [ VIEW ] C:\wamp\www\enterweb\application\admin\view\system\contact.html [ array (
  0 => 'cardata',
  1 => 'carpage',
) ]
[ sql ] [ DB ] CONNECT:[ UseTime:0.011086s ] mysql:host=127.0.0.1;dbname=enterweb;charset=utf8
[ sql ] [ SQL ] SHOW COLUMNS FROM `contact` [ RunTime:0.005495s ]
[ sql ] [ SQL ] SELECT COUNT(*) AS tp_count FROM `contact` [ RunTime:0.000574s ]
[ sql ] [ SQL ] SELECT * FROM `contact` ORDER BY `id` ASC LIMIT 0,8 [ RunTime:0.000783s ]
---------------------------------------------------------------
[2019-06-24T21:30:35+08:00] 127.0.0.1 GET www.enterweb.com/admin.php/carousel/index.html
[运行时间：0.086191s] [吞吐率：11.60req/s] [内存消耗：3,494.52kb] [文件加载：80]
[ info ] [ LANG ] C:\wamp\www\enterweb\thinkphp\lang\zh-cn.php
[ info ] [ BIND ] 'admin'
[ info ] [ ROUTE ] array (
)
[ info ] [ HEADER ] array (
  'host' => 'www.enterweb.com',
  'connection' => 'keep-alive',
  'upgrade-insecure-requests' => '1',
  'user-agent' => 'Mozilla/5.0 (Windows NT 10.0; Win64; x64) AppleWebKit/537.36 (KHTML, like Gecko) Chrome/70.0.3538.102 Safari/537.36',
  'accept' => 'text/html,application/xhtml+xml,application/xml;q=0.9,image/webp,image/apng,*/*;q=0.8',
  'referer' => 'http://www.enterweb.com/admin.php/index/index.html',
  'accept-encoding' => 'gzip, deflate',
  'accept-language' => 'zh-CN,zh;q=0.9,en;q=0.8',
  'cookie' => 'pgv_pvi=5942132736; PHPSESSID=osmkj2ureufktb2n4egfah6rg1',
)
[ info ] [ PARAM ] array (
)
[ info ] [ DB ] INIT mysql
[ info ] [ VIEW ] C:\wamp\www\enterweb\application\admin\view\carousel\index.html [ array (
  0 => 'data',
  1 => 'page',
) ]
[ sql ] [ DB ] CONNECT:[ UseTime:0.001935s ] mysql:host=127.0.0.1;dbname=enterweb;charset=utf8
[ sql ] [ SQL ] SHOW COLUMNS FROM `carousel` [ RunTime:0.001734s ]
[ sql ] [ SQL ] SELECT COUNT(*) AS tp_count FROM `carousel` [ RunTime:0.000539s ]
[ sql ] [ SQL ] SELECT * FROM `carousel` ORDER BY `id` ASC LIMIT 0,8 [ RunTime:0.000667s ]
---------------------------------------------------------------
[2019-06-24T21:30:40+08:00] 127.0.0.1 GET www.enterweb.com/admin.php/carousel/add.html
[运行时间：0.138869s] [吞吐率：7.20req/s] [内存消耗：2,078.95kb] [文件加载：66]
[ info ] [ LANG ] C:\wamp\www\enterweb\thinkphp\lang\zh-cn.php
[ info ] [ BIND ] 'admin'
[ info ] [ ROUTE ] array (
)
[ info ] [ HEADER ] array (
  'host' => 'www.enterweb.com',
  'connection' => 'keep-alive',
  'upgrade-insecure-requests' => '1',
  'user-agent' => 'Mozilla/5.0 (Windows NT 10.0; Win64; x64) AppleWebKit/537.36 (KHTML, like Gecko) Chrome/70.0.3538.102 Safari/537.36',
  'accept' => 'text/html,application/xhtml+xml,application/xml;q=0.9,image/webp,image/apng,*/*;q=0.8',
  'referer' => 'http://www.enterweb.com/admin.php/carousel/index.html',
  'accept-encoding' => 'gzip, deflate',
  'accept-language' => 'zh-CN,zh;q=0.9,en;q=0.8',
  'cookie' => 'pgv_pvi=5942132736; PHPSESSID=osmkj2ureufktb2n4egfah6rg1',
)
[ info ] [ PARAM ] array (
)
[ info ] [ VIEW ] C:\wamp\www\enterweb\application\admin\view\carousel\add.html [ array (
) ]
---------------------------------------------------------------
[2019-06-24T21:31:04+08:00] 127.0.0.1 GET www.enterweb.com/admin.php/user/index.html
[运行时间：0.139017s] [吞吐率：7.19req/s] [内存消耗：3,514.50kb] [文件加载：80]
[ info ] [ LANG ] C:\wamp\www\enterweb\thinkphp\lang\zh-cn.php
[ info ] [ BIND ] 'admin'
[ info ] [ ROUTE ] array (
)
[ info ] [ HEADER ] array (
  'host' => 'www.enterweb.com',
  'connection' => 'keep-alive',
  'upgrade-insecure-requests' => '1',
  'user-agent' => 'Mozilla/5.0 (Windows NT 10.0; Win64; x64) AppleWebKit/537.36 (KHTML, like Gecko) Chrome/70.0.3538.102 Safari/537.36',
  'accept' => 'text/html,application/xhtml+xml,application/xml;q=0.9,image/webp,image/apng,*/*;q=0.8',
  'referer' => 'http://www.enterweb.com/admin.php/index/index.html',
  'accept-encoding' => 'gzip, deflate',
  'accept-language' => 'zh-CN,zh;q=0.9,en;q=0.8',
  'cookie' => 'pgv_pvi=5942132736; PHPSESSID=osmkj2ureufktb2n4egfah6rg1',
)
[ info ] [ PARAM ] array (
)
[ info ] [ DB ] INIT mysql
[ info ] [ VIEW ] C:\wamp\www\enterweb\application\admin\view\user\index.html [ array (
  0 => 'user',
  1 => 'page',
) ]
[ sql ] [ DB ] CONNECT:[ UseTime:0.002149s ] mysql:host=127.0.0.1;dbname=enterweb;charset=utf8
[ sql ] [ SQL ] SHOW COLUMNS FROM `user` [ RunTime:0.002135s ]
[ sql ] [ SQL ] SELECT COUNT(*) AS tp_count FROM `user` [ RunTime:0.000535s ]
[ sql ] [ SQL ] SELECT * FROM `user` ORDER BY `id` ASC LIMIT 0,8 [ RunTime:0.000729s ]
---------------------------------------------------------------
[2019-06-24T21:31:07+08:00] 127.0.0.1 GET www.enterweb.com/admin.php/news/index.html
[运行时间：0.136442s] [吞吐率：7.33req/s] [内存消耗：3,532.69kb] [文件加载：80]
[ info ] [ LANG ] C:\wamp\www\enterweb\thinkphp\lang\zh-cn.php
[ info ] [ BIND ] 'admin'
[ info ] [ ROUTE ] array (
)
[ info ] [ HEADER ] array (
  'host' => 'www.enterweb.com',
  'connection' => 'keep-alive',
  'upgrade-insecure-requests' => '1',
  'user-agent' => 'Mozilla/5.0 (Windows NT 10.0; Win64; x64) AppleWebKit/537.36 (KHTML, like Gecko) Chrome/70.0.3538.102 Safari/537.36',
  'accept' => 'text/html,application/xhtml+xml,application/xml;q=0.9,image/webp,image/apng,*/*;q=0.8',
  'referer' => 'http://www.enterweb.com/admin.php/index/index.html',
  'accept-encoding' => 'gzip, deflate',
  'accept-language' => 'zh-CN,zh;q=0.9,en;q=0.8',
  'cookie' => 'pgv_pvi=5942132736; PHPSESSID=osmkj2ureufktb2n4egfah6rg1',
)
[ info ] [ PARAM ] array (
)
[ info ] [ DB ] INIT mysql
[ info ] [ VIEW ] C:\wamp\www\enterweb\application\admin\view\news\index.html [ array (
  0 => 'pagedata',
  1 => 'page',
) ]
[ sql ] [ DB ] CONNECT:[ UseTime:0.001914s ] mysql:host=127.0.0.1;dbname=enterweb;charset=utf8
[ sql ] [ SQL ] SHOW COLUMNS FROM `news` [ RunTime:0.001613s ]
[ sql ] [ SQL ] SELECT COUNT(*) AS tp_count FROM `news` [ RunTime:0.000378s ]
[ sql ] [ SQL ] SELECT * FROM `news` ORDER BY `id` ASC LIMIT 0,10 [ RunTime:0.000605s ]
[ sql ] [ SQL ] SHOW COLUMNS FROM `news_pic` [ RunTime:0.003306s ]
[ sql ] [ SQL ] SELECT `picurl` FROM `news_pic` WHERE  `news_id` = 6 LIMIT 1 [ RunTime:0.000679s ]
[ sql ] [ SQL ] SELECT `picurl` FROM `news_pic` WHERE  `news_id` = 8 LIMIT 1 [ RunTime:0.000619s ]
[ sql ] [ SQL ] SELECT `picurl` FROM `news_pic` WHERE  `news_id` = 14 LIMIT 1 [ RunTime:0.000608s ]
[ sql ] [ SQL ] SELECT `picurl` FROM `news_pic` WHERE  `news_id` = 15 LIMIT 1 [ RunTime:0.000775s ]
[ sql ] [ SQL ] SELECT `picurl` FROM `news_pic` WHERE  `news_id` = 18 LIMIT 1 [ RunTime:0.002286s ]
[ sql ] [ SQL ] SELECT `picurl` FROM `news_pic` WHERE  `news_id` = 19 LIMIT 1 [ RunTime:0.001075s ]
[ sql ] [ SQL ] SELECT `picurl` FROM `news_pic` WHERE  `news_id` = 20 LIMIT 1 [ RunTime:0.000723s ]
[ sql ] [ SQL ] SELECT `picurl` FROM `news_pic` WHERE  `news_id` = 21 LIMIT 1 [ RunTime:0.000672s ]
[ sql ] [ SQL ] SELECT `picurl` FROM `news_pic` WHERE  `news_id` = 22 LIMIT 1 [ RunTime:0.000666s ]
[ sql ] [ SQL ] SELECT `picurl` FROM `news_pic` WHERE  `news_id` = 23 LIMIT 1 [ RunTime:0.000652s ]
---------------------------------------------------------------
[2019-06-24T21:31:08+08:00] 127.0.0.1 GET www.enterweb.com/admin.php/news_pic/index.html
[运行时间：0.114790s] [吞吐率：8.71req/s] [内存消耗：3,505.49kb] [文件加载：80]
[ info ] [ LANG ] C:\wamp\www\enterweb\thinkphp\lang\zh-cn.php
[ info ] [ BIND ] 'admin'
[ info ] [ ROUTE ] array (
)
[ info ] [ HEADER ] array (
  'host' => 'www.enterweb.com',
  'connection' => 'keep-alive',
  'upgrade-insecure-requests' => '1',
  'user-agent' => 'Mozilla/5.0 (Windows NT 10.0; Win64; x64) AppleWebKit/537.36 (KHTML, like Gecko) Chrome/70.0.3538.102 Safari/537.36',
  'accept' => 'text/html,application/xhtml+xml,application/xml;q=0.9,image/webp,image/apng,*/*;q=0.8',
  'referer' => 'http://www.enterweb.com/admin.php/index/index.html',
  'accept-encoding' => 'gzip, deflate',
  'accept-language' => 'zh-CN,zh;q=0.9,en;q=0.8',
  'cookie' => 'pgv_pvi=5942132736; PHPSESSID=osmkj2ureufktb2n4egfah6rg1',
)
[ info ] [ PARAM ] array (
)
[ info ] [ DB ] INIT mysql
[ info ] [ VIEW ] C:\wamp\www\enterweb\application\admin\view\news_pic\index.html [ array (
  0 => 'newspic',
  1 => 'newspage',
) ]
[ sql ] [ DB ] CONNECT:[ UseTime:0.002172s ] mysql:host=127.0.0.1;dbname=enterweb;charset=utf8
[ sql ] [ SQL ] SHOW COLUMNS FROM `news_pic` [ RunTime:0.002015s ]
[ sql ] [ SQL ] SELECT COUNT(*) AS tp_count FROM `news_pic` [ RunTime:0.000549s ]
[ sql ] [ SQL ] SELECT * FROM `news_pic` ORDER BY `id` LIMIT 0,5 [ RunTime:0.000796s ]
[ sql ] [ SQL ] SHOW COLUMNS FROM `news` [ RunTime:0.002201s ]
[ sql ] [ SQL ] SELECT `title` FROM `news` WHERE  `id` = 14 LIMIT 1 [ RunTime:0.000759s ]
[ sql ] [ SQL ] SELECT `title` FROM `news` WHERE  `id` = 19 LIMIT 1 [ RunTime:0.000661s ]
[ sql ] [ SQL ] SELECT `title` FROM `news` WHERE  `id` = 18 LIMIT 1 [ RunTime:0.000745s ]
[ sql ] [ SQL ] SELECT `title` FROM `news` WHERE  `id` = 20 LIMIT 1 [ RunTime:0.001449s ]
[ sql ] [ SQL ] SELECT `title` FROM `news` WHERE  `id` = 6 LIMIT 1 [ RunTime:0.001034s ]
---------------------------------------------------------------
[2019-06-24T21:31:10+08:00] 127.0.0.1 GET www.enterweb.com/admin.php/product_pic/index.html
[运行时间：0.123451s] [吞吐率：8.10req/s] [内存消耗：3,663.52kb] [文件加载：82]
[ info ] [ LANG ] C:\wamp\www\enterweb\thinkphp\lang\zh-cn.php
[ info ] [ BIND ] 'admin'
[ info ] [ ROUTE ] array (
)
[ info ] [ HEADER ] array (
  'host' => 'www.enterweb.com',
  'connection' => 'keep-alive',
  'upgrade-insecure-requests' => '1',
  'user-agent' => 'Mozilla/5.0 (Windows NT 10.0; Win64; x64) AppleWebKit/537.36 (KHTML, like Gecko) Chrome/70.0.3538.102 Safari/537.36',
  'accept' => 'text/html,application/xhtml+xml,application/xml;q=0.9,image/webp,image/apng,*/*;q=0.8',
  'referer' => 'http://www.enterweb.com/admin.php/index/index.html',
  'accept-encoding' => 'gzip, deflate',
  'accept-language' => 'zh-CN,zh;q=0.9,en;q=0.8',
  'cookie' => 'pgv_pvi=5942132736; PHPSESSID=osmkj2ureufktb2n4egfah6rg1',
)
[ info ] [ PARAM ] array (
)
[ info ] [ DB ] INIT mysql
[ info ] [ VIEW ] C:\wamp\www\enterweb\application\admin\view\product_pic\index.html [ array (
  0 => 'propic',
  1 => 'pagepic',
) ]
[ sql ] [ DB ] CONNECT:[ UseTime:0.002012s ] mysql:host=127.0.0.1;dbname=enterweb;charset=utf8
[ sql ] [ SQL ] SHOW COLUMNS FROM `product_pic` [ RunTime:0.003875s ]
[ sql ] [ SQL ] SELECT COUNT(*) AS tp_count FROM `product_pic` [ RunTime:0.000577s ]
[ sql ] [ SQL ] SELECT * FROM `product_pic` ORDER BY `id` ASC LIMIT 0,7 [ RunTime:0.000706s ]
[ sql ] [ SQL ] SHOW COLUMNS FROM `product` [ RunTime:0.003677s ]
[ sql ] [ SQL ] SELECT `title` FROM `product` WHERE  `id` = 2 LIMIT 1 [ RunTime:0.000706s ]
---------------------------------------------------------------
[2019-06-24T21:31:10+08:00] 127.0.0.1 GET www.enterweb.com/admin.php/product/index.html
[运行时间：0.111039s] [吞吐率：9.01req/s] [内存消耗：3,678.45kb] [文件加载：82]
[ info ] [ LANG ] C:\wamp\www\enterweb\thinkphp\lang\zh-cn.php
[ info ] [ BIND ] 'admin'
[ info ] [ ROUTE ] array (
)
[ info ] [ HEADER ] array (
  'host' => 'www.enterweb.com',
  'connection' => 'keep-alive',
  'upgrade-insecure-requests' => '1',
  'user-agent' => 'Mozilla/5.0 (Windows NT 10.0; Win64; x64) AppleWebKit/537.36 (KHTML, like Gecko) Chrome/70.0.3538.102 Safari/537.36',
  'accept' => 'text/html,application/xhtml+xml,application/xml;q=0.9,image/webp,image/apng,*/*;q=0.8',
  'referer' => 'http://www.enterweb.com/admin.php/index/index.html',
  'accept-encoding' => 'gzip, deflate',
  'accept-language' => 'zh-CN,zh;q=0.9,en;q=0.8',
  'cookie' => 'pgv_pvi=5942132736; PHPSESSID=osmkj2ureufktb2n4egfah6rg1',
)
[ info ] [ PARAM ] array (
)
[ info ] [ DB ] INIT mysql
[ info ] [ VIEW ] C:\wamp\www\enterweb\application\admin\view\product\index.html [ array (
  0 => 'pagedata',
  1 => 'page',
) ]
[ sql ] [ DB ] CONNECT:[ UseTime:0.001988s ] mysql:host=127.0.0.1;dbname=enterweb;charset=utf8
[ sql ] [ SQL ] SHOW COLUMNS FROM `product` [ RunTime:0.001710s ]
[ sql ] [ SQL ] SELECT COUNT(*) AS tp_count FROM `product` [ RunTime:0.000479s ]
[ sql ] [ SQL ] SELECT * FROM `product` ORDER BY `id` ASC LIMIT 0,8 [ RunTime:0.000580s ]
[ sql ] [ SQL ] SHOW COLUMNS FROM `product_pic` [ RunTime:0.001787s ]
[ sql ] [ SQL ] SELECT `picurl` FROM `product_pic` WHERE  `product_id` = 2 LIMIT 1 [ RunTime:0.000557s ]
[ sql ] [ SQL ] SHOW COLUMNS FROM `sort` [ RunTime:0.005392s ]
[ sql ] [ SQL ] SELECT `title` FROM `sort` WHERE  `id` = 3 LIMIT 1 [ RunTime:0.000661s ]
[ sql ] [ SQL ] SELECT `picurl` FROM `product_pic` WHERE  `product_id` = 3 LIMIT 1 [ RunTime:0.000584s ]
[ sql ] [ SQL ] SELECT `title` FROM `sort` WHERE  `id` = 5 LIMIT 1 [ RunTime:0.000490s ]
---------------------------------------------------------------
[2019-06-24T21:31:12+08:00] 127.0.0.1 GET www.enterweb.com/admin.php/sort/index.html
[运行时间：0.106043s] [吞吐率：9.43req/s] [内存消耗：3,668.14kb] [文件加载：82]
[ info ] [ LANG ] C:\wamp\www\enterweb\thinkphp\lang\zh-cn.php
[ info ] [ BIND ] 'admin'
[ info ] [ ROUTE ] array (
)
[ info ] [ HEADER ] array (
  'host' => 'www.enterweb.com',
  'connection' => 'keep-alive',
  'upgrade-insecure-requests' => '1',
  'user-agent' => 'Mozilla/5.0 (Windows NT 10.0; Win64; x64) AppleWebKit/537.36 (KHTML, like Gecko) Chrome/70.0.3538.102 Safari/537.36',
  'accept' => 'text/html,application/xhtml+xml,application/xml;q=0.9,image/webp,image/apng,*/*;q=0.8',
  'referer' => 'http://www.enterweb.com/admin.php/index/index.html',
  'accept-encoding' => 'gzip, deflate',
  'accept-language' => 'zh-CN,zh;q=0.9,en;q=0.8',
  'cookie' => 'pgv_pvi=5942132736; PHPSESSID=osmkj2ureufktb2n4egfah6rg1',
)
[ info ] [ PARAM ] array (
)
[ info ] [ DB ] INIT mysql
[ info ] [ VIEW ] C:\wamp\www\enterweb\application\admin\view\sort\index.html [ array (
  0 => 'pagedata',
) ]
[ sql ] [ DB ] CONNECT:[ UseTime:0.001979s ] mysql:host=127.0.0.1;dbname=enterweb;charset=utf8
[ sql ] [ SQL ] SHOW COLUMNS FROM `sort` [ RunTime:0.002637s ]
[ sql ] [ SQL ] SELECT COUNT(*) AS tp_count FROM `sort` [ RunTime:0.000731s ]
[ sql ] [ SQL ] SELECT * FROM `sort` ORDER BY `id` ASC LIMIT 0,8 [ RunTime:0.001182s ]
---------------------------------------------------------------
[2019-06-24T21:31:13+08:00] 127.0.0.1 GET www.enterweb.com/admin.php/system/index.html
[运行时间：0.096218s] [吞吐率：10.39req/s] [内存消耗：3,431.11kb] [文件加载：78]
[ info ] [ LANG ] C:\wamp\www\enterweb\thinkphp\lang\zh-cn.php
[ info ] [ BIND ] 'admin'
[ info ] [ ROUTE ] array (
)
[ info ] [ HEADER ] array (
  'host' => 'www.enterweb.com',
  'connection' => 'keep-alive',
  'upgrade-insecure-requests' => '1',
  'user-agent' => 'Mozilla/5.0 (Windows NT 10.0; Win64; x64) AppleWebKit/537.36 (KHTML, like Gecko) Chrome/70.0.3538.102 Safari/537.36',
  'accept' => 'text/html,application/xhtml+xml,application/xml;q=0.9,image/webp,image/apng,*/*;q=0.8',
  'referer' => 'http://www.enterweb.com/admin.php/index/index.html',
  'accept-encoding' => 'gzip, deflate',
  'accept-language' => 'zh-CN,zh;q=0.9,en;q=0.8',
  'cookie' => 'pgv_pvi=5942132736; PHPSESSID=osmkj2ureufktb2n4egfah6rg1',
)
[ info ] [ PARAM ] array (
)
[ info ] [ DB ] INIT mysql
[ info ] [ VIEW ] C:\wamp\www\enterweb\application\admin\view\system\index.html [ array (
  0 => 'system',
) ]
[ sql ] [ DB ] CONNECT:[ UseTime:0.001973s ] mysql:host=127.0.0.1;dbname=enterweb;charset=utf8
[ sql ] [ SQL ] SHOW COLUMNS FROM `system` [ RunTime:0.004495s ]
[ sql ] [ SQL ] SELECT * FROM `system` [ RunTime:0.000938s ]
---------------------------------------------------------------
[2019-06-24T21:31:21+08:00] 127.0.0.1 GET www.enterweb.com/
[运行时间：0.126344s] [吞吐率：7.91req/s] [内存消耗：3,431.09kb] [文件加载：76]
[ info ] [ LANG ] C:\wamp\www\enterweb\thinkphp\lang\zh-cn.php
[ info ] [ ROUTE ] array (
)
[ info ] [ HEADER ] array (
  'host' => 'www.enterweb.com',
  'connection' => 'keep-alive',
  'upgrade-insecure-requests' => '1',
  'user-agent' => 'Mozilla/5.0 (Windows NT 10.0; Win64; x64) AppleWebKit/537.36 (KHTML, like Gecko) Chrome/70.0.3538.102 Safari/537.36',
  'accept' => 'text/html,application/xhtml+xml,application/xml;q=0.9,image/webp,image/apng,*/*;q=0.8',
  'referer' => 'http://www.enterweb.com/admin.php/index/index.html',
  'accept-encoding' => 'gzip, deflate',
  'accept-language' => 'zh-CN,zh;q=0.9,en;q=0.8',
  'cookie' => 'pgv_pvi=5942132736; PHPSESSID=osmkj2ureufktb2n4egfah6rg1',
)
[ info ] [ PARAM ] array (
)
[ info ] [ DB ] INIT mysql
[ info ] [ VIEW ] C:\wamp\www\enterweb\application\index\view\index\index.html [ array (
  0 => 'carousel',
) ]
[ sql ] [ DB ] CONNECT:[ UseTime:0.005495s ] mysql:host=127.0.0.1;dbname=enterweb;charset=utf8
[ sql ] [ SQL ] SHOW COLUMNS FROM `carousel` [ RunTime:0.002634s ]
[ sql ] [ SQL ] SELECT * FROM `carousel` ORDER BY `id` ASC [ RunTime:0.001130s ]
---------------------------------------------------------------
[2019-06-24T21:31:31+08:00] 127.0.0.1 GET www.enterweb.com/admin.php/index/index.html
[运行时间：0.086196s] [吞吐率：11.60req/s] [内存消耗：1,900.20kb] [文件加载：64]
[ info ] [ LANG ] C:\wamp\www\enterweb\thinkphp\lang\zh-cn.php
[ info ] [ BIND ] 'admin'
[ info ] [ ROUTE ] array (
)
[ info ] [ HEADER ] array (
  'host' => 'www.enterweb.com',
  'connection' => 'keep-alive',
  'upgrade-insecure-requests' => '1',
  'user-agent' => 'Mozilla/5.0 (Windows NT 10.0; Win64; x64) AppleWebKit/537.36 (KHTML, like Gecko) Chrome/70.0.3538.102 Safari/537.36',
  'accept' => 'text/html,application/xhtml+xml,application/xml;q=0.9,image/webp,image/apng,*/*;q=0.8',
  'referer' => 'http://www.enterweb.com/admin.php/index/index.html',
  'accept-encoding' => 'gzip, deflate',
  'accept-language' => 'zh-CN,zh;q=0.9,en;q=0.8',
  'cookie' => 'pgv_pvi=5942132736; PHPSESSID=osmkj2ureufktb2n4egfah6rg1',
)
[ info ] [ PARAM ] array (
)
[ info ] [ VIEW ] C:\wamp\www\enterweb\application\admin\view\index\index.html [ array (
  0 => 'username',
) ]
---------------------------------------------------------------
[2019-06-24T21:31:31+08:00] 127.0.0.1 GET www.enterweb.com/admin.php/index/welcome.html
[运行时间：0.076916s] [吞吐率：13.00req/s] [内存消耗：1,824.01kb] [文件加载：62]
[ info ] [ LANG ] C:\wamp\www\enterweb\thinkphp\lang\zh-cn.php
[ info ] [ BIND ] 'admin'
[ info ] [ ROUTE ] array (
)
[ info ] [ HEADER ] array (
  'host' => 'www.enterweb.com',
  'connection' => 'keep-alive',
  'upgrade-insecure-requests' => '1',
  'user-agent' => 'Mozilla/5.0 (Windows NT 10.0; Win64; x64) AppleWebKit/537.36 (KHTML, like Gecko) Chrome/70.0.3538.102 Safari/537.36',
  'accept' => 'text/html,application/xhtml+xml,application/xml;q=0.9,image/webp,image/apng,*/*;q=0.8',
  'referer' => 'http://www.enterweb.com/admin.php/index/index.html',
  'accept-encoding' => 'gzip, deflate',
  'accept-language' => 'zh-CN,zh;q=0.9,en;q=0.8',
  'cookie' => 'pgv_pvi=5942132736; PHPSESSID=osmkj2ureufktb2n4egfah6rg1',
)
[ info ] [ PARAM ] array (
)
[ info ] [ VIEW ] C:\wamp\www\enterweb\application\admin\view\index\welcome.html [ array (
) ]
---------------------------------------------------------------
[2019-06-24T21:36:22+08:00] 127.0.0.1 GET www.enterweb.com/admin.php/system/index.html
[运行时间：0.124172s] [吞吐率：8.05req/s] [内存消耗：3,431.11kb] [文件加载：78]
[ info ] [ LANG ] C:\wamp\www\enterweb\thinkphp\lang\zh-cn.php
[ info ] [ BIND ] 'admin'
[ info ] [ ROUTE ] array (
)
[ info ] [ HEADER ] array (
  'host' => 'www.enterweb.com',
  'connection' => 'keep-alive',
  'upgrade-insecure-requests' => '1',
  'user-agent' => 'Mozilla/5.0 (Windows NT 10.0; Win64; x64) AppleWebKit/537.36 (KHTML, like Gecko) Chrome/70.0.3538.102 Safari/537.36',
  'accept' => 'text/html,application/xhtml+xml,application/xml;q=0.9,image/webp,image/apng,*/*;q=0.8',
  'referer' => 'http://www.enterweb.com/admin.php/index/index.html',
  'accept-encoding' => 'gzip, deflate',
  'accept-language' => 'zh-CN,zh;q=0.9,en;q=0.8',
  'cookie' => 'pgv_pvi=5942132736; PHPSESSID=osmkj2ureufktb2n4egfah6rg1',
)
[ info ] [ PARAM ] array (
)
[ info ] [ DB ] INIT mysql
[ info ] [ VIEW ] C:\wamp\www\enterweb\application\admin\view\system\index.html [ array (
  0 => 'system',
) ]
[ sql ] [ DB ] CONNECT:[ UseTime:0.003916s ] mysql:host=127.0.0.1;dbname=enterweb;charset=utf8
[ sql ] [ SQL ] SHOW COLUMNS FROM `system` [ RunTime:0.004824s ]
[ sql ] [ SQL ] SELECT * FROM `system` [ RunTime:0.000967s ]
