---------------------------------------------------------------
[2019-07-10T11:47:23+08:00] 127.0.0.1 GET www.enterweb.com/
[运行时间：0.552032s] [吞吐率：1.81req/s] [内存消耗：4,342.75kb] [文件加载：80]
[ info ] [ LANG ] D:\wamp64\www\enterweb\thinkphp\lang\zh-cn.php
[ info ] [ ROUTE ] array (
)
[ info ] [ HEADER ] array (
  'host' => 'www.enterweb.com',
  'connection' => 'keep-alive',
  'upgrade-insecure-requests' => '1',
  'user-agent' => 'Mozilla/5.0 (Windows NT 6.1; Win64; x64) AppleWebKit/537.36 (KHTML, like Gecko) Chrome/75.0.3770.100 Safari/537.36',
  'accept' => 'text/html,application/xhtml+xml,application/xml;q=0.9,image/webp,image/apng,*/*;q=0.8,application/signed-exchange;v=b3',
  'accept-encoding' => 'gzip, deflate',
  'accept-language' => 'zh-CN,zh;q=0.9,en;q=0.8',
  'cookie' => 'pgv_pvi=3287991296; Hm_lvt_b393d153aeb26b46e9431fabaf0f6190=1556955667,1556958658,1557021028,1557134625',
)
[ info ] [ PARAM ] array (
)
[ info ] [ DB ] INIT mysql
[ info ] [ VIEW ] D:\wamp64\www\enterweb\application\index\view\index\index.html [ array (
  0 => 'carousel',
) ]
[ sql ] [ DB ] CONNECT:[ UseTime:0.029001s ] mysql:host=127.0.0.1;dbname=enterweb;charset=utf8
[ sql ] [ SQL ] SHOW COLUMNS FROM `carousel` [ RunTime:0.033002s ]
[ sql ] [ SQL ] SELECT * FROM `carousel` ORDER BY `id` ASC [ RunTime:0.009001s ]
---------------------------------------------------------------
[2019-07-10T11:47:25+08:00] 127.0.0.1 GET www.enterweb.com/index/index/contact.html
[运行时间：0.045003s] [吞吐率：22.22req/s] [内存消耗：2,511.88kb] [文件加载：66]
[ info ] [ LANG ] D:\wamp64\www\enterweb\thinkphp\lang\zh-cn.php
[ info ] [ ROUTE ] array (
)
[ info ] [ HEADER ] array (
  'host' => 'www.enterweb.com',
  'connection' => 'keep-alive',
  'upgrade-insecure-requests' => '1',
  'user-agent' => 'Mozilla/5.0 (Windows NT 6.1; Win64; x64) AppleWebKit/537.36 (KHTML, like Gecko) Chrome/75.0.3770.100 Safari/537.36',
  'accept' => 'text/html,application/xhtml+xml,application/xml;q=0.9,image/webp,image/apng,*/*;q=0.8,application/signed-exchange;v=b3',
  'referer' => 'http://www.enterweb.com/',
  'accept-encoding' => 'gzip, deflate',
  'accept-language' => 'zh-CN,zh;q=0.9,en;q=0.8',
  'cookie' => 'pgv_pvi=3287991296; Hm_lvt_b393d153aeb26b46e9431fabaf0f6190=1556955667,1556958658,1557021028,1557134625',
)
[ info ] [ PARAM ] array (
)
[ info ] [ VIEW ] D:\wamp64\www\enterweb\application\index\view\index\contact.html [ array (
) ]
---------------------------------------------------------------
[2019-07-10T17:37:48+08:00] 127.0.0.1 GET www.enterweb.com/index/index/index.html
[运行时间：0.156009s] [吞吐率：6.41req/s] [内存消耗：4,343.63kb] [文件加载：80]
[ info ] [ LANG ] D:\wamp64\www\enterweb\thinkphp\lang\zh-cn.php
[ info ] [ ROUTE ] array (
)
[ info ] [ HEADER ] array (
  'host' => 'www.enterweb.com',
  'connection' => 'keep-alive',
  'upgrade-insecure-requests' => '1',
  'user-agent' => 'Mozilla/5.0 (Windows NT 6.1; Win64; x64) AppleWebKit/537.36 (KHTML, like Gecko) Chrome/75.0.3770.100 Safari/537.36',
  'accept' => 'text/html,application/xhtml+xml,application/xml;q=0.9,image/webp,image/apng,*/*;q=0.8,application/signed-exchange;v=b3',
  'referer' => 'http://www.enterweb.com/index/index/contact.html',
  'accept-encoding' => 'gzip, deflate',
  'accept-language' => 'zh-CN,zh;q=0.9,en;q=0.8',
  'cookie' => 'pgv_pvi=3287991296; Hm_lvt_b393d153aeb26b46e9431fabaf0f6190=1556955667,1556958658,1557021028,1557134625',
)
[ info ] [ PARAM ] array (
)
[ info ] [ DB ] INIT mysql
[ info ] [ VIEW ] D:\wamp64\www\enterweb\application\index\view\index\index.html [ array (
  0 => 'carousel',
) ]
[ sql ] [ DB ] CONNECT:[ UseTime:0.002000s ] mysql:host=127.0.0.1;dbname=enterweb;charset=utf8
[ sql ] [ SQL ] SHOW COLUMNS FROM `carousel` [ RunTime:0.009000s ]
[ sql ] [ SQL ] SELECT * FROM `carousel` ORDER BY `id` ASC [ RunTime:0.000000s ]
