---------------------------------------------------------------
[2019-07-31T11:36:21+08:00] 127.0.0.1 GET www.enterweb.com/
[运行时间：1.291074s] [吞吐率：0.77req/s] [内存消耗：4,349.62kb] [文件加载：80]
[ info ] [ LANG ] D:\wamp64\www\enterweb\thinkphp\lang\zh-cn.php
[ info ] [ ROUTE ] array (
)
[ info ] [ HEADER ] array (
  'host' => 'www.enterweb.com',
  'connection' => 'keep-alive',
  'upgrade-insecure-requests' => '1',
  'user-agent' => 'Mozilla/5.0 (Windows NT 6.1; Win64; x64) AppleWebKit/537.36 (KHTML, like Gecko) Chrome/75.0.3770.142 Safari/537.36',
  'accept' => 'text/html,application/xhtml+xml,application/xml;q=0.9,image/webp,image/apng,*/*;q=0.8,application/signed-exchange;v=b3',
  'accept-encoding' => 'gzip, deflate',
  'accept-language' => 'zh-CN,zh;q=0.9,en;q=0.8',
  'cookie' => 'pgv_pvi=3287991296; Hm_lvt_b393d153aeb26b46e9431fabaf0f6190=1556955667,1556958658,1557021028,1557134625',
)
[ info ] [ PARAM ] array (
)
[ info ] [ DB ] INIT mysql
[ info ] [ VIEW ] D:\wamp64\www\enterweb\application\index\view\index\index.html [ array (
  0 => 'carousel',
) ]
[ sql ] [ DB ] CONNECT:[ UseTime:0.129008s ] mysql:host=127.0.0.1;dbname=enterweb;charset=utf8
[ sql ] [ SQL ] SHOW COLUMNS FROM `carousel` [ RunTime:0.100006s ]
[ sql ] [ SQL ] SELECT * FROM `carousel` ORDER BY `id` ASC [ RunTime:0.017001s ]
---------------------------------------------------------------
[2019-07-31T11:36:28+08:00] 127.0.0.1 GET www.enterweb.com/admin.php
[运行时间：0.137008s] [吞吐率：7.30req/s] [内存消耗：2,516.04kb] [文件加载：69]
[ info ] [ LANG ] D:\wamp64\www\enterweb\thinkphp\lang\zh-cn.php
[ info ] [ BIND ] 'admin'
[ info ] [ ROUTE ] array (
)
[ info ] [ HEADER ] array (
  'host' => 'www.enterweb.com',
  'connection' => 'keep-alive',
  'upgrade-insecure-requests' => '1',
  'user-agent' => 'Mozilla/5.0 (Windows NT 6.1; Win64; x64) AppleWebKit/537.36 (KHTML, like Gecko) Chrome/75.0.3770.142 Safari/537.36',
  'accept' => 'text/html,application/xhtml+xml,application/xml;q=0.9,image/webp,image/apng,*/*;q=0.8,application/signed-exchange;v=b3',
  'accept-encoding' => 'gzip, deflate',
  'accept-language' => 'zh-CN,zh;q=0.9,en;q=0.8',
  'cookie' => 'pgv_pvi=3287991296; Hm_lvt_b393d153aeb26b46e9431fabaf0f6190=1556955667,1556958658,1557021028,1557134625',
)
[ info ] [ PARAM ] array (
)
[ info ] [ VIEW ] D:\wamp64\www\enterweb\thinkphp\tpl/dispatch_jump.tpl [ array (
  0 => 'code',
  1 => 'msg',
  2 => 'data',
  3 => 'url',
  4 => 'wait',
) ]
---------------------------------------------------------------
[2019-07-31T11:36:31+08:00] 127.0.0.1 GET www.enterweb.com/admin.php/login/login.html
[运行时间：0.044003s] [吞吐率：22.73req/s] [内存消耗：2,511.75kb] [文件加载：66]
[ info ] [ LANG ] D:\wamp64\www\enterweb\thinkphp\lang\zh-cn.php
[ info ] [ BIND ] 'admin'
[ info ] [ ROUTE ] array (
)
[ info ] [ HEADER ] array (
  'host' => 'www.enterweb.com',
  'connection' => 'keep-alive',
  'upgrade-insecure-requests' => '1',
  'user-agent' => 'Mozilla/5.0 (Windows NT 6.1; Win64; x64) AppleWebKit/537.36 (KHTML, like Gecko) Chrome/75.0.3770.142 Safari/537.36',
  'accept' => 'text/html,application/xhtml+xml,application/xml;q=0.9,image/webp,image/apng,*/*;q=0.8,application/signed-exchange;v=b3',
  'referer' => 'http://www.enterweb.com/admin.php',
  'accept-encoding' => 'gzip, deflate',
  'accept-language' => 'zh-CN,zh;q=0.9,en;q=0.8',
  'cookie' => 'pgv_pvi=3287991296; Hm_lvt_b393d153aeb26b46e9431fabaf0f6190=1556955667,1556958658,1557021028,1557134625; PHPSESSID=s9cvtffp9mknvguu36gubocvop',
)
[ info ] [ PARAM ] array (
)
[ info ] [ VIEW ] D:\wamp64\www\enterweb\application\admin\view\login\login.html [ array (
) ]
---------------------------------------------------------------
[2019-07-31T11:36:31+08:00] 127.0.0.1 GET www.enterweb.com/admin.php/captcha.html
[运行时间：0.257015s] [吞吐率：3.89req/s] [内存消耗：1,871.94kb] [文件加载：54]
[ info ] [ LANG ] D:\wamp64\www\enterweb\thinkphp\lang\zh-cn.php
[ info ] [ BIND ] 'admin'
[ info ] [ ROUTE ] array (
  'rule' => 'captcha/<id?>',
  'route' => '\\think\\captcha\\CaptchaController@index',
  'option' => 
  array (
    'merge_rule_regex' => false,
  ),
  'var' => 
  array (
  ),
)
[ info ] [ HEADER ] array (
  'host' => 'www.enterweb.com',
  'connection' => 'keep-alive',
  'user-agent' => 'Mozilla/5.0 (Windows NT 6.1; Win64; x64) AppleWebKit/537.36 (KHTML, like Gecko) Chrome/75.0.3770.142 Safari/537.36',
  'accept' => 'image/webp,image/apng,image/*,*/*;q=0.8',
  'referer' => 'http://www.enterweb.com/admin.php/login/login.html',
  'accept-encoding' => 'gzip, deflate',
  'accept-language' => 'zh-CN,zh;q=0.9,en;q=0.8',
  'cookie' => 'pgv_pvi=3287991296; Hm_lvt_b393d153aeb26b46e9431fabaf0f6190=1556955667,1556958658,1557021028,1557134625; PHPSESSID=s9cvtffp9mknvguu36gubocvop',
)
[ info ] [ PARAM ] array (
)
---------------------------------------------------------------
[2019-07-31T11:36:38+08:00] 127.0.0.1 POST www.enterweb.com/admin.php/login/dologin.html
[运行时间：0.149008s] [吞吐率：6.71req/s] [内存消耗：4,247.27kb] [文件加载：80]
[ info ] [ LANG ] D:\wamp64\www\enterweb\thinkphp\lang\zh-cn.php
[ info ] [ BIND ] 'admin'
[ info ] [ ROUTE ] array (
)
[ info ] [ HEADER ] array (
  'host' => 'www.enterweb.com',
  'connection' => 'keep-alive',
  'content-length' => '43',
  'accept' => 'application/json, text/javascript, */*; q=0.01',
  'origin' => 'http://www.enterweb.com',
  'x-requested-with' => 'XMLHttpRequest',
  'user-agent' => 'Mozilla/5.0 (Windows NT 6.1; Win64; x64) AppleWebKit/537.36 (KHTML, like Gecko) Chrome/75.0.3770.142 Safari/537.36',
  'content-type' => 'application/x-www-form-urlencoded; charset=UTF-8',
  'referer' => 'http://www.enterweb.com/admin.php/login/login.html',
  'accept-encoding' => 'gzip, deflate',
  'accept-language' => 'zh-CN,zh;q=0.9,en;q=0.8',
  'cookie' => 'pgv_pvi=3287991296; Hm_lvt_b393d153aeb26b46e9431fabaf0f6190=1556955667,1556958658,1557021028,1557134625; PHPSESSID=s9cvtffp9mknvguu36gubocvop',
)
[ info ] [ PARAM ] array (
  'username' => 'admin',
  'password' => '123456',
  'captcha' => 'wcu4',
)
[ info ] [ DB ] INIT mysql
[ sql ] [ DB ] CONNECT:[ UseTime:0.011001s ] mysql:host=127.0.0.1;dbname=enterweb;charset=utf8
[ sql ] [ SQL ] SHOW COLUMNS FROM `user` [ RunTime:0.060003s ]
[ sql ] [ SQL ] SELECT * FROM `user` WHERE  `username` = 'admin' LIMIT 1 [ RunTime:0.010001s ]
---------------------------------------------------------------
[2019-07-31T11:36:40+08:00] 127.0.0.1 GET www.enterweb.com/admin.php/index/index.html
[运行时间：0.051003s] [吞吐率：19.61req/s] [内存消耗：2,514.24kb] [文件加载：68]
[ info ] [ LANG ] D:\wamp64\www\enterweb\thinkphp\lang\zh-cn.php
[ info ] [ BIND ] 'admin'
[ info ] [ ROUTE ] array (
)
[ info ] [ HEADER ] array (
  'host' => 'www.enterweb.com',
  'connection' => 'keep-alive',
  'upgrade-insecure-requests' => '1',
  'user-agent' => 'Mozilla/5.0 (Windows NT 6.1; Win64; x64) AppleWebKit/537.36 (KHTML, like Gecko) Chrome/75.0.3770.142 Safari/537.36',
  'accept' => 'text/html,application/xhtml+xml,application/xml;q=0.9,image/webp,image/apng,*/*;q=0.8,application/signed-exchange;v=b3',
  'referer' => 'http://www.enterweb.com/admin.php/login/login.html',
  'accept-encoding' => 'gzip, deflate',
  'accept-language' => 'zh-CN,zh;q=0.9,en;q=0.8',
  'cookie' => 'pgv_pvi=3287991296; Hm_lvt_b393d153aeb26b46e9431fabaf0f6190=1556955667,1556958658,1557021028,1557134625; PHPSESSID=s9cvtffp9mknvguu36gubocvop',
)
[ info ] [ PARAM ] array (
)
[ info ] [ VIEW ] D:\wamp64\www\enterweb\application\admin\view\index\index.html [ array (
  0 => 'username',
) ]
---------------------------------------------------------------
[2019-07-31T11:36:40+08:00] 127.0.0.1 GET www.enterweb.com/admin.php/index/welcome.html
[运行时间：0.055003s] [吞吐率：18.18req/s] [内存消耗：2,431.09kb] [文件加载：66]
[ info ] [ LANG ] D:\wamp64\www\enterweb\thinkphp\lang\zh-cn.php
[ info ] [ BIND ] 'admin'
[ info ] [ ROUTE ] array (
)
[ info ] [ HEADER ] array (
  'host' => 'www.enterweb.com',
  'connection' => 'keep-alive',
  'upgrade-insecure-requests' => '1',
  'user-agent' => 'Mozilla/5.0 (Windows NT 6.1; Win64; x64) AppleWebKit/537.36 (KHTML, like Gecko) Chrome/75.0.3770.142 Safari/537.36',
  'accept' => 'text/html,application/xhtml+xml,application/xml;q=0.9,image/webp,image/apng,*/*;q=0.8,application/signed-exchange;v=b3',
  'referer' => 'http://www.enterweb.com/admin.php/index/index.html',
  'accept-encoding' => 'gzip, deflate',
  'accept-language' => 'zh-CN,zh;q=0.9,en;q=0.8',
  'cookie' => 'pgv_pvi=3287991296; Hm_lvt_b393d153aeb26b46e9431fabaf0f6190=1556955667,1556958658,1557021028,1557134625; PHPSESSID=s9cvtffp9mknvguu36gubocvop',
)
[ info ] [ PARAM ] array (
)
[ info ] [ VIEW ] D:\wamp64\www\enterweb\application\admin\view\index\welcome.html [ array (
) ]
---------------------------------------------------------------
[2019-07-31T11:36:52+08:00] 127.0.0.1 GET www.enterweb.com/admin.php/user/index.html
[运行时间：0.104006s] [吞吐率：9.61req/s] [内存消耗：4,436.94kb] [文件加载：84]
[ info ] [ LANG ] D:\wamp64\www\enterweb\thinkphp\lang\zh-cn.php
[ info ] [ BIND ] 'admin'
[ info ] [ ROUTE ] array (
)
[ info ] [ HEADER ] array (
  'host' => 'www.enterweb.com',
  'connection' => 'keep-alive',
  'upgrade-insecure-requests' => '1',
  'user-agent' => 'Mozilla/5.0 (Windows NT 6.1; Win64; x64) AppleWebKit/537.36 (KHTML, like Gecko) Chrome/75.0.3770.142 Safari/537.36',
  'accept' => 'text/html,application/xhtml+xml,application/xml;q=0.9,image/webp,image/apng,*/*;q=0.8,application/signed-exchange;v=b3',
  'referer' => 'http://www.enterweb.com/admin.php/index/index.html',
  'accept-encoding' => 'gzip, deflate',
  'accept-language' => 'zh-CN,zh;q=0.9,en;q=0.8',
  'cookie' => 'pgv_pvi=3287991296; Hm_lvt_b393d153aeb26b46e9431fabaf0f6190=1556955667,1556958658,1557021028,1557134625; PHPSESSID=s9cvtffp9mknvguu36gubocvop',
)
[ info ] [ PARAM ] array (
)
[ info ] [ DB ] INIT mysql
[ info ] [ VIEW ] D:\wamp64\www\enterweb\application\admin\view\user\index.html [ array (
  0 => 'user',
  1 => 'page',
) ]
[ sql ] [ DB ] CONNECT:[ UseTime:0.001000s ] mysql:host=127.0.0.1;dbname=enterweb;charset=utf8
[ sql ] [ SQL ] SHOW COLUMNS FROM `user` [ RunTime:0.001000s ]
[ sql ] [ SQL ] SELECT COUNT(*) AS tp_count FROM `user` [ RunTime:0.001000s ]
[ sql ] [ SQL ] SELECT * FROM `user` ORDER BY `id` ASC LIMIT 0,8 [ RunTime:0.001000s ]
---------------------------------------------------------------
[2019-07-31T11:36:54+08:00] 127.0.0.1 GET www.enterweb.com/admin.php/user/index.html?page=2
[运行时间：0.042002s] [吞吐率：23.81req/s] [内存消耗：4,421.95kb] [文件加载：84]
[ info ] [ LANG ] D:\wamp64\www\enterweb\thinkphp\lang\zh-cn.php
[ info ] [ BIND ] 'admin'
[ info ] [ ROUTE ] array (
)
[ info ] [ HEADER ] array (
  'host' => 'www.enterweb.com',
  'connection' => 'keep-alive',
  'upgrade-insecure-requests' => '1',
  'user-agent' => 'Mozilla/5.0 (Windows NT 6.1; Win64; x64) AppleWebKit/537.36 (KHTML, like Gecko) Chrome/75.0.3770.142 Safari/537.36',
  'accept' => 'text/html,application/xhtml+xml,application/xml;q=0.9,image/webp,image/apng,*/*;q=0.8,application/signed-exchange;v=b3',
  'referer' => 'http://www.enterweb.com/admin.php/user/index.html',
  'accept-encoding' => 'gzip, deflate',
  'accept-language' => 'zh-CN,zh;q=0.9,en;q=0.8',
  'cookie' => 'pgv_pvi=3287991296; Hm_lvt_b393d153aeb26b46e9431fabaf0f6190=1556955667,1556958658,1557021028,1557134625; PHPSESSID=s9cvtffp9mknvguu36gubocvop',
)
[ info ] [ PARAM ] array (
  'page' => '2',
)
[ info ] [ DB ] INIT mysql
[ info ] [ VIEW ] D:\wamp64\www\enterweb\application\admin\view\user\index.html [ array (
  0 => 'user',
  1 => 'page',
) ]
[ sql ] [ DB ] CONNECT:[ UseTime:0.001000s ] mysql:host=127.0.0.1;dbname=enterweb;charset=utf8
[ sql ] [ SQL ] SHOW COLUMNS FROM `user` [ RunTime:0.000000s ]
[ sql ] [ SQL ] SELECT COUNT(*) AS tp_count FROM `user` [ RunTime:0.000000s ]
[ sql ] [ SQL ] SELECT * FROM `user` ORDER BY `id` ASC LIMIT 8,8 [ RunTime:0.001000s ]
---------------------------------------------------------------
[2019-07-31T11:36:56+08:00] 127.0.0.1 GET www.enterweb.com/admin.php/user/index.html?page=1
[运行时间：0.042002s] [吞吐率：23.81req/s] [内存消耗：4,437.36kb] [文件加载：84]
[ info ] [ LANG ] D:\wamp64\www\enterweb\thinkphp\lang\zh-cn.php
[ info ] [ BIND ] 'admin'
[ info ] [ ROUTE ] array (
)
[ info ] [ HEADER ] array (
  'host' => 'www.enterweb.com',
  'connection' => 'keep-alive',
  'upgrade-insecure-requests' => '1',
  'user-agent' => 'Mozilla/5.0 (Windows NT 6.1; Win64; x64) AppleWebKit/537.36 (KHTML, like Gecko) Chrome/75.0.3770.142 Safari/537.36',
  'accept' => 'text/html,application/xhtml+xml,application/xml;q=0.9,image/webp,image/apng,*/*;q=0.8,application/signed-exchange;v=b3',
  'referer' => 'http://www.enterweb.com/admin.php/user/index.html?page=2',
  'accept-encoding' => 'gzip, deflate',
  'accept-language' => 'zh-CN,zh;q=0.9,en;q=0.8',
  'cookie' => 'pgv_pvi=3287991296; Hm_lvt_b393d153aeb26b46e9431fabaf0f6190=1556955667,1556958658,1557021028,1557134625; PHPSESSID=s9cvtffp9mknvguu36gubocvop',
)
[ info ] [ PARAM ] array (
  'page' => '1',
)
[ info ] [ DB ] INIT mysql
[ info ] [ VIEW ] D:\wamp64\www\enterweb\application\admin\view\user\index.html [ array (
  0 => 'user',
  1 => 'page',
) ]
[ sql ] [ DB ] CONNECT:[ UseTime:0.002001s ] mysql:host=127.0.0.1;dbname=enterweb;charset=utf8
[ sql ] [ SQL ] SHOW COLUMNS FROM `user` [ RunTime:0.001000s ]
[ sql ] [ SQL ] SELECT COUNT(*) AS tp_count FROM `user` [ RunTime:0.000000s ]
[ sql ] [ SQL ] SELECT * FROM `user` ORDER BY `id` ASC LIMIT 0,8 [ RunTime:0.001000s ]
---------------------------------------------------------------
[2019-07-31T11:37:15+08:00] 127.0.0.1 GET www.enterweb.com/admin.php/user/add.html
[运行时间：0.109006s] [吞吐率：9.17req/s] [内存消耗：2,720.42kb] [文件加载：70]
[ info ] [ LANG ] D:\wamp64\www\enterweb\thinkphp\lang\zh-cn.php
[ info ] [ BIND ] 'admin'
[ info ] [ ROUTE ] array (
)
[ info ] [ HEADER ] array (
  'host' => 'www.enterweb.com',
  'connection' => 'keep-alive',
  'upgrade-insecure-requests' => '1',
  'user-agent' => 'Mozilla/5.0 (Windows NT 6.1; Win64; x64) AppleWebKit/537.36 (KHTML, like Gecko) Chrome/75.0.3770.142 Safari/537.36',
  'accept' => 'text/html,application/xhtml+xml,application/xml;q=0.9,image/webp,image/apng,*/*;q=0.8,application/signed-exchange;v=b3',
  'referer' => 'http://www.enterweb.com/admin.php/user/index.html?page=1',
  'accept-encoding' => 'gzip, deflate',
  'accept-language' => 'zh-CN,zh;q=0.9,en;q=0.8',
  'cookie' => 'pgv_pvi=3287991296; Hm_lvt_b393d153aeb26b46e9431fabaf0f6190=1556955667,1556958658,1557021028,1557134625; PHPSESSID=s9cvtffp9mknvguu36gubocvop',
)
[ info ] [ PARAM ] array (
)
[ info ] [ VIEW ] D:\wamp64\www\enterweb\application\admin\view\user\add.html [ array (
) ]
---------------------------------------------------------------
[2019-07-31T11:37:22+08:00] 127.0.0.1 GET www.enterweb.com/admin.php/news/index.html
[运行时间：0.183011s] [吞吐率：5.46req/s] [内存消耗：4,457.68kb] [文件加载：84]
[ info ] [ LANG ] D:\wamp64\www\enterweb\thinkphp\lang\zh-cn.php
[ info ] [ BIND ] 'admin'
[ info ] [ ROUTE ] array (
)
[ info ] [ HEADER ] array (
  'host' => 'www.enterweb.com',
  'connection' => 'keep-alive',
  'upgrade-insecure-requests' => '1',
  'user-agent' => 'Mozilla/5.0 (Windows NT 6.1; Win64; x64) AppleWebKit/537.36 (KHTML, like Gecko) Chrome/75.0.3770.142 Safari/537.36',
  'accept' => 'text/html,application/xhtml+xml,application/xml;q=0.9,image/webp,image/apng,*/*;q=0.8,application/signed-exchange;v=b3',
  'referer' => 'http://www.enterweb.com/admin.php/index/index.html',
  'accept-encoding' => 'gzip, deflate',
  'accept-language' => 'zh-CN,zh;q=0.9,en;q=0.8',
  'cookie' => 'pgv_pvi=3287991296; Hm_lvt_b393d153aeb26b46e9431fabaf0f6190=1556955667,1556958658,1557021028,1557134625; PHPSESSID=s9cvtffp9mknvguu36gubocvop',
)
[ info ] [ PARAM ] array (
)
[ info ] [ DB ] INIT mysql
[ info ] [ VIEW ] D:\wamp64\www\enterweb\application\admin\view\news\index.html [ array (
  0 => 'pagedata',
  1 => 'page',
) ]
[ sql ] [ DB ] CONNECT:[ UseTime:0.011000s ] mysql:host=127.0.0.1;dbname=enterweb;charset=utf8
[ sql ] [ SQL ] SHOW COLUMNS FROM `news` [ RunTime:0.035002s ]
[ sql ] [ SQL ] SELECT COUNT(*) AS tp_count FROM `news` [ RunTime:0.001000s ]
[ sql ] [ SQL ] SELECT * FROM `news` ORDER BY `id` ASC LIMIT 0,10 [ RunTime:0.001001s ]
[ sql ] [ SQL ] SHOW COLUMNS FROM `news_pic` [ RunTime:0.019001s ]
[ sql ] [ SQL ] SELECT `picurl` FROM `news_pic` WHERE  `news_id` = 6 LIMIT 1 [ RunTime:0.013001s ]
[ sql ] [ SQL ] SELECT `picurl` FROM `news_pic` WHERE  `news_id` = 8 LIMIT 1 [ RunTime:0.000000s ]
[ sql ] [ SQL ] SELECT `picurl` FROM `news_pic` WHERE  `news_id` = 14 LIMIT 1 [ RunTime:0.000000s ]
[ sql ] [ SQL ] SELECT `picurl` FROM `news_pic` WHERE  `news_id` = 15 LIMIT 1 [ RunTime:0.000000s ]
[ sql ] [ SQL ] SELECT `picurl` FROM `news_pic` WHERE  `news_id` = 18 LIMIT 1 [ RunTime:0.000000s ]
[ sql ] [ SQL ] SELECT `picurl` FROM `news_pic` WHERE  `news_id` = 19 LIMIT 1 [ RunTime:0.001000s ]
[ sql ] [ SQL ] SELECT `picurl` FROM `news_pic` WHERE  `news_id` = 20 LIMIT 1 [ RunTime:0.001000s ]
[ sql ] [ SQL ] SELECT `picurl` FROM `news_pic` WHERE  `news_id` = 21 LIMIT 1 [ RunTime:0.001000s ]
[ sql ] [ SQL ] SELECT `picurl` FROM `news_pic` WHERE  `news_id` = 22 LIMIT 1 [ RunTime:0.001000s ]
[ sql ] [ SQL ] SELECT `picurl` FROM `news_pic` WHERE  `news_id` = 23 LIMIT 1 [ RunTime:0.001001s ]
---------------------------------------------------------------
[2019-07-31T11:37:23+08:00] 127.0.0.1 GET www.enterweb.com/admin.php/news_pic/index.html
[运行时间：0.122007s] [吞吐率：8.20req/s] [内存消耗：4,425.80kb] [文件加载：84]
[ info ] [ LANG ] D:\wamp64\www\enterweb\thinkphp\lang\zh-cn.php
[ info ] [ BIND ] 'admin'
[ info ] [ ROUTE ] array (
)
[ info ] [ HEADER ] array (
  'host' => 'www.enterweb.com',
  'connection' => 'keep-alive',
  'upgrade-insecure-requests' => '1',
  'user-agent' => 'Mozilla/5.0 (Windows NT 6.1; Win64; x64) AppleWebKit/537.36 (KHTML, like Gecko) Chrome/75.0.3770.142 Safari/537.36',
  'accept' => 'text/html,application/xhtml+xml,application/xml;q=0.9,image/webp,image/apng,*/*;q=0.8,application/signed-exchange;v=b3',
  'referer' => 'http://www.enterweb.com/admin.php/index/index.html',
  'accept-encoding' => 'gzip, deflate',
  'accept-language' => 'zh-CN,zh;q=0.9,en;q=0.8',
  'cookie' => 'pgv_pvi=3287991296; Hm_lvt_b393d153aeb26b46e9431fabaf0f6190=1556955667,1556958658,1557021028,1557134625; PHPSESSID=s9cvtffp9mknvguu36gubocvop',
)
[ info ] [ PARAM ] array (
)
[ info ] [ DB ] INIT mysql
[ info ] [ VIEW ] D:\wamp64\www\enterweb\application\admin\view\news_pic\index.html [ array (
  0 => 'newspic',
  1 => 'newspage',
) ]
[ sql ] [ DB ] CONNECT:[ UseTime:0.003000s ] mysql:host=127.0.0.1;dbname=enterweb;charset=utf8
[ sql ] [ SQL ] SHOW COLUMNS FROM `news_pic` [ RunTime:0.001000s ]
[ sql ] [ SQL ] SELECT COUNT(*) AS tp_count FROM `news_pic` [ RunTime:0.000000s ]
[ sql ] [ SQL ] SELECT * FROM `news_pic` ORDER BY `id` LIMIT 0,5 [ RunTime:0.001000s ]
[ sql ] [ SQL ] SHOW COLUMNS FROM `news` [ RunTime:0.001000s ]
[ sql ] [ SQL ] SELECT `title` FROM `news` WHERE  `id` = 14 LIMIT 1 [ RunTime:0.000000s ]
[ sql ] [ SQL ] SELECT `title` FROM `news` WHERE  `id` = 19 LIMIT 1 [ RunTime:0.000000s ]
[ sql ] [ SQL ] SELECT `title` FROM `news` WHERE  `id` = 18 LIMIT 1 [ RunTime:0.001000s ]
[ sql ] [ SQL ] SELECT `title` FROM `news` WHERE  `id` = 20 LIMIT 1 [ RunTime:0.000000s ]
[ sql ] [ SQL ] SELECT `title` FROM `news` WHERE  `id` = 6 LIMIT 1 [ RunTime:0.000000s ]
---------------------------------------------------------------
[2019-07-31T11:37:26+08:00] 127.0.0.1 GET www.enterweb.com/admin.php/product/index.html
[运行时间：0.129007s] [吞吐率：7.75req/s] [内存消耗：4,432.19kb] [文件加载：84]
[ info ] [ LANG ] D:\wamp64\www\enterweb\thinkphp\lang\zh-cn.php
[ info ] [ BIND ] 'admin'
[ info ] [ ROUTE ] array (
)
[ info ] [ HEADER ] array (
  'host' => 'www.enterweb.com',
  'connection' => 'keep-alive',
  'upgrade-insecure-requests' => '1',
  'user-agent' => 'Mozilla/5.0 (Windows NT 6.1; Win64; x64) AppleWebKit/537.36 (KHTML, like Gecko) Chrome/75.0.3770.142 Safari/537.36',
  'accept' => 'text/html,application/xhtml+xml,application/xml;q=0.9,image/webp,image/apng,*/*;q=0.8,application/signed-exchange;v=b3',
  'referer' => 'http://www.enterweb.com/admin.php/index/index.html',
  'accept-encoding' => 'gzip, deflate',
  'accept-language' => 'zh-CN,zh;q=0.9,en;q=0.8',
  'cookie' => 'pgv_pvi=3287991296; Hm_lvt_b393d153aeb26b46e9431fabaf0f6190=1556955667,1556958658,1557021028,1557134625; PHPSESSID=s9cvtffp9mknvguu36gubocvop',
)
[ info ] [ PARAM ] array (
)
[ info ] [ DB ] INIT mysql
[ info ] [ VIEW ] D:\wamp64\www\enterweb\application\admin\view\product\index.html [ array (
  0 => 'pagedata',
  1 => 'page',
) ]
[ sql ] [ DB ] CONNECT:[ UseTime:0.001000s ] mysql:host=127.0.0.1;dbname=enterweb;charset=utf8
[ sql ] [ SQL ] SHOW COLUMNS FROM `product` [ RunTime:0.007001s ]
[ sql ] [ SQL ] SELECT COUNT(*) AS tp_count FROM `product` [ RunTime:0.000000s ]
[ sql ] [ SQL ] SELECT * FROM `product` ORDER BY `id` ASC LIMIT 0,8 [ RunTime:0.000000s ]
[ sql ] [ SQL ] SHOW COLUMNS FROM `product_pic` [ RunTime:0.029001s ]
[ sql ] [ SQL ] SELECT `picurl` FROM `product_pic` WHERE  `product_id` = 2 LIMIT 1 [ RunTime:0.000000s ]
[ sql ] [ SQL ] SHOW COLUMNS FROM `sort` [ RunTime:0.008001s ]
[ sql ] [ SQL ] SELECT `title` FROM `sort` WHERE  `id` = 3 LIMIT 1 [ RunTime:0.000000s ]
[ sql ] [ SQL ] SELECT `picurl` FROM `product_pic` WHERE  `product_id` = 3 LIMIT 1 [ RunTime:0.000000s ]
[ sql ] [ SQL ] SELECT `title` FROM `sort` WHERE  `id` = 5 LIMIT 1 [ RunTime:0.000000s ]
---------------------------------------------------------------
[2019-07-31T11:37:27+08:00] 127.0.0.1 GET www.enterweb.com/admin.php/product_pic/index.html
[运行时间：0.105006s] [吞吐率：9.52req/s] [内存消耗：4,415.31kb] [文件加载：84]
[ info ] [ LANG ] D:\wamp64\www\enterweb\thinkphp\lang\zh-cn.php
[ info ] [ BIND ] 'admin'
[ info ] [ ROUTE ] array (
)
[ info ] [ HEADER ] array (
  'host' => 'www.enterweb.com',
  'connection' => 'keep-alive',
  'upgrade-insecure-requests' => '1',
  'user-agent' => 'Mozilla/5.0 (Windows NT 6.1; Win64; x64) AppleWebKit/537.36 (KHTML, like Gecko) Chrome/75.0.3770.142 Safari/537.36',
  'accept' => 'text/html,application/xhtml+xml,application/xml;q=0.9,image/webp,image/apng,*/*;q=0.8,application/signed-exchange;v=b3',
  'referer' => 'http://www.enterweb.com/admin.php/index/index.html',
  'accept-encoding' => 'gzip, deflate',
  'accept-language' => 'zh-CN,zh;q=0.9,en;q=0.8',
  'cookie' => 'pgv_pvi=3287991296; Hm_lvt_b393d153aeb26b46e9431fabaf0f6190=1556955667,1556958658,1557021028,1557134625; PHPSESSID=s9cvtffp9mknvguu36gubocvop',
)
[ info ] [ PARAM ] array (
)
[ info ] [ DB ] INIT mysql
[ info ] [ VIEW ] D:\wamp64\www\enterweb\application\admin\view\product_pic\index.html [ array (
  0 => 'propic',
  1 => 'pagepic',
) ]
[ sql ] [ DB ] CONNECT:[ UseTime:0.002000s ] mysql:host=127.0.0.1;dbname=enterweb;charset=utf8
[ sql ] [ SQL ] SHOW COLUMNS FROM `product_pic` [ RunTime:0.001000s ]
[ sql ] [ SQL ] SELECT COUNT(*) AS tp_count FROM `product_pic` [ RunTime:0.000000s ]
[ sql ] [ SQL ] SELECT * FROM `product_pic` ORDER BY `id` ASC LIMIT 0,7 [ RunTime:0.001000s ]
[ sql ] [ SQL ] SHOW COLUMNS FROM `product` [ RunTime:0.001000s ]
[ sql ] [ SQL ] SELECT `title` FROM `product` WHERE  `id` = 2 LIMIT 1 [ RunTime:0.001000s ]
---------------------------------------------------------------
[2019-07-31T11:37:29+08:00] 127.0.0.1 GET www.enterweb.com/admin.php/sort/index.html
[运行时间：0.082005s] [吞吐率：12.19req/s] [内存消耗：4,420.26kb] [文件加载：84]
[ info ] [ LANG ] D:\wamp64\www\enterweb\thinkphp\lang\zh-cn.php
[ info ] [ BIND ] 'admin'
[ info ] [ ROUTE ] array (
)
[ info ] [ HEADER ] array (
  'host' => 'www.enterweb.com',
  'connection' => 'keep-alive',
  'upgrade-insecure-requests' => '1',
  'user-agent' => 'Mozilla/5.0 (Windows NT 6.1; Win64; x64) AppleWebKit/537.36 (KHTML, like Gecko) Chrome/75.0.3770.142 Safari/537.36',
  'accept' => 'text/html,application/xhtml+xml,application/xml;q=0.9,image/webp,image/apng,*/*;q=0.8,application/signed-exchange;v=b3',
  'referer' => 'http://www.enterweb.com/admin.php/index/index.html',
  'accept-encoding' => 'gzip, deflate',
  'accept-language' => 'zh-CN,zh;q=0.9,en;q=0.8',
  'cookie' => 'pgv_pvi=3287991296; Hm_lvt_b393d153aeb26b46e9431fabaf0f6190=1556955667,1556958658,1557021028,1557134625; PHPSESSID=s9cvtffp9mknvguu36gubocvop',
)
[ info ] [ PARAM ] array (
)
[ info ] [ DB ] INIT mysql
[ info ] [ VIEW ] D:\wamp64\www\enterweb\application\admin\view\sort\index.html [ array (
  0 => 'pagedata',
) ]
[ sql ] [ DB ] CONNECT:[ UseTime:0.002000s ] mysql:host=127.0.0.1;dbname=enterweb;charset=utf8
[ sql ] [ SQL ] SHOW COLUMNS FROM `sort` [ RunTime:0.001000s ]
[ sql ] [ SQL ] SELECT COUNT(*) AS tp_count FROM `sort` [ RunTime:0.000000s ]
[ sql ] [ SQL ] SELECT * FROM `sort` ORDER BY `id` ASC LIMIT 0,8 [ RunTime:0.000000s ]
---------------------------------------------------------------
[2019-07-31T11:37:57+08:00] 127.0.0.1 GET www.enterweb.com/admin.php/news/edit.html?id=6
[运行时间：0.099006s] [吞吐率：10.10req/s] [内存消耗：4,274.18kb] [文件加载：81]
[ info ] [ LANG ] D:\wamp64\www\enterweb\thinkphp\lang\zh-cn.php
[ info ] [ BIND ] 'admin'
[ info ] [ ROUTE ] array (
)
[ info ] [ HEADER ] array (
  'host' => 'www.enterweb.com',
  'connection' => 'keep-alive',
  'upgrade-insecure-requests' => '1',
  'user-agent' => 'Mozilla/5.0 (Windows NT 6.1; Win64; x64) AppleWebKit/537.36 (KHTML, like Gecko) Chrome/75.0.3770.142 Safari/537.36',
  'accept' => 'text/html,application/xhtml+xml,application/xml;q=0.9,image/webp,image/apng,*/*;q=0.8,application/signed-exchange;v=b3',
  'referer' => 'http://www.enterweb.com/admin.php/news/index.html',
  'accept-encoding' => 'gzip, deflate',
  'accept-language' => 'zh-CN,zh;q=0.9,en;q=0.8',
  'cookie' => 'pgv_pvi=3287991296; Hm_lvt_b393d153aeb26b46e9431fabaf0f6190=1556955667,1556958658,1557021028,1557134625; PHPSESSID=s9cvtffp9mknvguu36gubocvop',
)
[ info ] [ PARAM ] array (
  'id' => '6',
)
[ info ] [ DB ] INIT mysql
[ info ] [ VIEW ] D:\wamp64\www\enterweb\application\admin\view\news\edit.html [ array (
  0 => 'news',
) ]
[ sql ] [ DB ] CONNECT:[ UseTime:0.007001s ] mysql:host=127.0.0.1;dbname=enterweb;charset=utf8
[ sql ] [ SQL ] SHOW COLUMNS FROM `news` [ RunTime:0.003000s ]
[ sql ] [ SQL ] SELECT * FROM `news` WHERE  `id` = 6 LIMIT 1 [ RunTime:0.001000s ]
---------------------------------------------------------------
[2019-07-31T11:38:11+08:00] 127.0.0.1 GET www.enterweb.com/admin.php/news_pic/index.html
[运行时间：0.048003s] [吞吐率：20.83req/s] [内存消耗：4,425.80kb] [文件加载：84]
[ info ] [ LANG ] D:\wamp64\www\enterweb\thinkphp\lang\zh-cn.php
[ info ] [ BIND ] 'admin'
[ info ] [ ROUTE ] array (
)
[ info ] [ HEADER ] array (
  'host' => 'www.enterweb.com',
  'connection' => 'keep-alive',
  'upgrade-insecure-requests' => '1',
  'user-agent' => 'Mozilla/5.0 (Windows NT 6.1; Win64; x64) AppleWebKit/537.36 (KHTML, like Gecko) Chrome/75.0.3770.142 Safari/537.36',
  'accept' => 'text/html,application/xhtml+xml,application/xml;q=0.9,image/webp,image/apng,*/*;q=0.8,application/signed-exchange;v=b3',
  'referer' => 'http://www.enterweb.com/admin.php/news_pic/index.html',
  'accept-encoding' => 'gzip, deflate',
  'accept-language' => 'zh-CN,zh;q=0.9,en;q=0.8',
  'cookie' => 'pgv_pvi=3287991296; Hm_lvt_b393d153aeb26b46e9431fabaf0f6190=1556955667,1556958658,1557021028,1557134625; PHPSESSID=s9cvtffp9mknvguu36gubocvop',
)
[ info ] [ PARAM ] array (
)
[ info ] [ DB ] INIT mysql
[ info ] [ VIEW ] D:\wamp64\www\enterweb\application\admin\view\news_pic\index.html [ array (
  0 => 'newspic',
  1 => 'newspage',
) ]
[ sql ] [ DB ] CONNECT:[ UseTime:0.002000s ] mysql:host=127.0.0.1;dbname=enterweb;charset=utf8
[ sql ] [ SQL ] SHOW COLUMNS FROM `news_pic` [ RunTime:0.001000s ]
[ sql ] [ SQL ] SELECT COUNT(*) AS tp_count FROM `news_pic` [ RunTime:0.000000s ]
[ sql ] [ SQL ] SELECT * FROM `news_pic` ORDER BY `id` LIMIT 0,5 [ RunTime:0.001000s ]
[ sql ] [ SQL ] SHOW COLUMNS FROM `news` [ RunTime:0.001000s ]
[ sql ] [ SQL ] SELECT `title` FROM `news` WHERE  `id` = 14 LIMIT 1 [ RunTime:0.001000s ]
[ sql ] [ SQL ] SELECT `title` FROM `news` WHERE  `id` = 19 LIMIT 1 [ RunTime:0.000000s ]
[ sql ] [ SQL ] SELECT `title` FROM `news` WHERE  `id` = 18 LIMIT 1 [ RunTime:0.000000s ]
[ sql ] [ SQL ] SELECT `title` FROM `news` WHERE  `id` = 20 LIMIT 1 [ RunTime:0.001000s ]
[ sql ] [ SQL ] SELECT `title` FROM `news` WHERE  `id` = 6 LIMIT 1 [ RunTime:0.000000s ]
---------------------------------------------------------------
[2019-07-31T11:38:12+08:00] 127.0.0.1 GET www.enterweb.com/admin.php/news_pic/index.html?page=2
[运行时间：0.054003s] [吞吐率：18.52req/s] [内存消耗：4,423.59kb] [文件加载：84]
[ info ] [ LANG ] D:\wamp64\www\enterweb\thinkphp\lang\zh-cn.php
[ info ] [ BIND ] 'admin'
[ info ] [ ROUTE ] array (
)
[ info ] [ HEADER ] array (
  'host' => 'www.enterweb.com',
  'connection' => 'keep-alive',
  'upgrade-insecure-requests' => '1',
  'user-agent' => 'Mozilla/5.0 (Windows NT 6.1; Win64; x64) AppleWebKit/537.36 (KHTML, like Gecko) Chrome/75.0.3770.142 Safari/537.36',
  'accept' => 'text/html,application/xhtml+xml,application/xml;q=0.9,image/webp,image/apng,*/*;q=0.8,application/signed-exchange;v=b3',
  'referer' => 'http://www.enterweb.com/admin.php/news_pic/index.html',
  'accept-encoding' => 'gzip, deflate',
  'accept-language' => 'zh-CN,zh;q=0.9,en;q=0.8',
  'cookie' => 'pgv_pvi=3287991296; Hm_lvt_b393d153aeb26b46e9431fabaf0f6190=1556955667,1556958658,1557021028,1557134625; PHPSESSID=s9cvtffp9mknvguu36gubocvop',
)
[ info ] [ PARAM ] array (
  'page' => '2',
)
[ info ] [ DB ] INIT mysql
[ info ] [ VIEW ] D:\wamp64\www\enterweb\application\admin\view\news_pic\index.html [ array (
  0 => 'newspic',
  1 => 'newspage',
) ]
[ sql ] [ DB ] CONNECT:[ UseTime:0.011001s ] mysql:host=127.0.0.1;dbname=enterweb;charset=utf8
[ sql ] [ SQL ] SHOW COLUMNS FROM `news_pic` [ RunTime:0.001000s ]
[ sql ] [ SQL ] SELECT COUNT(*) AS tp_count FROM `news_pic` [ RunTime:0.000000s ]
[ sql ] [ SQL ] SELECT * FROM `news_pic` ORDER BY `id` LIMIT 5,5 [ RunTime:0.000000s ]
[ sql ] [ SQL ] SHOW COLUMNS FROM `news` [ RunTime:0.001000s ]
[ sql ] [ SQL ] SELECT `title` FROM `news` WHERE  `id` = 8 LIMIT 1 [ RunTime:0.000000s ]
[ sql ] [ SQL ] SELECT `title` FROM `news` WHERE  `id` = 15 LIMIT 1 [ RunTime:0.000000s ]
[ sql ] [ SQL ] SELECT `title` FROM `news` WHERE  `id` = 6 LIMIT 1 [ RunTime:0.000000s ]
[ sql ] [ SQL ] SELECT `title` FROM `news` WHERE  `id` = 6 LIMIT 1 [ RunTime:0.000000s ]
---------------------------------------------------------------
[2019-07-31T11:38:15+08:00] 127.0.0.1 GET www.enterweb.com/admin.php/news_pic/index.html?page=1
[运行时间：0.048003s] [吞吐率：20.83req/s] [内存消耗：4,426.22kb] [文件加载：84]
[ info ] [ LANG ] D:\wamp64\www\enterweb\thinkphp\lang\zh-cn.php
[ info ] [ BIND ] 'admin'
[ info ] [ ROUTE ] array (
)
[ info ] [ HEADER ] array (
  'host' => 'www.enterweb.com',
  'connection' => 'keep-alive',
  'upgrade-insecure-requests' => '1',
  'user-agent' => 'Mozilla/5.0 (Windows NT 6.1; Win64; x64) AppleWebKit/537.36 (KHTML, like Gecko) Chrome/75.0.3770.142 Safari/537.36',
  'accept' => 'text/html,application/xhtml+xml,application/xml;q=0.9,image/webp,image/apng,*/*;q=0.8,application/signed-exchange;v=b3',
  'referer' => 'http://www.enterweb.com/admin.php/news_pic/index.html?page=2',
  'accept-encoding' => 'gzip, deflate',
  'accept-language' => 'zh-CN,zh;q=0.9,en;q=0.8',
  'cookie' => 'pgv_pvi=3287991296; Hm_lvt_b393d153aeb26b46e9431fabaf0f6190=1556955667,1556958658,1557021028,1557134625; PHPSESSID=s9cvtffp9mknvguu36gubocvop',
)
[ info ] [ PARAM ] array (
  'page' => '1',
)
[ info ] [ DB ] INIT mysql
[ info ] [ VIEW ] D:\wamp64\www\enterweb\application\admin\view\news_pic\index.html [ array (
  0 => 'newspic',
  1 => 'newspage',
) ]
[ sql ] [ DB ] CONNECT:[ UseTime:0.002000s ] mysql:host=127.0.0.1;dbname=enterweb;charset=utf8
[ sql ] [ SQL ] SHOW COLUMNS FROM `news_pic` [ RunTime:0.001001s ]
[ sql ] [ SQL ] SELECT COUNT(*) AS tp_count FROM `news_pic` [ RunTime:0.000000s ]
[ sql ] [ SQL ] SELECT * FROM `news_pic` ORDER BY `id` LIMIT 0,5 [ RunTime:0.000000s ]
[ sql ] [ SQL ] SHOW COLUMNS FROM `news` [ RunTime:0.001000s ]
[ sql ] [ SQL ] SELECT `title` FROM `news` WHERE  `id` = 14 LIMIT 1 [ RunTime:0.001000s ]
[ sql ] [ SQL ] SELECT `title` FROM `news` WHERE  `id` = 19 LIMIT 1 [ RunTime:0.001000s ]
[ sql ] [ SQL ] SELECT `title` FROM `news` WHERE  `id` = 18 LIMIT 1 [ RunTime:0.001000s ]
[ sql ] [ SQL ] SELECT `title` FROM `news` WHERE  `id` = 20 LIMIT 1 [ RunTime:0.000000s ]
[ sql ] [ SQL ] SELECT `title` FROM `news` WHERE  `id` = 6 LIMIT 1 [ RunTime:0.000000s ]
---------------------------------------------------------------
[2019-07-31T11:38:16+08:00] 127.0.0.1 GET www.enterweb.com/admin.php/news_pic/index.html?page=2
[运行时间：0.047003s] [吞吐率：21.28req/s] [内存消耗：4,423.60kb] [文件加载：84]
[ info ] [ LANG ] D:\wamp64\www\enterweb\thinkphp\lang\zh-cn.php
[ info ] [ BIND ] 'admin'
[ info ] [ ROUTE ] array (
)
[ info ] [ HEADER ] array (
  'host' => 'www.enterweb.com',
  'connection' => 'keep-alive',
  'upgrade-insecure-requests' => '1',
  'user-agent' => 'Mozilla/5.0 (Windows NT 6.1; Win64; x64) AppleWebKit/537.36 (KHTML, like Gecko) Chrome/75.0.3770.142 Safari/537.36',
  'accept' => 'text/html,application/xhtml+xml,application/xml;q=0.9,image/webp,image/apng,*/*;q=0.8,application/signed-exchange;v=b3',
  'referer' => 'http://www.enterweb.com/admin.php/news_pic/index.html?page=1',
  'accept-encoding' => 'gzip, deflate',
  'accept-language' => 'zh-CN,zh;q=0.9,en;q=0.8',
  'cookie' => 'pgv_pvi=3287991296; Hm_lvt_b393d153aeb26b46e9431fabaf0f6190=1556955667,1556958658,1557021028,1557134625; PHPSESSID=s9cvtffp9mknvguu36gubocvop',
)
[ info ] [ PARAM ] array (
  'page' => '2',
)
[ info ] [ DB ] INIT mysql
[ info ] [ VIEW ] D:\wamp64\www\enterweb\application\admin\view\news_pic\index.html [ array (
  0 => 'newspic',
  1 => 'newspage',
) ]
[ sql ] [ DB ] CONNECT:[ UseTime:0.001000s ] mysql:host=127.0.0.1;dbname=enterweb;charset=utf8
[ sql ] [ SQL ] SHOW COLUMNS FROM `news_pic` [ RunTime:0.001000s ]
[ sql ] [ SQL ] SELECT COUNT(*) AS tp_count FROM `news_pic` [ RunTime:0.001000s ]
[ sql ] [ SQL ] SELECT * FROM `news_pic` ORDER BY `id` LIMIT 5,5 [ RunTime:0.000000s ]
[ sql ] [ SQL ] SHOW COLUMNS FROM `news` [ RunTime:0.001000s ]
[ sql ] [ SQL ] SELECT `title` FROM `news` WHERE  `id` = 8 LIMIT 1 [ RunTime:0.000000s ]
[ sql ] [ SQL ] SELECT `title` FROM `news` WHERE  `id` = 15 LIMIT 1 [ RunTime:0.000000s ]
[ sql ] [ SQL ] SELECT `title` FROM `news` WHERE  `id` = 6 LIMIT 1 [ RunTime:0.000000s ]
[ sql ] [ SQL ] SELECT `title` FROM `news` WHERE  `id` = 6 LIMIT 1 [ RunTime:0.000000s ]
---------------------------------------------------------------
[2019-07-31T11:38:20+08:00] 127.0.0.1 POST www.enterweb.com/admin.php/news_pic/del.html
[运行时间：0.046002s] [吞吐率：21.74req/s] [内存消耗：4,144.09kb] [文件加载：79]
[ info ] [ LANG ] D:\wamp64\www\enterweb\thinkphp\lang\zh-cn.php
[ info ] [ BIND ] 'admin'
[ info ] [ ROUTE ] array (
)
[ info ] [ HEADER ] array (
  'host' => 'www.enterweb.com',
  'connection' => 'keep-alive',
  'content-length' => '5',
  'accept' => 'application/json, text/javascript, */*; q=0.01',
  'origin' => 'http://www.enterweb.com',
  'x-requested-with' => 'XMLHttpRequest',
  'user-agent' => 'Mozilla/5.0 (Windows NT 6.1; Win64; x64) AppleWebKit/537.36 (KHTML, like Gecko) Chrome/75.0.3770.142 Safari/537.36',
  'content-type' => 'application/x-www-form-urlencoded; charset=UTF-8',
  'referer' => 'http://www.enterweb.com/admin.php/news_pic/index.html?page=2',
  'accept-encoding' => 'gzip, deflate',
  'accept-language' => 'zh-CN,zh;q=0.9,en;q=0.8',
  'cookie' => 'pgv_pvi=3287991296; Hm_lvt_b393d153aeb26b46e9431fabaf0f6190=1556955667,1556958658,1557021028,1557134625; PHPSESSID=s9cvtffp9mknvguu36gubocvop',
)
[ info ] [ PARAM ] array (
  'id' => '12',
)
[ info ] [ DB ] INIT mysql
[ sql ] [ DB ] CONNECT:[ UseTime:0.001000s ] mysql:host=127.0.0.1;dbname=enterweb;charset=utf8
[ sql ] [ SQL ] SHOW COLUMNS FROM `news_pic` [ RunTime:0.002000s ]
[ sql ] [ SQL ] DELETE FROM `news_pic` WHERE  `id` = 12 [ RunTime:0.001000s ]
---------------------------------------------------------------
[2019-07-31T11:38:20+08:00] 127.0.0.1 GET www.enterweb.com/admin.php/news_pic/index.html?page=2
[运行时间：0.049003s] [吞吐率：20.41req/s] [内存消耗：4,420.56kb] [文件加载：84]
[ info ] [ LANG ] D:\wamp64\www\enterweb\thinkphp\lang\zh-cn.php
[ info ] [ BIND ] 'admin'
[ info ] [ ROUTE ] array (
)
[ info ] [ HEADER ] array (
  'host' => 'www.enterweb.com',
  'connection' => 'keep-alive',
  'cache-control' => 'max-age=0',
  'upgrade-insecure-requests' => '1',
  'user-agent' => 'Mozilla/5.0 (Windows NT 6.1; Win64; x64) AppleWebKit/537.36 (KHTML, like Gecko) Chrome/75.0.3770.142 Safari/537.36',
  'accept' => 'text/html,application/xhtml+xml,application/xml;q=0.9,image/webp,image/apng,*/*;q=0.8,application/signed-exchange;v=b3',
  'referer' => 'http://www.enterweb.com/admin.php/news_pic/index.html?page=2',
  'accept-encoding' => 'gzip, deflate',
  'accept-language' => 'zh-CN,zh;q=0.9,en;q=0.8',
  'cookie' => 'pgv_pvi=3287991296; Hm_lvt_b393d153aeb26b46e9431fabaf0f6190=1556955667,1556958658,1557021028,1557134625; PHPSESSID=s9cvtffp9mknvguu36gubocvop',
)
[ info ] [ PARAM ] array (
  'page' => '2',
)
[ info ] [ DB ] INIT mysql
[ info ] [ VIEW ] D:\wamp64\www\enterweb\application\admin\view\news_pic\index.html [ array (
  0 => 'newspic',
  1 => 'newspage',
) ]
[ sql ] [ DB ] CONNECT:[ UseTime:0.002000s ] mysql:host=127.0.0.1;dbname=enterweb;charset=utf8
[ sql ] [ SQL ] SHOW COLUMNS FROM `news_pic` [ RunTime:0.001000s ]
[ sql ] [ SQL ] SELECT COUNT(*) AS tp_count FROM `news_pic` [ RunTime:0.000000s ]
[ sql ] [ SQL ] SELECT * FROM `news_pic` ORDER BY `id` LIMIT 5,5 [ RunTime:0.000000s ]
[ sql ] [ SQL ] SHOW COLUMNS FROM `news` [ RunTime:0.001000s ]
[ sql ] [ SQL ] SELECT `title` FROM `news` WHERE  `id` = 8 LIMIT 1 [ RunTime:0.000000s ]
[ sql ] [ SQL ] SELECT `title` FROM `news` WHERE  `id` = 15 LIMIT 1 [ RunTime:0.000000s ]
[ sql ] [ SQL ] SELECT `title` FROM `news` WHERE  `id` = 6 LIMIT 1 [ RunTime:0.001000s ]
---------------------------------------------------------------
[2019-07-31T11:38:24+08:00] 127.0.0.1 GET www.enterweb.com/admin.php/carousel/index.html
[运行时间：0.072004s] [吞吐率：13.89req/s] [内存消耗：4,413.63kb] [文件加载：84]
[ info ] [ LANG ] D:\wamp64\www\enterweb\thinkphp\lang\zh-cn.php
[ info ] [ BIND ] 'admin'
[ info ] [ ROUTE ] array (
)
[ info ] [ HEADER ] array (
  'host' => 'www.enterweb.com',
  'connection' => 'keep-alive',
  'upgrade-insecure-requests' => '1',
  'user-agent' => 'Mozilla/5.0 (Windows NT 6.1; Win64; x64) AppleWebKit/537.36 (KHTML, like Gecko) Chrome/75.0.3770.142 Safari/537.36',
  'accept' => 'text/html,application/xhtml+xml,application/xml;q=0.9,image/webp,image/apng,*/*;q=0.8,application/signed-exchange;v=b3',
  'referer' => 'http://www.enterweb.com/admin.php/index/index.html',
  'accept-encoding' => 'gzip, deflate',
  'accept-language' => 'zh-CN,zh;q=0.9,en;q=0.8',
  'cookie' => 'pgv_pvi=3287991296; Hm_lvt_b393d153aeb26b46e9431fabaf0f6190=1556955667,1556958658,1557021028,1557134625; PHPSESSID=s9cvtffp9mknvguu36gubocvop',
)
[ info ] [ PARAM ] array (
)
[ info ] [ DB ] INIT mysql
[ info ] [ VIEW ] D:\wamp64\www\enterweb\application\admin\view\carousel\index.html [ array (
  0 => 'data',
  1 => 'page',
) ]
[ sql ] [ DB ] CONNECT:[ UseTime:0.001000s ] mysql:host=127.0.0.1;dbname=enterweb;charset=utf8
[ sql ] [ SQL ] SHOW COLUMNS FROM `carousel` [ RunTime:0.001000s ]
[ sql ] [ SQL ] SELECT COUNT(*) AS tp_count FROM `carousel` [ RunTime:0.000000s ]
[ sql ] [ SQL ] SELECT * FROM `carousel` ORDER BY `id` ASC LIMIT 0,8 [ RunTime:0.000000s ]
---------------------------------------------------------------
[2019-07-31T11:38:27+08:00] 127.0.0.1 GET www.enterweb.com/admin.php/system/index.html
[运行时间：0.101006s] [吞吐率：9.90req/s] [内存消耗：4,341.94kb] [文件加载：82]
[ info ] [ LANG ] D:\wamp64\www\enterweb\thinkphp\lang\zh-cn.php
[ info ] [ BIND ] 'admin'
[ info ] [ ROUTE ] array (
)
[ info ] [ HEADER ] array (
  'host' => 'www.enterweb.com',
  'connection' => 'keep-alive',
  'upgrade-insecure-requests' => '1',
  'user-agent' => 'Mozilla/5.0 (Windows NT 6.1; Win64; x64) AppleWebKit/537.36 (KHTML, like Gecko) Chrome/75.0.3770.142 Safari/537.36',
  'accept' => 'text/html,application/xhtml+xml,application/xml;q=0.9,image/webp,image/apng,*/*;q=0.8,application/signed-exchange;v=b3',
  'referer' => 'http://www.enterweb.com/admin.php/index/index.html',
  'accept-encoding' => 'gzip, deflate',
  'accept-language' => 'zh-CN,zh;q=0.9,en;q=0.8',
  'cookie' => 'pgv_pvi=3287991296; Hm_lvt_b393d153aeb26b46e9431fabaf0f6190=1556955667,1556958658,1557021028,1557134625; PHPSESSID=s9cvtffp9mknvguu36gubocvop',
)
[ info ] [ PARAM ] array (
)
[ info ] [ DB ] INIT mysql
[ info ] [ VIEW ] D:\wamp64\www\enterweb\application\admin\view\system\index.html [ array (
  0 => 'system',
) ]
[ sql ] [ DB ] CONNECT:[ UseTime:0.001000s ] mysql:host=127.0.0.1;dbname=enterweb;charset=utf8
[ sql ] [ SQL ] SHOW COLUMNS FROM `system` [ RunTime:0.019002s ]
[ sql ] [ SQL ] SELECT * FROM `system` [ RunTime:0.001000s ]
---------------------------------------------------------------
[2019-07-31T11:38:39+08:00] 127.0.0.1 GET www.enterweb.com/admin.php/system/contact.html
[运行时间：0.096005s] [吞吐率：10.42req/s] [内存消耗：4,425.95kb] [文件加载：84]
[ info ] [ LANG ] D:\wamp64\www\enterweb\thinkphp\lang\zh-cn.php
[ info ] [ BIND ] 'admin'
[ info ] [ ROUTE ] array (
)
[ info ] [ HEADER ] array (
  'host' => 'www.enterweb.com',
  'connection' => 'keep-alive',
  'upgrade-insecure-requests' => '1',
  'user-agent' => 'Mozilla/5.0 (Windows NT 6.1; Win64; x64) AppleWebKit/537.36 (KHTML, like Gecko) Chrome/75.0.3770.142 Safari/537.36',
  'accept' => 'text/html,application/xhtml+xml,application/xml;q=0.9,image/webp,image/apng,*/*;q=0.8,application/signed-exchange;v=b3',
  'referer' => 'http://www.enterweb.com/admin.php/index/index.html',
  'accept-encoding' => 'gzip, deflate',
  'accept-language' => 'zh-CN,zh;q=0.9,en;q=0.8',
  'cookie' => 'pgv_pvi=3287991296; Hm_lvt_b393d153aeb26b46e9431fabaf0f6190=1556955667,1556958658,1557021028,1557134625; PHPSESSID=s9cvtffp9mknvguu36gubocvop',
)
[ info ] [ PARAM ] array (
)
[ info ] [ DB ] INIT mysql
[ info ] [ VIEW ] D:\wamp64\www\enterweb\application\admin\view\system\contact.html [ array (
  0 => 'cardata',
  1 => 'carpage',
) ]
[ sql ] [ DB ] CONNECT:[ UseTime:0.001000s ] mysql:host=127.0.0.1;dbname=enterweb;charset=utf8
[ sql ] [ SQL ] SHOW COLUMNS FROM `contact` [ RunTime:0.013001s ]
[ sql ] [ SQL ] SELECT COUNT(*) AS tp_count FROM `contact` [ RunTime:0.000000s ]
[ sql ] [ SQL ] SELECT * FROM `contact` ORDER BY `id` ASC LIMIT 0,8 [ RunTime:0.000000s ]
---------------------------------------------------------------
[2019-07-31T11:40:35+08:00] 127.0.0.1 GET www.enterweb.com/admin.php/login/logout.html
[运行时间：0.060004s] [吞吐率：16.67req/s] [内存消耗：2,529.46kb] [文件加载：67]
[ info ] [ LANG ] D:\wamp64\www\enterweb\thinkphp\lang\zh-cn.php
[ info ] [ BIND ] 'admin'
[ info ] [ ROUTE ] array (
)
[ info ] [ HEADER ] array (
  'host' => 'www.enterweb.com',
  'connection' => 'keep-alive',
  'upgrade-insecure-requests' => '1',
  'user-agent' => 'Mozilla/5.0 (Windows NT 6.1; Win64; x64) AppleWebKit/537.36 (KHTML, like Gecko) Chrome/75.0.3770.142 Safari/537.36',
  'accept' => 'text/html,application/xhtml+xml,application/xml;q=0.9,image/webp,image/apng,*/*;q=0.8,application/signed-exchange;v=b3',
  'referer' => 'http://www.enterweb.com/admin.php/index/index.html',
  'accept-encoding' => 'gzip, deflate',
  'accept-language' => 'zh-CN,zh;q=0.9,en;q=0.8',
  'cookie' => 'pgv_pvi=3287991296; Hm_lvt_b393d153aeb26b46e9431fabaf0f6190=1556955667,1556958658,1557021028,1557134625; PHPSESSID=s9cvtffp9mknvguu36gubocvop',
)
[ info ] [ PARAM ] array (
)
---------------------------------------------------------------
[2019-07-31T11:40:35+08:00] 127.0.0.1 GET www.enterweb.com/admin.php/login/login.html
[运行时间：0.028002s] [吞吐率：35.71req/s] [内存消耗：2,511.77kb] [文件加载：66]
[ info ] [ LANG ] D:\wamp64\www\enterweb\thinkphp\lang\zh-cn.php
[ info ] [ BIND ] 'admin'
[ info ] [ ROUTE ] array (
)
[ info ] [ HEADER ] array (
  'host' => 'www.enterweb.com',
  'connection' => 'keep-alive',
  'upgrade-insecure-requests' => '1',
  'user-agent' => 'Mozilla/5.0 (Windows NT 6.1; Win64; x64) AppleWebKit/537.36 (KHTML, like Gecko) Chrome/75.0.3770.142 Safari/537.36',
  'accept' => 'text/html,application/xhtml+xml,application/xml;q=0.9,image/webp,image/apng,*/*;q=0.8,application/signed-exchange;v=b3',
  'referer' => 'http://www.enterweb.com/admin.php/index/index.html',
  'accept-encoding' => 'gzip, deflate',
  'accept-language' => 'zh-CN,zh;q=0.9,en;q=0.8',
  'cookie' => 'pgv_pvi=3287991296; Hm_lvt_b393d153aeb26b46e9431fabaf0f6190=1556955667,1556958658,1557021028,1557134625; PHPSESSID=s9cvtffp9mknvguu36gubocvop',
)
[ info ] [ PARAM ] array (
)
[ info ] [ VIEW ] D:\wamp64\www\enterweb\application\admin\view\login\login.html [ array (
) ]
---------------------------------------------------------------
[2019-07-31T11:40:35+08:00] 127.0.0.1 GET www.enterweb.com/admin.php/captcha.html
[运行时间：0.035002s] [吞吐率：28.57req/s] [内存消耗：1,872.06kb] [文件加载：54]
[ info ] [ LANG ] D:\wamp64\www\enterweb\thinkphp\lang\zh-cn.php
[ info ] [ BIND ] 'admin'
[ info ] [ ROUTE ] array (
  'rule' => 'captcha/<id?>',
  'route' => '\\think\\captcha\\CaptchaController@index',
  'option' => 
  array (
    'merge_rule_regex' => false,
  ),
  'var' => 
  array (
  ),
)
[ info ] [ HEADER ] array (
  'host' => 'www.enterweb.com',
  'connection' => 'keep-alive',
  'user-agent' => 'Mozilla/5.0 (Windows NT 6.1; Win64; x64) AppleWebKit/537.36 (KHTML, like Gecko) Chrome/75.0.3770.142 Safari/537.36',
  'accept' => 'image/webp,image/apng,image/*,*/*;q=0.8',
  'referer' => 'http://www.enterweb.com/admin.php/login/login.html',
  'accept-encoding' => 'gzip, deflate',
  'accept-language' => 'zh-CN,zh;q=0.9,en;q=0.8',
  'cookie' => 'pgv_pvi=3287991296; Hm_lvt_b393d153aeb26b46e9431fabaf0f6190=1556955667,1556958658,1557021028,1557134625; PHPSESSID=s9cvtffp9mknvguu36gubocvop',
)
[ info ] [ PARAM ] array (
)
---------------------------------------------------------------
[2019-07-31T11:40:46+08:00] 127.0.0.1 GET www.enterweb.com/admin.php/index/index
[运行时间：0.034002s] [吞吐率：29.41req/s] [内存消耗：2,517.49kb] [文件加载：69]
[ info ] [ LANG ] D:\wamp64\www\enterweb\thinkphp\lang\zh-cn.php
[ info ] [ BIND ] 'admin'
[ info ] [ ROUTE ] array (
)
[ info ] [ HEADER ] array (
  'host' => 'www.enterweb.com',
  'connection' => 'keep-alive',
  'upgrade-insecure-requests' => '1',
  'user-agent' => 'Mozilla/5.0 (Windows NT 6.1; Win64; x64) AppleWebKit/537.36 (KHTML, like Gecko) Chrome/75.0.3770.142 Safari/537.36',
  'accept' => 'text/html,application/xhtml+xml,application/xml;q=0.9,image/webp,image/apng,*/*;q=0.8,application/signed-exchange;v=b3',
  'accept-encoding' => 'gzip, deflate',
  'accept-language' => 'zh-CN,zh;q=0.9,en;q=0.8',
  'cookie' => 'pgv_pvi=3287991296; Hm_lvt_b393d153aeb26b46e9431fabaf0f6190=1556955667,1556958658,1557021028,1557134625; PHPSESSID=s9cvtffp9mknvguu36gubocvop',
)
[ info ] [ PARAM ] array (
)
[ info ] [ VIEW ] D:\wamp64\www\enterweb\thinkphp\tpl/dispatch_jump.tpl [ array (
  0 => 'code',
  1 => 'msg',
  2 => 'data',
  3 => 'url',
  4 => 'wait',
) ]
---------------------------------------------------------------
[2019-07-31T11:40:49+08:00] 127.0.0.1 GET www.enterweb.com/admin.php/login/login.html
[运行时间：0.026001s] [吞吐率：38.46req/s] [内存消耗：2,511.77kb] [文件加载：66]
[ info ] [ LANG ] D:\wamp64\www\enterweb\thinkphp\lang\zh-cn.php
[ info ] [ BIND ] 'admin'
[ info ] [ ROUTE ] array (
)
[ info ] [ HEADER ] array (
  'host' => 'www.enterweb.com',
  'connection' => 'keep-alive',
  'upgrade-insecure-requests' => '1',
  'user-agent' => 'Mozilla/5.0 (Windows NT 6.1; Win64; x64) AppleWebKit/537.36 (KHTML, like Gecko) Chrome/75.0.3770.142 Safari/537.36',
  'accept' => 'text/html,application/xhtml+xml,application/xml;q=0.9,image/webp,image/apng,*/*;q=0.8,application/signed-exchange;v=b3',
  'referer' => 'http://www.enterweb.com/admin.php/index/index',
  'accept-encoding' => 'gzip, deflate',
  'accept-language' => 'zh-CN,zh;q=0.9,en;q=0.8',
  'cookie' => 'pgv_pvi=3287991296; Hm_lvt_b393d153aeb26b46e9431fabaf0f6190=1556955667,1556958658,1557021028,1557134625; PHPSESSID=s9cvtffp9mknvguu36gubocvop',
)
[ info ] [ PARAM ] array (
)
[ info ] [ VIEW ] D:\wamp64\www\enterweb\application\admin\view\login\login.html [ array (
) ]
---------------------------------------------------------------
[2019-07-31T11:40:50+08:00] 127.0.0.1 GET www.enterweb.com/admin.php/captcha.html
[运行时间：0.071004s] [吞吐率：14.08req/s] [内存消耗：1,872.21kb] [文件加载：54]
[ info ] [ LANG ] D:\wamp64\www\enterweb\thinkphp\lang\zh-cn.php
[ info ] [ BIND ] 'admin'
[ info ] [ ROUTE ] array (
  'rule' => 'captcha/<id?>',
  'route' => '\\think\\captcha\\CaptchaController@index',
  'option' => 
  array (
    'merge_rule_regex' => false,
  ),
  'var' => 
  array (
  ),
)
[ info ] [ HEADER ] array (
  'host' => 'www.enterweb.com',
  'connection' => 'keep-alive',
  'user-agent' => 'Mozilla/5.0 (Windows NT 6.1; Win64; x64) AppleWebKit/537.36 (KHTML, like Gecko) Chrome/75.0.3770.142 Safari/537.36',
  'accept' => 'image/webp,image/apng,image/*,*/*;q=0.8',
  'referer' => 'http://www.enterweb.com/admin.php/login/login.html',
  'accept-encoding' => 'gzip, deflate',
  'accept-language' => 'zh-CN,zh;q=0.9,en;q=0.8',
  'cookie' => 'pgv_pvi=3287991296; Hm_lvt_b393d153aeb26b46e9431fabaf0f6190=1556955667,1556958658,1557021028,1557134625; PHPSESSID=s9cvtffp9mknvguu36gubocvop',
)
[ info ] [ PARAM ] array (
)
---------------------------------------------------------------
[2019-07-31T14:33:20+08:00] 127.0.0.1 GET www.enterweb.com/admin.php/login/login.html
[运行时间：0.372021s] [吞吐率：2.69req/s] [内存消耗：2,701.00kb] [文件加载：68]
[ info ] [ LANG ] D:\wamp64\www\enterweb\thinkphp\lang\zh-cn.php
[ info ] [ BIND ] 'admin'
[ info ] [ ROUTE ] array (
)
[ info ] [ HEADER ] array (
  'host' => 'www.enterweb.com',
  'connection' => 'keep-alive',
  'pragma' => 'no-cache',
  'cache-control' => 'no-cache',
  'upgrade-insecure-requests' => '1',
  'user-agent' => 'Mozilla/5.0 (Windows NT 6.1; Win64; x64) AppleWebKit/537.36 (KHTML, like Gecko) Chrome/75.0.3770.142 Safari/537.36',
  'accept' => 'text/html,application/xhtml+xml,application/xml;q=0.9,image/webp,image/apng,*/*;q=0.8,application/signed-exchange;v=b3',
  'referer' => 'http://www.enterweb.com/admin.php/index/index',
  'accept-encoding' => 'gzip, deflate',
  'accept-language' => 'zh-CN,zh;q=0.9,en;q=0.8',
  'cookie' => 'pgv_pvi=3287991296; Hm_lvt_b393d153aeb26b46e9431fabaf0f6190=1556955667,1556958658,1557021028,1557134625; PHPSESSID=s9cvtffp9mknvguu36gubocvop',
)
[ info ] [ PARAM ] array (
)
[ info ] [ VIEW ] D:\wamp64\www\enterweb\application\admin\view\login\login.html [ array (
) ]
---------------------------------------------------------------
[2019-07-31T14:33:20+08:00] 127.0.0.1 GET www.enterweb.com/admin.php/captcha.html
[运行时间：0.081004s] [吞吐率：12.35req/s] [内存消耗：1,872.92kb] [文件加载：54]
[ info ] [ LANG ] D:\wamp64\www\enterweb\thinkphp\lang\zh-cn.php
[ info ] [ BIND ] 'admin'
[ info ] [ ROUTE ] array (
  'rule' => 'captcha/<id?>',
  'route' => '\\think\\captcha\\CaptchaController@index',
  'option' => 
  array (
    'merge_rule_regex' => false,
  ),
  'var' => 
  array (
  ),
)
[ info ] [ HEADER ] array (
  'host' => 'www.enterweb.com',
  'connection' => 'keep-alive',
  'pragma' => 'no-cache',
  'cache-control' => 'no-cache',
  'user-agent' => 'Mozilla/5.0 (Windows NT 6.1; Win64; x64) AppleWebKit/537.36 (KHTML, like Gecko) Chrome/75.0.3770.142 Safari/537.36',
  'accept' => 'image/webp,image/apng,image/*,*/*;q=0.8',
  'referer' => 'http://www.enterweb.com/admin.php/login/login.html',
  'accept-encoding' => 'gzip, deflate',
  'accept-language' => 'zh-CN,zh;q=0.9,en;q=0.8',
  'cookie' => 'pgv_pvi=3287991296; Hm_lvt_b393d153aeb26b46e9431fabaf0f6190=1556955667,1556958658,1557021028,1557134625; PHPSESSID=s9cvtffp9mknvguu36gubocvop',
)
[ info ] [ PARAM ] array (
)
---------------------------------------------------------------
[2019-07-31T14:33:56+08:00] 127.0.0.1 POST www.enterweb.com/admin.php/login/dologin.html
[运行时间：0.131007s] [吞吐率：7.63req/s] [内存消耗：4,247.59kb] [文件加载：80]
[ info ] [ LANG ] D:\wamp64\www\enterweb\thinkphp\lang\zh-cn.php
[ info ] [ BIND ] 'admin'
[ info ] [ ROUTE ] array (
)
[ info ] [ HEADER ] array (
  'host' => 'www.enterweb.com',
  'connection' => 'keep-alive',
  'content-length' => '43',
  'accept' => 'application/json, text/javascript, */*; q=0.01',
  'origin' => 'http://www.enterweb.com',
  'x-requested-with' => 'XMLHttpRequest',
  'user-agent' => 'Mozilla/5.0 (Windows NT 6.1; Win64; x64) AppleWebKit/537.36 (KHTML, like Gecko) Chrome/75.0.3770.142 Safari/537.36',
  'content-type' => 'application/x-www-form-urlencoded; charset=UTF-8',
  'referer' => 'http://www.enterweb.com/admin.php/login/login.html',
  'accept-encoding' => 'gzip, deflate',
  'accept-language' => 'zh-CN,zh;q=0.9,en;q=0.8',
  'cookie' => 'pgv_pvi=3287991296; Hm_lvt_b393d153aeb26b46e9431fabaf0f6190=1556955667,1556958658,1557021028,1557134625; PHPSESSID=s9cvtffp9mknvguu36gubocvop',
)
[ info ] [ PARAM ] array (
  'username' => 'admin',
  'password' => '123456',
  'captcha' => 'jie3',
)
[ info ] [ DB ] INIT mysql
[ sql ] [ DB ] CONNECT:[ UseTime:0.002000s ] mysql:host=127.0.0.1;dbname=enterweb;charset=utf8
[ sql ] [ SQL ] SHOW COLUMNS FROM `user` [ RunTime:0.001000s ]
[ sql ] [ SQL ] SELECT * FROM `user` WHERE  `username` = 'admin' LIMIT 1 [ RunTime:0.000000s ]
---------------------------------------------------------------
[2019-07-31T14:33:56+08:00] 127.0.0.1 GET www.enterweb.com/admin.php/captcha.html?rand=0.08700470052341758
[运行时间：0.026002s] [吞吐率：38.46req/s] [内存消耗：1,872.59kb] [文件加载：54]
[ info ] [ LANG ] D:\wamp64\www\enterweb\thinkphp\lang\zh-cn.php
[ info ] [ BIND ] 'admin'
[ info ] [ ROUTE ] array (
  'rule' => 'captcha/<id?>',
  'route' => '\\think\\captcha\\CaptchaController@index',
  'option' => 
  array (
    'merge_rule_regex' => false,
  ),
  'var' => 
  array (
  ),
)
[ info ] [ HEADER ] array (
  'host' => 'www.enterweb.com',
  'connection' => 'keep-alive',
  'user-agent' => 'Mozilla/5.0 (Windows NT 6.1; Win64; x64) AppleWebKit/537.36 (KHTML, like Gecko) Chrome/75.0.3770.142 Safari/537.36',
  'accept' => 'image/webp,image/apng,image/*,*/*;q=0.8',
  'referer' => 'http://www.enterweb.com/admin.php/login/login.html',
  'accept-encoding' => 'gzip, deflate',
  'accept-language' => 'zh-CN,zh;q=0.9,en;q=0.8',
  'cookie' => 'pgv_pvi=3287991296; Hm_lvt_b393d153aeb26b46e9431fabaf0f6190=1556955667,1556958658,1557021028,1557134625; PHPSESSID=s9cvtffp9mknvguu36gubocvop',
)
[ info ] [ PARAM ] array (
  'rand' => '0.08700470052341758',
)
---------------------------------------------------------------
[2019-07-31T14:34:03+08:00] 127.0.0.1 POST www.enterweb.com/admin.php/login/dologin.html
[运行时间：0.042003s] [吞吐率：23.81req/s] [内存消耗：4,247.59kb] [文件加载：80]
[ info ] [ LANG ] D:\wamp64\www\enterweb\thinkphp\lang\zh-cn.php
[ info ] [ BIND ] 'admin'
[ info ] [ ROUTE ] array (
)
[ info ] [ HEADER ] array (
  'host' => 'www.enterweb.com',
  'connection' => 'keep-alive',
  'content-length' => '43',
  'accept' => 'application/json, text/javascript, */*; q=0.01',
  'origin' => 'http://www.enterweb.com',
  'x-requested-with' => 'XMLHttpRequest',
  'user-agent' => 'Mozilla/5.0 (Windows NT 6.1; Win64; x64) AppleWebKit/537.36 (KHTML, like Gecko) Chrome/75.0.3770.142 Safari/537.36',
  'content-type' => 'application/x-www-form-urlencoded; charset=UTF-8',
  'referer' => 'http://www.enterweb.com/admin.php/login/login.html',
  'accept-encoding' => 'gzip, deflate',
  'accept-language' => 'zh-CN,zh;q=0.9,en;q=0.8',
  'cookie' => 'pgv_pvi=3287991296; Hm_lvt_b393d153aeb26b46e9431fabaf0f6190=1556955667,1556958658,1557021028,1557134625; PHPSESSID=s9cvtffp9mknvguu36gubocvop',
)
[ info ] [ PARAM ] array (
  'username' => 'admin',
  'password' => '123456',
  'captcha' => '7z1e',
)
[ info ] [ DB ] INIT mysql
[ sql ] [ DB ] CONNECT:[ UseTime:0.001000s ] mysql:host=127.0.0.1;dbname=enterweb;charset=utf8
[ sql ] [ SQL ] SHOW COLUMNS FROM `user` [ RunTime:0.001001s ]
[ sql ] [ SQL ] SELECT * FROM `user` WHERE  `username` = 'admin' LIMIT 1 [ RunTime:0.000000s ]
---------------------------------------------------------------
[2019-07-31T14:34:03+08:00] 127.0.0.1 GET www.enterweb.com/admin.php/captcha.html?rand=0.3535133221745004
[运行时间：0.040003s] [吞吐率：25.00req/s] [内存消耗：1,872.59kb] [文件加载：54]
[ info ] [ LANG ] D:\wamp64\www\enterweb\thinkphp\lang\zh-cn.php
[ info ] [ BIND ] 'admin'
[ info ] [ ROUTE ] array (
  'rule' => 'captcha/<id?>',
  'route' => '\\think\\captcha\\CaptchaController@index',
  'option' => 
  array (
    'merge_rule_regex' => false,
  ),
  'var' => 
  array (
  ),
)
[ info ] [ HEADER ] array (
  'host' => 'www.enterweb.com',
  'connection' => 'keep-alive',
  'user-agent' => 'Mozilla/5.0 (Windows NT 6.1; Win64; x64) AppleWebKit/537.36 (KHTML, like Gecko) Chrome/75.0.3770.142 Safari/537.36',
  'accept' => 'image/webp,image/apng,image/*,*/*;q=0.8',
  'referer' => 'http://www.enterweb.com/admin.php/login/login.html',
  'accept-encoding' => 'gzip, deflate',
  'accept-language' => 'zh-CN,zh;q=0.9,en;q=0.8',
  'cookie' => 'pgv_pvi=3287991296; Hm_lvt_b393d153aeb26b46e9431fabaf0f6190=1556955667,1556958658,1557021028,1557134625; PHPSESSID=s9cvtffp9mknvguu36gubocvop',
)
[ info ] [ PARAM ] array (
  'rand' => '0.3535133221745004',
)
---------------------------------------------------------------
[2019-07-31T14:34:07+08:00] 127.0.0.1 POST www.enterweb.com/admin.php/login/dologin.html
[运行时间：0.048003s] [吞吐率：20.83req/s] [内存消耗：4,247.34kb] [文件加载：80]
[ info ] [ LANG ] D:\wamp64\www\enterweb\thinkphp\lang\zh-cn.php
[ info ] [ BIND ] 'admin'
[ info ] [ ROUTE ] array (
)
[ info ] [ HEADER ] array (
  'host' => 'www.enterweb.com',
  'connection' => 'keep-alive',
  'content-length' => '43',
  'accept' => 'application/json, text/javascript, */*; q=0.01',
  'origin' => 'http://www.enterweb.com',
  'x-requested-with' => 'XMLHttpRequest',
  'user-agent' => 'Mozilla/5.0 (Windows NT 6.1; Win64; x64) AppleWebKit/537.36 (KHTML, like Gecko) Chrome/75.0.3770.142 Safari/537.36',
  'content-type' => 'application/x-www-form-urlencoded; charset=UTF-8',
  'referer' => 'http://www.enterweb.com/admin.php/login/login.html',
  'accept-encoding' => 'gzip, deflate',
  'accept-language' => 'zh-CN,zh;q=0.9,en;q=0.8',
  'cookie' => 'pgv_pvi=3287991296; Hm_lvt_b393d153aeb26b46e9431fabaf0f6190=1556955667,1556958658,1557021028,1557134625; PHPSESSID=s9cvtffp9mknvguu36gubocvop',
)
[ info ] [ PARAM ] array (
  'username' => 'admin',
  'password' => '123456',
  'captcha' => 'l2pf',
)
[ info ] [ DB ] INIT mysql
[ sql ] [ DB ] CONNECT:[ UseTime:0.011000s ] mysql:host=127.0.0.1;dbname=enterweb;charset=utf8
[ sql ] [ SQL ] SHOW COLUMNS FROM `user` [ RunTime:0.001000s ]
[ sql ] [ SQL ] SELECT * FROM `user` WHERE  `username` = 'admin' LIMIT 1 [ RunTime:0.001000s ]
---------------------------------------------------------------
[2019-07-31T14:34:09+08:00] 127.0.0.1 GET www.enterweb.com/admin.php/index/index.html
[运行时间：0.061003s] [吞吐率：16.39req/s] [内存消耗：2,514.24kb] [文件加载：68]
[ info ] [ LANG ] D:\wamp64\www\enterweb\thinkphp\lang\zh-cn.php
[ info ] [ BIND ] 'admin'
[ info ] [ ROUTE ] array (
)
[ info ] [ HEADER ] array (
  'host' => 'www.enterweb.com',
  'connection' => 'keep-alive',
  'upgrade-insecure-requests' => '1',
  'user-agent' => 'Mozilla/5.0 (Windows NT 6.1; Win64; x64) AppleWebKit/537.36 (KHTML, like Gecko) Chrome/75.0.3770.142 Safari/537.36',
  'accept' => 'text/html,application/xhtml+xml,application/xml;q=0.9,image/webp,image/apng,*/*;q=0.8,application/signed-exchange;v=b3',
  'referer' => 'http://www.enterweb.com/admin.php/login/login.html',
  'accept-encoding' => 'gzip, deflate',
  'accept-language' => 'zh-CN,zh;q=0.9,en;q=0.8',
  'cookie' => 'pgv_pvi=3287991296; Hm_lvt_b393d153aeb26b46e9431fabaf0f6190=1556955667,1556958658,1557021028,1557134625; PHPSESSID=s9cvtffp9mknvguu36gubocvop',
)
[ info ] [ PARAM ] array (
)
[ info ] [ VIEW ] D:\wamp64\www\enterweb\application\admin\view\index\index.html [ array (
  0 => 'username',
) ]
---------------------------------------------------------------
[2019-07-31T14:34:09+08:00] 127.0.0.1 GET www.enterweb.com/admin.php/index/welcome.html
[运行时间：0.054003s] [吞吐率：18.52req/s] [内存消耗：2,431.09kb] [文件加载：66]
[ info ] [ LANG ] D:\wamp64\www\enterweb\thinkphp\lang\zh-cn.php
[ info ] [ BIND ] 'admin'
[ info ] [ ROUTE ] array (
)
[ info ] [ HEADER ] array (
  'host' => 'www.enterweb.com',
  'connection' => 'keep-alive',
  'upgrade-insecure-requests' => '1',
  'user-agent' => 'Mozilla/5.0 (Windows NT 6.1; Win64; x64) AppleWebKit/537.36 (KHTML, like Gecko) Chrome/75.0.3770.142 Safari/537.36',
  'accept' => 'text/html,application/xhtml+xml,application/xml;q=0.9,image/webp,image/apng,*/*;q=0.8,application/signed-exchange;v=b3',
  'referer' => 'http://www.enterweb.com/admin.php/index/index.html',
  'accept-encoding' => 'gzip, deflate',
  'accept-language' => 'zh-CN,zh;q=0.9,en;q=0.8',
  'cookie' => 'pgv_pvi=3287991296; Hm_lvt_b393d153aeb26b46e9431fabaf0f6190=1556955667,1556958658,1557021028,1557134625; PHPSESSID=s9cvtffp9mknvguu36gubocvop',
)
[ info ] [ PARAM ] array (
)
[ info ] [ VIEW ] D:\wamp64\www\enterweb\application\admin\view\index\welcome.html [ array (
) ]
